{"/Users/festimbunjaku/Herd/EduTrack/resources/js/ssr.tsx": {"path":"/Users/festimbunjaku/Herd/EduTrack/resources/js/ssr.tsx","statementMap":{"0":{"start":{"line":1,"column":0},"end":{"line":1,"column":52}},"1":{"start":{"line":2,"column":0},"end":{"line":2,"column":51}},"2":{"start":{"line":3,"column":0},"end":{"line":3,"column":75}},"3":{"start":{"line":4,"column":0},"end":{"line":4,"column":46}},"4":{"start":{"line":5,"column":0},"end":{"line":5,"column":49}},"5":{"start":{"line":7,"column":16},"end":{"line":7,"column":58}},"6":{"start":{"line":9,"column":0},"end":{"line":30,"column":2}},"7":{"start":{"line":10,"column":4},"end":{"line":29,"column":6}},"8":{"start":{"line":13,"column":26},"end":{"line":13,"column":49}},"9":{"start":{"line":14,"column":27},"end":{"line":14,"column":108}},"10":{"start":{"line":18,"column":12},"end":{"line":24,"column":19}},"11":{"start":{"line":19,"column":16},"end":{"line":24,"column":18}},"12":{"start":{"line":27,"column":12},"end":{"line":27,"column":38}}},"fnMap":{"0":{"name":"(anonymous_1)","decl":{"start":{"line":9,"column":13},"end":{"line":9,"column":14}},"loc":{"start":{"line":10,"column":4},"end":{"line":29,"column":6}}},"1":{"name":"(anonymous_2)","decl":{"start":{"line":13,"column":15},"end":{"line":13,"column":16}},"loc":{"start":{"line":13,"column":26},"end":{"line":13,"column":49}}},"2":{"name":"(anonymous_3)","decl":{"start":{"line":14,"column":17},"end":{"line":14,"column":18}},"loc":{"start":{"line":14,"column":27},"end":{"line":14,"column":108}}},"3":{"name":"(anonymous_4)","decl":{"start":{"line":15,"column":15},"end":{"line":15,"column":16}},"loc":{"start":{"line":15,"column":34},"end":{"line":28,"column":9}}},"4":{"name":"(anonymous_5)","decl":{"start":{"line":18,"column":38},"end":{"line":18,"column":39}},"loc":{"start":{"line":19,"column":16},"end":{"line":24,"column":18}}}},"branchMap":{"0":{"loc":{"start":{"line":7,"column":16},"end":{"line":7,"column":58}},"type":"binary-expr","locations":[{"start":{"line":7,"column":16},"end":{"line":7,"column":45}},{"start":{"line":7,"column":49},"end":{"line":7,"column":58}}]}},"s":{"0":0,"1":0,"2":0,"3":0,"4":0,"5":0,"6":0,"7":0,"8":0,"9":0,"10":0,"11":0,"12":0},"f":{"0":0,"1":0,"2":0,"3":0,"4":0},"b":{"0":[0,0]}}
,"/Users/festimbunjaku/Herd/EduTrack/resources/js/components/Pagination.tsx": {"path":"/Users/festimbunjaku/Herd/EduTrack/resources/js/components/Pagination.tsx","statementMap":{"0":{"start":{"line":13,"column":0},"end":{"line":13,"column":24}},"1":{"start":{"line":1,"column":0},"end":{"line":1,"column":40}},"2":{"start":{"line":2,"column":0},"end":{"line":2,"column":33}},"3":{"start":{"line":15,"column":2},"end":{"line":17,"column":3}},"4":{"start":{"line":16,"column":4},"end":{"line":16,"column":16}},"5":{"start":{"line":19,"column":2},"end":{"line":47,"column":4}},"6":{"start":{"line":23,"column":8},"end":{"line":25,"column":9}},"7":{"start":{"line":24,"column":10},"end":{"line":24,"column":22}},"8":{"start":{"line":28,"column":8},"end":{"line":44,"column":10}}},"fnMap":{"0":{"name":"Pagination","decl":{"start":{"line":13,"column":24},"end":{"line":13,"column":34}},"loc":{"start":{"line":13,"column":77},"end":{"line":48,"column":1}}},"1":{"name":"(anonymous_1)","decl":{"start":{"line":21,"column":17},"end":{"line":21,"column":18}},"loc":{"start":{"line":21,"column":31},"end":{"line":45,"column":7}}}},"branchMap":{"0":{"loc":{"start":{"line":13,"column":44},"end":{"line":13,"column":58}},"type":"default-arg","locations":[{"start":{"line":13,"column":56},"end":{"line":13,"column":58}}]},"1":{"loc":{"start":{"line":15,"column":2},"end":{"line":17,"column":3}},"type":"if","locations":[{"start":{"line":15,"column":2},"end":{"line":17,"column":3}}]},"2":{"loc":{"start":{"line":15,"column":6},"end":{"line":15,"column":33}},"type":"binary-expr","locations":[{"start":{"line":15,"column":6},"end":{"line":15,"column":12}},{"start":{"line":15,"column":16},"end":{"line":15,"column":33}}]},"3":{"loc":{"start":{"line":23,"column":8},"end":{"line":25,"column":9}},"type":"if","locations":[{"start":{"line":23,"column":8},"end":{"line":25,"column":9}}]},"4":{"loc":{"start":{"line":23,"column":13},"end":{"line":23,"column":65}},"type":"binary-expr","locations":[{"start":{"line":23,"column":13},"end":{"line":23,"column":22}},{"start":{"line":23,"column":27},"end":{"line":23,"column":36}},{"start":{"line":23,"column":40},"end":{"line":23,"column":64}}]},"5":{"loc":{"start":{"line":31,"column":18},"end":{"line":31,"column":33}},"type":"binary-expr","locations":[{"start":{"line":31,"column":18},"end":{"line":31,"column":26}},{"start":{"line":31,"column":30},"end":{"line":31,"column":33}}]},"6":{"loc":{"start":{"line":36,"column":91},"end":{"line":36,"column":115}},"type":"binary-expr","locations":[{"start":{"line":36,"column":91},"end":{"line":36,"column":103}},{"start":{"line":36,"column":107},"end":{"line":36,"column":115}}]}},"s":{"0":1,"1":1,"2":1,"3":9,"4":9,"5":0,"6":0,"7":0,"8":0},"f":{"0":9,"1":0},"b":{"0":[9],"1":[9],"2":[9,0],"3":[0],"4":[0,0,0],"5":[0,0],"6":[0,0]}}
,"/Users/festimbunjaku/Herd/EduTrack/resources/js/components/Todo.tsx": {"path":"/Users/festimbunjaku/Herd/EduTrack/resources/js/components/Todo.tsx","statementMap":{"0":{"start":{"line":12,"column":0},"end":{"line":12,"column":24}},"1":{"start":{"line":1,"column":0},"end":{"line":1,"column":26}},"2":{"start":{"line":2,"column":0},"end":{"line":2,"column":42}},"3":{"start":{"line":3,"column":0},"end":{"line":3,"column":72}},"4":{"start":{"line":13,"column":25},"end":{"line":15,"column":5}},"5":{"start":{"line":14,"column":8},"end":{"line":14,"column":47}},"6":{"start":{"line":17,"column":25},"end":{"line":21,"column":5}},"7":{"start":{"line":18,"column":8},"end":{"line":20,"column":9}},"8":{"start":{"line":19,"column":12},"end":{"line":19,"column":54}},"9":{"start":{"line":23,"column":4},"end":{"line":76,"column":6}}},"fnMap":{"0":{"name":"Todo","decl":{"start":{"line":12,"column":24},"end":{"line":12,"column":28}},"loc":{"start":{"line":12,"column":77},"end":{"line":77,"column":1}}},"1":{"name":"(anonymous_2)","decl":{"start":{"line":13,"column":25},"end":{"line":13,"column":28}},"loc":{"start":{"line":13,"column":30},"end":{"line":15,"column":5}}},"2":{"name":"(anonymous_3)","decl":{"start":{"line":17,"column":25},"end":{"line":17,"column":28}},"loc":{"start":{"line":17,"column":30},"end":{"line":21,"column":5}}}},"branchMap":{"0":{"loc":{"start":{"line":18,"column":8},"end":{"line":20,"column":9}},"type":"if","locations":[{"start":{"line":18,"column":8},"end":{"line":20,"column":9}}]},"1":{"loc":{"start":{"line":30,"column":36},"end":{"line":30,"column":89}},"type":"cond-expr","locations":[{"start":{"line":30,"column":48},"end":{"line":30,"column":68}},{"start":{"line":30,"column":71},"end":{"line":30,"column":89}}]},"2":{"loc":{"start":{"line":32,"column":25},"end":{"line":35,"column":null}},"type":"cond-expr","locations":[{"start":{"line":33,"column":28},"end":{"line":33,"column":79}},{"start":{"line":35,"column":28},"end":{"line":35,"column":58}}]},"3":{"loc":{"start":{"line":40,"column":62},"end":{"line":40,"column":155}},"type":"cond-expr","locations":[{"start":{"line":40,"column":74},"end":{"line":40,"column":121}},{"start":{"line":40,"column":124},"end":{"line":40,"column":155}}]},"4":{"loc":{"start":{"line":43,"column":25},"end":{"line":46,"column":null}},"type":"binary-expr","locations":[{"start":{"line":43,"column":25},"end":{"line":43,"column":36}},{"start":{"line":44,"column":28},"end":{"line":45,"column":null}}]},"5":{"loc":{"start":{"line":44,"column":58},"end":{"line":44,"column":141}},"type":"cond-expr","locations":[{"start":{"line":44,"column":70},"end":{"line":44,"column":104}},{"start":{"line":44,"column":107},"end":{"line":44,"column":141}}]}},"s":{"0":0,"1":0,"2":0,"3":0,"4":0,"5":0,"6":0,"7":0,"8":0,"9":0},"f":{"0":0,"1":0,"2":0},"b":{"0":[0],"1":[0,0],"2":[0,0],"3":[0,0],"4":[0,0],"5":[0,0]}}
,"/Users/festimbunjaku/Herd/EduTrack/resources/js/components/app-content.tsx": {"path":"/Users/festimbunjaku/Herd/EduTrack/resources/js/components/app-content.tsx","statementMap":{"0":{"start":{"line":9,"column":0},"end":{"line":9,"column":16}},"1":{"start":{"line":1,"column":0},"end":{"line":1,"column":55}},"2":{"start":{"line":2,"column":0},"end":{"line":2,"column":58}},"3":{"start":{"line":3,"column":0},"end":{"line":3,"column":31}},"4":{"start":{"line":11,"column":8},"end":{"line":15,"column":null}},"5":{"start":{"line":19,"column":4},"end":{"line":21,"column":5}},"6":{"start":{"line":20,"column":8},"end":{"line":20,"column":65}},"7":{"start":{"line":23,"column":4},"end":{"line":27,"column":6}}},"fnMap":{"0":{"name":"AppContent","decl":{"start":{"line":9,"column":16},"end":{"line":9,"column":26}},"loc":{"start":{"line":9,"column":86},"end":{"line":28,"column":1}}}},"branchMap":{"0":{"loc":{"start":{"line":9,"column":29},"end":{"line":9,"column":47}},"type":"default-arg","locations":[{"start":{"line":9,"column":39},"end":{"line":9,"column":47}}]},"1":{"loc":{"start":{"line":19,"column":4},"end":{"line":21,"column":5}},"type":"if","locations":[{"start":{"line":19,"column":4},"end":{"line":21,"column":5}}]}},"s":{"0":0,"1":0,"2":0,"3":0,"4":0,"5":0,"6":0,"7":0},"f":{"0":0},"b":{"0":[0],"1":[0]}}
,"/Users/festimbunjaku/Herd/EduTrack/resources/js/components/app-header.tsx": {"path":"/Users/festimbunjaku/Herd/EduTrack/resources/js/components/app-header.tsx","statementMap":{"0":{"start":{"line":45,"column":0},"end":{"line":45,"column":16}},"1":{"start":{"line":1,"column":0},"end":{"line":1,"column":55}},"2":{"start":{"line":2,"column":0},"end":{"line":2,"column":41}},"3":{"start":{"line":3,"column":0},"end":{"line":3,"column":77}},"4":{"start":{"line":4,"column":0},"end":{"line":4,"column":48}},"5":{"start":{"line":5,"column":0},"end":{"line":5,"column":103}},"6":{"start":{"line":6,"column":0},"end":{"line":6,"column":133}},"7":{"start":{"line":7,"column":0},"end":{"line":7,"column":99}},"8":{"start":{"line":8,"column":0},"end":{"line":8,"column":99}},"9":{"start":{"line":9,"column":0},"end":{"line":9,"column":65}},"10":{"start":{"line":10,"column":0},"end":{"line":10,"column":51}},"11":{"start":{"line":11,"column":0},"end":{"line":11,"column":33}},"12":{"start":{"line":13,"column":0},"end":{"line":13,"column":49}},"13":{"start":{"line":14,"column":0},"end":{"line":14,"column":74}},"14":{"start":{"line":15,"column":0},"end":{"line":15,"column":33}},"15":{"start":{"line":16,"column":0},"end":{"line":16,"column":42}},"16":{"start":{"line":18,"column":32},"end":{"line":24,"column":2}},"17":{"start":{"line":26,"column":33},"end":{"line":37,"column":2}},"18":{"start":{"line":39,"column":25},"end":{"line":39,"column":85}},"19":{"start":{"line":46,"column":17},"end":{"line":46,"column":38}},"20":{"start":{"line":47,"column":21},"end":{"line":47,"column":31}},"21":{"start":{"line":48,"column":24},"end":{"line":48,"column":37}},"22":{"start":{"line":49,"column":4},"end":{"line":182,"column":6}},"23":{"start":{"line":70,"column":48},"end":{"line":70,"column":71}},"24":{"start":{"line":79,"column":48},"end":{"line":80,"column":null}},"25":{"start":{"line":106,"column":36},"end":{"line":106,"column":68}},"26":{"start":{"line":134,"column":36},"end":{"line":134,"column":70}}},"fnMap":{"0":{"name":"AppHeader","decl":{"start":{"line":45,"column":16},"end":{"line":45,"column":25}},"loc":{"start":{"line":45,"column":62},"end":{"line":183,"column":1}}},"1":{"name":"(anonymous_2)","decl":{"start":{"line":69,"column":62},"end":{"line":69,"column":63}},"loc":{"start":{"line":70,"column":48},"end":{"line":70,"column":71}}},"2":{"name":"(anonymous_3)","decl":{"start":{"line":78,"column":63},"end":{"line":78,"column":64}},"loc":{"start":{"line":79,"column":48},"end":{"line":80,"column":null}}},"3":{"name":"(anonymous_4)","decl":{"start":{"line":105,"column":50},"end":{"line":105,"column":51}},"loc":{"start":{"line":106,"column":36},"end":{"line":106,"column":68}}},"4":{"name":"(anonymous_5)","decl":{"start":{"line":133,"column":51},"end":{"line":133,"column":52}},"loc":{"start":{"line":134,"column":36},"end":{"line":134,"column":70}}}},"branchMap":{"0":{"loc":{"start":{"line":45,"column":28},"end":{"line":45,"column":44}},"type":"default-arg","locations":[{"start":{"line":45,"column":42},"end":{"line":45,"column":44}}]},"1":{"loc":{"start":{"line":71,"column":53},"end":{"line":71,"column":115}},"type":"binary-expr","locations":[{"start":{"line":71,"column":53},"end":{"line":71,"column":62}},{"start":{"line":71,"column":66},"end":{"line":71,"column":115}}]},"2":{"loc":{"start":{"line":86,"column":53},"end":{"line":86,"column":115}},"type":"binary-expr","locations":[{"start":{"line":86,"column":53},"end":{"line":86,"column":62}},{"start":{"line":86,"column":66},"end":{"line":86,"column":115}}]},"3":{"loc":{"start":{"line":111,"column":48},"end":{"line":111,"column":90}},"type":"binary-expr","locations":[{"start":{"line":111,"column":48},"end":{"line":111,"column":70}},{"start":{"line":111,"column":74},"end":{"line":111,"column":90}}]},"4":{"loc":{"start":{"line":115,"column":45},"end":{"line":115,"column":112}},"type":"binary-expr","locations":[{"start":{"line":115,"column":45},"end":{"line":115,"column":54}},{"start":{"line":115,"column":58},"end":{"line":115,"column":112}}]},"5":{"loc":{"start":{"line":118,"column":41},"end":{"line":119,"column":null}},"type":"binary-expr","locations":[{"start":{"line":118,"column":41},"end":{"line":118,"column":63}},{"start":{"line":119,"column":44},"end":{"line":119,"column":143}}]},"6":{"loc":{"start":{"line":144,"column":53},"end":{"line":144,"column":149}},"type":"binary-expr","locations":[{"start":{"line":144,"column":53},"end":{"line":144,"column":62}},{"start":{"line":144,"column":66},"end":{"line":144,"column":149}}]},"7":{"loc":{"start":{"line":174,"column":13},"end":{"line":179,"column":null}},"type":"binary-expr","locations":[{"start":{"line":174,"column":13},"end":{"line":174,"column":35}},{"start":{"line":175,"column":16},"end":{"line":178,"column":null}}]}},"s":{"0":0,"1":0,"2":0,"3":0,"4":0,"5":0,"6":0,"7":0,"8":0,"9":0,"10":0,"11":0,"12":0,"13":0,"14":0,"15":0,"16":0,"17":0,"18":0,"19":0,"20":0,"21":0,"22":0,"23":0,"24":0,"25":0,"26":0},"f":{"0":0,"1":0,"2":0,"3":0,"4":0},"b":{"0":[0],"1":[0,0],"2":[0,0],"3":[0,0],"4":[0,0],"5":[0,0],"6":[0,0],"7":[0,0]}}
,"/Users/festimbunjaku/Herd/EduTrack/resources/js/components/app-logo-icon.tsx": {"path":"/Users/festimbunjaku/Herd/EduTrack/resources/js/components/app-logo-icon.tsx","statementMap":{"0":{"start":{"line":3,"column":0},"end":{"line":3,"column":24}},"1":{"start":{"line":4,"column":4},"end":{"line":14,"column":6}}},"fnMap":{"0":{"name":"AppLogoIcon","decl":{"start":{"line":3,"column":24},"end":{"line":3,"column":35}},"loc":{"start":{"line":3,"column":68},"end":{"line":15,"column":1}}}},"branchMap":{},"s":{"0":1,"1":4},"f":{"0":4},"b":{}}
,"/Users/festimbunjaku/Herd/EduTrack/resources/js/components/app-logo.tsx": {"path":"/Users/festimbunjaku/Herd/EduTrack/resources/js/components/app-logo.tsx","statementMap":{"0":{"start":{"line":3,"column":0},"end":{"line":3,"column":24}},"1":{"start":{"line":1,"column":0},"end":{"line":1,"column":42}},"2":{"start":{"line":4,"column":4},"end":{"line":14,"column":6}}},"fnMap":{"0":{"name":"AppLogo","decl":{"start":{"line":3,"column":24},"end":{"line":3,"column":31}},"loc":{"start":{"line":3,"column":31},"end":{"line":15,"column":1}}}},"branchMap":{},"s":{"0":1,"1":1,"2":4},"f":{"0":4},"b":{}}
,"/Users/festimbunjaku/Herd/EduTrack/resources/js/components/app-shell.tsx": {"path":"/Users/festimbunjaku/Herd/EduTrack/resources/js/components/app-shell.tsx","statementMap":{"0":{"start":{"line":10,"column":0},"end":{"line":10,"column":16}},"1":{"start":{"line":1,"column":0},"end":{"line":1,"column":58}},"2":{"start":{"line":2,"column":0},"end":{"line":2,"column":33}},"3":{"start":{"line":3,"column":0},"end":{"line":3,"column":58}},"4":{"start":{"line":11,"column":32},"end":{"line":11,"column":132}},"5":{"start":{"line":11,"column":48},"end":{"line":11,"column":130}},"6":{"start":{"line":13,"column":32},"end":{"line":19,"column":5}},"7":{"start":{"line":14,"column":8},"end":{"line":14,"column":24}},"8":{"start":{"line":16,"column":8},"end":{"line":18,"column":9}},"9":{"start":{"line":17,"column":12},"end":{"line":17,"column":58}},"10":{"start":{"line":21,"column":4},"end":{"line":28,"column":5}},"11":{"start":{"line":22,"column":8},"end":{"line":27,"column":10}},"12":{"start":{"line":30,"column":4},"end":{"line":35,"column":6}}},"fnMap":{"0":{"name":"AppShell","decl":{"start":{"line":10,"column":16},"end":{"line":10,"column":24}},"loc":{"start":{"line":10,"column":72},"end":{"line":36,"column":1}}},"1":{"name":"(anonymous_1)","decl":{"start":{"line":11,"column":41},"end":{"line":11,"column":44}},"loc":{"start":{"line":11,"column":48},"end":{"line":11,"column":130}}},"2":{"name":"(anonymous_2)","decl":{"start":{"line":13,"column":32},"end":{"line":13,"column":33}},"loc":{"start":{"line":13,"column":50},"end":{"line":19,"column":5}}}},"branchMap":{"0":{"loc":{"start":{"line":10,"column":37},"end":{"line":10,"column":55}},"type":"default-arg","locations":[{"start":{"line":10,"column":47},"end":{"line":10,"column":55}}]},"1":{"loc":{"start":{"line":11,"column":48},"end":{"line":11,"column":130}},"type":"cond-expr","locations":[{"start":{"line":11,"column":80},"end":{"line":11,"column":123}},{"start":{"line":11,"column":126},"end":{"line":11,"column":130}}]},"2":{"loc":{"start":{"line":16,"column":8},"end":{"line":18,"column":9}},"type":"if","locations":[{"start":{"line":16,"column":8},"end":{"line":18,"column":9}}]},"3":{"loc":{"start":{"line":21,"column":4},"end":{"line":28,"column":5}},"type":"if","locations":[{"start":{"line":21,"column":4},"end":{"line":28,"column":5}}]}},"s":{"0":0,"1":0,"2":0,"3":0,"4":0,"5":0,"6":0,"7":0,"8":0,"9":0,"10":0,"11":0,"12":0},"f":{"0":0,"1":0,"2":0},"b":{"0":[0],"1":[0,0],"2":[0],"3":[0]}}
,"/Users/festimbunjaku/Herd/EduTrack/resources/js/components/app-sidebar-header.tsx": {"path":"/Users/festimbunjaku/Herd/EduTrack/resources/js/components/app-sidebar-header.tsx","statementMap":{"0":{"start":{"line":5,"column":0},"end":{"line":5,"column":16}},"1":{"start":{"line":1,"column":0},"end":{"line":1,"column":55}},"2":{"start":{"line":2,"column":0},"end":{"line":2,"column":57}},"3":{"start":{"line":6,"column":4},"end":{"line":13,"column":6}}},"fnMap":{"0":{"name":"AppSidebarHeader","decl":{"start":{"line":5,"column":16},"end":{"line":5,"column":32}},"loc":{"start":{"line":5,"column":93},"end":{"line":14,"column":1}}}},"branchMap":{"0":{"loc":{"start":{"line":5,"column":35},"end":{"line":5,"column":51}},"type":"default-arg","locations":[{"start":{"line":5,"column":49},"end":{"line":5,"column":51}}]}},"s":{"0":0,"1":0,"2":0,"3":0},"f":{"0":0},"b":{"0":[0]}}
,"/Users/festimbunjaku/Herd/EduTrack/resources/js/components/app-sidebar.tsx": {"path":"/Users/festimbunjaku/Herd/EduTrack/resources/js/components/app-sidebar.tsx","statementMap":{"0":{"start":{"line":118,"column":0},"end":{"line":118,"column":16}},"1":{"start":{"line":1,"column":0},"end":{"line":1,"column":52}},"2":{"start":{"line":2,"column":0},"end":{"line":2,"column":48}},"3":{"start":{"line":3,"column":0},"end":{"line":3,"column":48}},"4":{"start":{"line":4,"column":0},"end":{"line":4,"column":145}},"5":{"start":{"line":6,"column":0},"end":{"line":6,"column":49}},"6":{"start":{"line":7,"column":0},"end":{"line":7,"column":136}},"7":{"start":{"line":8,"column":0},"end":{"line":8,"column":33}},"8":{"start":{"line":10,"column":32},"end":{"line":16,"column":2}},"9":{"start":{"line":19,"column":33},"end":{"line":55,"column":2}},"10":{"start":{"line":58,"column":35},"end":{"line":79,"column":2}},"11":{"start":{"line":82,"column":35},"end":{"line":103,"column":2}},"12":{"start":{"line":105,"column":34},"end":{"line":116,"column":2}},"13":{"start":{"line":119,"column":21},"end":{"line":119,"column":36}},"14":{"start":{"line":120,"column":22},"end":{"line":120,"column":44}},"15":{"start":{"line":123,"column":19},"end":{"line":123,"column":21}},"16":{"start":{"line":125,"column":4},"end":{"line":135,"column":5}},"17":{"start":{"line":127,"column":8},"end":{"line":127,"column":38}},"18":{"start":{"line":128,"column":11},"end":{"line":135,"column":5}},"19":{"start":{"line":129,"column":8},"end":{"line":129,"column":57}},"20":{"start":{"line":130,"column":11},"end":{"line":135,"column":5}},"21":{"start":{"line":131,"column":8},"end":{"line":131,"column":57}},"22":{"start":{"line":134,"column":8},"end":{"line":134,"column":37}},"23":{"start":{"line":137,"column":4},"end":{"line":160,"column":6}}},"fnMap":{"0":{"name":"AppSidebar","decl":{"start":{"line":118,"column":16},"end":{"line":118,"column":26}},"loc":{"start":{"line":118,"column":26},"end":{"line":161,"column":1}}}},"branchMap":{"0":{"loc":{"start":{"line":120,"column":22},"end":{"line":120,"column":44}},"type":"binary-expr","locations":[{"start":{"line":120,"column":22},"end":{"line":120,"column":38}},{"start":{"line":120,"column":42},"end":{"line":120,"column":44}}]},"1":{"loc":{"start":{"line":125,"column":4},"end":{"line":135,"column":5}},"type":"if","locations":[{"start":{"line":125,"column":4},"end":{"line":135,"column":5}},{"start":{"line":128,"column":11},"end":{"line":135,"column":5}}]},"2":{"loc":{"start":{"line":128,"column":11},"end":{"line":135,"column":5}},"type":"if","locations":[{"start":{"line":128,"column":11},"end":{"line":135,"column":5}},{"start":{"line":130,"column":11},"end":{"line":135,"column":5}}]},"3":{"loc":{"start":{"line":130,"column":11},"end":{"line":135,"column":5}},"type":"if","locations":[{"start":{"line":130,"column":11},"end":{"line":135,"column":5}},{"start":{"line":132,"column":11},"end":{"line":135,"column":5}}]},"4":{"loc":{"start":{"line":143,"column":40},"end":{"line":143,"column":103}},"type":"cond-expr","locations":[{"start":{"line":143,"column":70},"end":{"line":143,"column":88}},{"start":{"line":143,"column":91},"end":{"line":143,"column":103}}]}},"s":{"0":0,"1":0,"2":0,"3":0,"4":0,"5":0,"6":0,"7":0,"8":0,"9":0,"10":0,"11":0,"12":0,"13":0,"14":0,"15":0,"16":0,"17":0,"18":0,"19":0,"20":0,"21":0,"22":0,"23":0},"f":{"0":0},"b":{"0":[0,0],"1":[0,0],"2":[0,0],"3":[0,0],"4":[0,0]}}
,"/Users/festimbunjaku/Herd/EduTrack/resources/js/components/appearance-dropdown.tsx": {"path":"/Users/festimbunjaku/Herd/EduTrack/resources/js/components/appearance-dropdown.tsx","statementMap":{"0":{"start":{"line":7,"column":0},"end":{"line":7,"column":24}},"1":{"start":{"line":1,"column":0},"end":{"line":1,"column":48}},"2":{"start":{"line":2,"column":0},"end":{"line":2,"column":121}},"3":{"start":{"line":3,"column":0},"end":{"line":3,"column":55}},"4":{"start":{"line":4,"column":0},"end":{"line":4,"column":50}},"5":{"start":{"line":8,"column":45},"end":{"line":8,"column":60}},"6":{"start":{"line":10,"column":27},"end":{"line":19,"column":5}},"7":{"start":{"line":11,"column":8},"end":{"line":18,"column":9}},"8":{"start":{"line":13,"column":16},"end":{"line":13,"column":52}},"9":{"start":{"line":15,"column":16},"end":{"line":15,"column":51}},"10":{"start":{"line":17,"column":16},"end":{"line":17,"column":55}},"11":{"start":{"line":21,"column":4},"end":{"line":52,"column":6}},"12":{"start":{"line":31,"column":53},"end":{"line":31,"column":78}},"13":{"start":{"line":37,"column":53},"end":{"line":37,"column":77}},"14":{"start":{"line":43,"column":53},"end":{"line":43,"column":79}}},"fnMap":{"0":{"name":"AppearanceToggleDropdown","decl":{"start":{"line":7,"column":24},"end":{"line":7,"column":48}},"loc":{"start":{"line":7,"column":109},"end":{"line":53,"column":1}}},"1":{"name":"(anonymous_1)","decl":{"start":{"line":10,"column":27},"end":{"line":10,"column":30}},"loc":{"start":{"line":10,"column":32},"end":{"line":19,"column":5}}},"2":{"name":"(anonymous_2)","decl":{"start":{"line":31,"column":47},"end":{"line":31,"column":50}},"loc":{"start":{"line":31,"column":53},"end":{"line":31,"column":78}}},"3":{"name":"(anonymous_3)","decl":{"start":{"line":37,"column":47},"end":{"line":37,"column":50}},"loc":{"start":{"line":37,"column":53},"end":{"line":37,"column":77}}},"4":{"name":"(anonymous_4)","decl":{"start":{"line":43,"column":47},"end":{"line":43,"column":50}},"loc":{"start":{"line":43,"column":53},"end":{"line":43,"column":79}}}},"branchMap":{"0":{"loc":{"start":{"line":7,"column":51},"end":{"line":7,"column":65}},"type":"default-arg","locations":[{"start":{"line":7,"column":63},"end":{"line":7,"column":65}}]},"1":{"loc":{"start":{"line":11,"column":8},"end":{"line":18,"column":9}},"type":"switch","locations":[{"start":{"line":12,"column":12},"end":{"line":13,"column":52}},{"start":{"line":14,"column":12},"end":{"line":15,"column":51}},{"start":{"line":16,"column":12},"end":{"line":17,"column":55}}]}},"s":{"0":0,"1":0,"2":0,"3":0,"4":0,"5":0,"6":0,"7":0,"8":0,"9":0,"10":0,"11":0,"12":0,"13":0,"14":0},"f":{"0":0,"1":0,"2":0,"3":0,"4":0},"b":{"0":[0],"1":[0,0,0]}}
,"/Users/festimbunjaku/Herd/EduTrack/resources/js/components/appearance-tabs.tsx": {"path":"/Users/festimbunjaku/Herd/EduTrack/resources/js/components/appearance-tabs.tsx","statementMap":{"0":{"start":{"line":6,"column":0},"end":{"line":6,"column":24}},"1":{"start":{"line":1,"column":0},"end":{"line":1,"column":67}},"2":{"start":{"line":2,"column":0},"end":{"line":2,"column":33}},"3":{"start":{"line":3,"column":0},"end":{"line":3,"column":62}},"4":{"start":{"line":7,"column":45},"end":{"line":7,"column":60}},"5":{"start":{"line":9,"column":75},"end":{"line":13,"column":6}},"6":{"start":{"line":15,"column":4},"end":{"line":33,"column":6}},"7":{"start":{"line":18,"column":16},"end":{"line":19,"column":null}},"8":{"start":{"line":20,"column":35},"end":{"line":20,"column":58}}},"fnMap":{"0":{"name":"AppearanceToggleTab","decl":{"start":{"line":6,"column":24},"end":{"line":6,"column":43}},"loc":{"start":{"line":6,"column":104},"end":{"line":34,"column":1}}},"1":{"name":"(anonymous_1)","decl":{"start":{"line":17,"column":22},"end":{"line":17,"column":23}},"loc":{"start":{"line":18,"column":16},"end":{"line":19,"column":null}}},"2":{"name":"(anonymous_2)","decl":{"start":{"line":20,"column":29},"end":{"line":20,"column":32}},"loc":{"start":{"line":20,"column":35},"end":{"line":20,"column":58}}}},"branchMap":{"0":{"loc":{"start":{"line":6,"column":46},"end":{"line":6,"column":60}},"type":"default-arg","locations":[{"start":{"line":6,"column":58},"end":{"line":6,"column":60}}]},"1":{"loc":{"start":{"line":23,"column":24},"end":{"line":25,"column":140}},"type":"cond-expr","locations":[{"start":{"line":24,"column":30},"end":{"line":24,"column":92}},{"start":{"line":25,"column":30},"end":{"line":25,"column":140}}]}},"s":{"0":0,"1":0,"2":0,"3":0,"4":0,"5":0,"6":0,"7":0,"8":0},"f":{"0":0,"1":0,"2":0},"b":{"0":[0],"1":[0,0]}}
,"/Users/festimbunjaku/Herd/EduTrack/resources/js/components/breadcrumbs.tsx": {"path":"/Users/festimbunjaku/Herd/EduTrack/resources/js/components/breadcrumbs.tsx","statementMap":{"0":{"start":{"line":6,"column":0},"end":{"line":6,"column":16}},"1":{"start":{"line":1,"column":0},"end":{"line":1,"column":141}},"2":{"start":{"line":3,"column":0},"end":{"line":3,"column":40}},"3":{"start":{"line":4,"column":0},"end":{"line":4,"column":33}},"4":{"start":{"line":7,"column":4},"end":{"line":33,"column":6}},"5":{"start":{"line":13,"column":43},"end":{"line":13,"column":75}},"6":{"start":{"line":14,"column":28},"end":{"line":27,"column":30}}},"fnMap":{"0":{"name":"Breadcrumbs","decl":{"start":{"line":6,"column":16},"end":{"line":6,"column":27}},"loc":{"start":{"line":6,"column":82},"end":{"line":34,"column":1}}},"1":{"name":"(anonymous_1)","decl":{"start":{"line":12,"column":41},"end":{"line":12,"column":42}},"loc":{"start":{"line":12,"column":57},"end":{"line":28,"column":25}}}},"branchMap":{"0":{"loc":{"start":{"line":9,"column":13},"end":{"line":30,"column":null}},"type":"binary-expr","locations":[{"start":{"line":9,"column":13},"end":{"line":9,"column":35}},{"start":{"line":10,"column":16},"end":{"line":29,"column":null}}]},"1":{"loc":{"start":{"line":17,"column":41},"end":{"line":22,"column":null}},"type":"cond-expr","locations":[{"start":{"line":18,"column":44},"end":{"line":18,"column":89}},{"start":{"line":20,"column":44},"end":{"line":21,"column":null}}]},"2":{"loc":{"start":{"line":25,"column":37},"end":{"line":25,"column":71}},"type":"binary-expr","locations":[{"start":{"line":25,"column":37},"end":{"line":25,"column":44}},{"start":{"line":25,"column":48},"end":{"line":25,"column":71}}]}},"s":{"0":0,"1":0,"2":0,"3":0,"4":0,"5":0,"6":0},"f":{"0":0,"1":0},"b":{"0":[0,0],"1":[0,0],"2":[0,0]}}
,"/Users/festimbunjaku/Herd/EduTrack/resources/js/components/delete-user.tsx": {"path":"/Users/festimbunjaku/Herd/EduTrack/resources/js/components/delete-user.tsx","statementMap":{"0":{"start":{"line":13,"column":0},"end":{"line":13,"column":24}},"1":{"start":{"line":1,"column":0},"end":{"line":1,"column":43}},"2":{"start":{"line":2,"column":0},"end":{"line":2,"column":49}},"3":{"start":{"line":4,"column":0},"end":{"line":4,"column":50}},"4":{"start":{"line":5,"column":0},"end":{"line":5,"column":48}},"5":{"start":{"line":6,"column":0},"end":{"line":6,"column":46}},"6":{"start":{"line":7,"column":0},"end":{"line":7,"column":46}},"7":{"start":{"line":9,"column":0},"end":{"line":9,"column":54}},"8":{"start":{"line":11,"column":0},"end":{"line":11,"column":137}},"9":{"start":{"line":14,"column":26},"end":{"line":14,"column":56}},"10":{"start":{"line":15,"column":87},"end":{"line":15,"column":144}},"11":{"start":{"line":17,"column":41},"end":{"line":26,"column":5}},"12":{"start":{"line":18,"column":8},"end":{"line":18,"column":27}},"13":{"start":{"line":20,"column":8},"end":{"line":25,"column":11}},"14":{"start":{"line":22,"column":29},"end":{"line":22,"column":41}},"15":{"start":{"line":23,"column":27},"end":{"line":23,"column":57}},"16":{"start":{"line":24,"column":28},"end":{"line":24,"column":35}},"17":{"start":{"line":28,"column":23},"end":{"line":31,"column":5}},"18":{"start":{"line":29,"column":8},"end":{"line":29,"column":22}},"19":{"start":{"line":30,"column":8},"end":{"line":30,"column":16}},"20":{"start":{"line":33,"column":4},"end":{"line":88,"column":6}},"21":{"start":{"line":64,"column":53},"end":{"line":64,"column":88}}},"fnMap":{"0":{"name":"DeleteUser","decl":{"start":{"line":13,"column":24},"end":{"line":13,"column":34}},"loc":{"start":{"line":13,"column":34},"end":{"line":89,"column":1}}},"1":{"name":"(anonymous_2)","decl":{"start":{"line":17,"column":41},"end":{"line":17,"column":42}},"loc":{"start":{"line":17,"column":47},"end":{"line":26,"column":5}}},"2":{"name":"(anonymous_3)","decl":{"start":{"line":22,"column":23},"end":{"line":22,"column":26}},"loc":{"start":{"line":22,"column":29},"end":{"line":22,"column":41}}},"3":{"name":"(anonymous_4)","decl":{"start":{"line":23,"column":21},"end":{"line":23,"column":24}},"loc":{"start":{"line":23,"column":27},"end":{"line":23,"column":57}}},"4":{"name":"(anonymous_5)","decl":{"start":{"line":24,"column":22},"end":{"line":24,"column":25}},"loc":{"start":{"line":24,"column":28},"end":{"line":24,"column":35}}},"5":{"name":"(anonymous_6)","decl":{"start":{"line":28,"column":23},"end":{"line":28,"column":26}},"loc":{"start":{"line":28,"column":28},"end":{"line":31,"column":5}}},"6":{"name":"(anonymous_7)","decl":{"start":{"line":64,"column":46},"end":{"line":64,"column":47}},"loc":{"start":{"line":64,"column":53},"end":{"line":64,"column":88}}}},"branchMap":{},"s":{"0":0,"1":0,"2":0,"3":0,"4":0,"5":0,"6":0,"7":0,"8":0,"9":0,"10":0,"11":0,"12":0,"13":0,"14":0,"15":0,"16":0,"17":0,"18":0,"19":0,"20":0,"21":0},"f":{"0":0,"1":0,"2":0,"3":0,"4":0,"5":0,"6":0},"b":{}}
,"/Users/festimbunjaku/Herd/EduTrack/resources/js/components/flash-message.tsx": {"path":"/Users/festimbunjaku/Herd/EduTrack/resources/js/components/flash-message.tsx","statementMap":{"0":{"start":{"line":13,"column":0},"end":{"line":13,"column":24}},"1":{"start":{"line":1,"column":0},"end":{"line":1,"column":68}},"2":{"start":{"line":2,"column":0},"end":{"line":2,"column":44}},"3":{"start":{"line":3,"column":0},"end":{"line":3,"column":56}},"4":{"start":{"line":4,"column":0},"end":{"line":4,"column":33}},"5":{"start":{"line":19,"column":32},"end":{"line":19,"column":46}},"6":{"start":{"line":21,"column":2},"end":{"line":29,"column":27}},"7":{"start":{"line":22,"column":4},"end":{"line":27,"column":5}},"8":{"start":{"line":23,"column":20},"end":{"line":25,"column":18}},"9":{"start":{"line":24,"column":8},"end":{"line":24,"column":26}},"10":{"start":{"line":26,"column":6},"end":{"line":26,"column":39}},"11":{"start":{"line":26,"column":19},"end":{"line":26,"column":38}},"12":{"start":{"line":28,"column":4},"end":{"line":28,"column":21}},"13":{"start":{"line":31,"column":18},"end":{"line":36,"column":3}},"14":{"start":{"line":32,"column":4},"end":{"line":32,"column":82}},"15":{"start":{"line":32,"column":28},"end":{"line":32,"column":82}},"16":{"start":{"line":33,"column":4},"end":{"line":33,"column":76}},"17":{"start":{"line":33,"column":26},"end":{"line":33,"column":76}},"18":{"start":{"line":34,"column":4},"end":{"line":34,"column":82}},"19":{"start":{"line":34,"column":28},"end":{"line":34,"column":82}},"20":{"start":{"line":35,"column":4},"end":{"line":35,"column":16}},"21":{"start":{"line":38,"column":29},"end":{"line":43,"column":3}},"22":{"start":{"line":39,"column":4},"end":{"line":39,"column":50}},"23":{"start":{"line":39,"column":28},"end":{"line":39,"column":50}},"24":{"start":{"line":40,"column":4},"end":{"line":40,"column":46}},"25":{"start":{"line":40,"column":26},"end":{"line":40,"column":46}},"26":{"start":{"line":41,"column":4},"end":{"line":41,"column":50}},"27":{"start":{"line":41,"column":28},"end":{"line":41,"column":50}},"28":{"start":{"line":42,"column":4},"end":{"line":42,"column":25}},"29":{"start":{"line":45,"column":2},"end":{"line":77,"column":4}},"30":{"start":{"line":68,"column":29},"end":{"line":68,"column":46}}},"fnMap":{"0":{"name":"FlashMessage","decl":{"start":{"line":13,"column":24},"end":{"line":13,"column":36}},"loc":{"start":{"line":18,"column":20},"end":{"line":78,"column":1}}},"1":{"name":"(anonymous_1)","decl":{"start":{"line":21,"column":12},"end":{"line":21,"column":15}},"loc":{"start":{"line":21,"column":17},"end":{"line":29,"column":3}}},"2":{"name":"(anonymous_2)","decl":{"start":{"line":23,"column":31},"end":{"line":23,"column":34}},"loc":{"start":{"line":23,"column":36},"end":{"line":25,"column":7}}},"3":{"name":"(anonymous_3)","decl":{"start":{"line":26,"column":13},"end":{"line":26,"column":16}},"loc":{"start":{"line":26,"column":19},"end":{"line":26,"column":38}}},"4":{"name":"(anonymous_4)","decl":{"start":{"line":31,"column":18},"end":{"line":31,"column":21}},"loc":{"start":{"line":31,"column":23},"end":{"line":36,"column":3}}},"5":{"name":"(anonymous_5)","decl":{"start":{"line":38,"column":29},"end":{"line":38,"column":32}},"loc":{"start":{"line":38,"column":34},"end":{"line":43,"column":3}}},"6":{"name":"(anonymous_6)","decl":{"start":{"line":68,"column":23},"end":{"line":68,"column":26}},"loc":{"start":{"line":68,"column":29},"end":{"line":68,"column":46}}}},"branchMap":{"0":{"loc":{"start":{"line":16,"column":2},"end":{"line":16,"column":17}},"type":"default-arg","locations":[{"start":{"line":16,"column":13},"end":{"line":16,"column":17}}]},"1":{"loc":{"start":{"line":17,"column":2},"end":{"line":17,"column":17}},"type":"default-arg","locations":[{"start":{"line":17,"column":13},"end":{"line":17,"column":17}}]},"2":{"loc":{"start":{"line":22,"column":4},"end":{"line":27,"column":5}},"type":"if","locations":[{"start":{"line":22,"column":4},"end":{"line":27,"column":5}}]},"3":{"loc":{"start":{"line":32,"column":4},"end":{"line":32,"column":82}},"type":"if","locations":[{"start":{"line":32,"column":4},"end":{"line":32,"column":82}}]},"4":{"loc":{"start":{"line":33,"column":4},"end":{"line":33,"column":76}},"type":"if","locations":[{"start":{"line":33,"column":4},"end":{"line":33,"column":76}}]},"5":{"loc":{"start":{"line":34,"column":4},"end":{"line":34,"column":82}},"type":"if","locations":[{"start":{"line":34,"column":4},"end":{"line":34,"column":82}}]},"6":{"loc":{"start":{"line":39,"column":4},"end":{"line":39,"column":50}},"type":"if","locations":[{"start":{"line":39,"column":4},"end":{"line":39,"column":50}}]},"7":{"loc":{"start":{"line":40,"column":4},"end":{"line":40,"column":46}},"type":"if","locations":[{"start":{"line":40,"column":4},"end":{"line":40,"column":46}}]},"8":{"loc":{"start":{"line":41,"column":4},"end":{"line":41,"column":50}},"type":"if","locations":[{"start":{"line":41,"column":4},"end":{"line":41,"column":50}}]},"9":{"loc":{"start":{"line":47,"column":7},"end":{"line":74,"column":null}},"type":"binary-expr","locations":[{"start":{"line":47,"column":7},"end":{"line":47,"column":14}},{"start":{"line":48,"column":8},"end":{"line":73,"column":null}}]}},"s":{"0":0,"1":0,"2":0,"3":0,"4":0,"5":0,"6":0,"7":0,"8":0,"9":0,"10":0,"11":0,"12":0,"13":0,"14":0,"15":0,"16":0,"17":0,"18":0,"19":0,"20":0,"21":0,"22":0,"23":0,"24":0,"25":0,"26":0,"27":0,"28":0,"29":0,"30":0},"f":{"0":0,"1":0,"2":0,"3":0,"4":0,"5":0,"6":0},"b":{"0":[0],"1":[0],"2":[0],"3":[0],"4":[0],"5":[0],"6":[0],"7":[0],"8":[0],"9":[0,0]}}
,"/Users/festimbunjaku/Herd/EduTrack/resources/js/components/heading-small.tsx": {"path":"/Users/festimbunjaku/Herd/EduTrack/resources/js/components/heading-small.tsx","statementMap":{"0":{"start":{"line":1,"column":0},"end":{"line":1,"column":24}},"1":{"start":{"line":2,"column":4},"end":{"line":7,"column":6}}},"fnMap":{"0":{"name":"HeadingSmall","decl":{"start":{"line":1,"column":24},"end":{"line":1,"column":36}},"loc":{"start":{"line":1,"column":100},"end":{"line":8,"column":1}}}},"branchMap":{"0":{"loc":{"start":{"line":5,"column":13},"end":{"line":5,"column":90}},"type":"binary-expr","locations":[{"start":{"line":5,"column":13},"end":{"line":5,"column":24}},{"start":{"line":5,"column":28},"end":{"line":5,"column":90}}]}},"s":{"0":0,"1":0},"f":{"0":0},"b":{"0":[0,0]}}
,"/Users/festimbunjaku/Herd/EduTrack/resources/js/components/heading.tsx": {"path":"/Users/festimbunjaku/Herd/EduTrack/resources/js/components/heading.tsx","statementMap":{"0":{"start":{"line":1,"column":0},"end":{"line":1,"column":24}},"1":{"start":{"line":2,"column":4},"end":{"line":7,"column":6}}},"fnMap":{"0":{"name":"Heading","decl":{"start":{"line":1,"column":24},"end":{"line":1,"column":31}},"loc":{"start":{"line":1,"column":95},"end":{"line":8,"column":1}}}},"branchMap":{"0":{"loc":{"start":{"line":5,"column":13},"end":{"line":5,"column":90}},"type":"binary-expr","locations":[{"start":{"line":5,"column":13},"end":{"line":5,"column":24}},{"start":{"line":5,"column":28},"end":{"line":5,"column":90}}]}},"s":{"0":0,"1":0},"f":{"0":0},"b":{"0":[0,0]}}
,"/Users/festimbunjaku/Herd/EduTrack/resources/js/components/icon.tsx": {"path":"/Users/festimbunjaku/Herd/EduTrack/resources/js/components/icon.tsx","statementMap":{"0":{"start":{"line":9,"column":0},"end":{"line":9,"column":16}},"1":{"start":{"line":1,"column":0},"end":{"line":1,"column":33}},"2":{"start":{"line":10,"column":4},"end":{"line":10,"column":77}}},"fnMap":{"0":{"name":"Icon","decl":{"start":{"line":9,"column":16},"end":{"line":9,"column":20}},"loc":{"start":{"line":9,"column":80},"end":{"line":11,"column":1}}}},"branchMap":{},"s":{"0":0,"1":0,"2":0},"f":{"0":0},"b":{}}
,"/Users/festimbunjaku/Herd/EduTrack/resources/js/components/input-error.tsx": {"path":"/Users/festimbunjaku/Herd/EduTrack/resources/js/components/input-error.tsx","statementMap":{"0":{"start":{"line":4,"column":0},"end":{"line":4,"column":24}},"1":{"start":{"line":1,"column":0},"end":{"line":1,"column":33}},"2":{"start":{"line":5,"column":4},"end":{"line":9,"column":13}}},"fnMap":{"0":{"name":"InputError","decl":{"start":{"line":4,"column":24},"end":{"line":4,"column":34}},"loc":{"start":{"line":4,"column":133},"end":{"line":10,"column":1}}}},"branchMap":{"0":{"loc":{"start":{"line":4,"column":46},"end":{"line":4,"column":60}},"type":"default-arg","locations":[{"start":{"line":4,"column":58},"end":{"line":4,"column":60}}]},"1":{"loc":{"start":{"line":5,"column":11},"end":{"line":9,"column":12}},"type":"cond-expr","locations":[{"start":{"line":6,"column":8},"end":{"line":7,"column":null}},{"start":{"line":9,"column":8},"end":{"line":9,"column":12}}]}},"s":{"0":1,"1":1,"2":5},"f":{"0":5},"b":{"0":[4],"1":[3,2]}}
,"/Users/festimbunjaku/Herd/EduTrack/resources/js/components/nav-footer.tsx": {"path":"/Users/festimbunjaku/Herd/EduTrack/resources/js/components/nav-footer.tsx","statementMap":{"0":{"start":{"line":6,"column":0},"end":{"line":6,"column":16}},"1":{"start":{"line":1,"column":0},"end":{"line":1,"column":41}},"2":{"start":{"line":2,"column":0},"end":{"line":2,"column":125}},"3":{"start":{"line":13,"column":4},"end":{"line":33,"column":6}},"4":{"start":{"line":18,"column":24},"end":{"line":18,"column":null}}},"fnMap":{"0":{"name":"NavFooter","decl":{"start":{"line":6,"column":16},"end":{"line":6,"column":25}},"loc":{"start":{"line":12,"column":1},"end":{"line":34,"column":1}}},"1":{"name":"(anonymous_1)","decl":{"start":{"line":17,"column":31},"end":{"line":17,"column":32}},"loc":{"start":{"line":18,"column":24},"end":{"line":18,"column":null}}}},"branchMap":{"0":{"loc":{"start":{"line":14,"column":81},"end":{"line":14,"column":96}},"type":"binary-expr","locations":[{"start":{"line":14,"column":81},"end":{"line":14,"column":90}},{"start":{"line":14,"column":94},"end":{"line":14,"column":96}}]},"1":{"loc":{"start":{"line":24,"column":37},"end":{"line":24,"column":99}},"type":"binary-expr","locations":[{"start":{"line":24,"column":37},"end":{"line":24,"column":46}},{"start":{"line":24,"column":50},"end":{"line":24,"column":99}}]}},"s":{"0":0,"1":0,"2":0,"3":0,"4":0},"f":{"0":0,"1":0},"b":{"0":[0,0],"1":[0,0]}}
,"/Users/festimbunjaku/Herd/EduTrack/resources/js/components/nav-main.tsx": {"path":"/Users/festimbunjaku/Herd/EduTrack/resources/js/components/nav-main.tsx","statementMap":{"0":{"start":{"line":5,"column":0},"end":{"line":5,"column":16}},"1":{"start":{"line":1,"column":0},"end":{"line":1,"column":123}},"2":{"start":{"line":3,"column":0},"end":{"line":3,"column":49}},"3":{"start":{"line":6,"column":17},"end":{"line":6,"column":26}},"4":{"start":{"line":7,"column":4},"end":{"line":26,"column":6}},"5":{"start":{"line":12,"column":20},"end":{"line":12,"column":null}}},"fnMap":{"0":{"name":"NavMain","decl":{"start":{"line":5,"column":16},"end":{"line":5,"column":23}},"loc":{"start":{"line":5,"column":60},"end":{"line":27,"column":1}}},"1":{"name":"(anonymous_1)","decl":{"start":{"line":11,"column":27},"end":{"line":11,"column":28}},"loc":{"start":{"line":12,"column":20},"end":{"line":12,"column":null}}}},"branchMap":{"0":{"loc":{"start":{"line":5,"column":26},"end":{"line":5,"column":36}},"type":"default-arg","locations":[{"start":{"line":5,"column":34},"end":{"line":5,"column":36}}]},"1":{"loc":{"start":{"line":18,"column":33},"end":{"line":18,"column":59}},"type":"binary-expr","locations":[{"start":{"line":18,"column":33},"end":{"line":18,"column":42}},{"start":{"line":18,"column":46},"end":{"line":18,"column":59}}]}},"s":{"0":0,"1":0,"2":0,"3":0,"4":0,"5":0},"f":{"0":0,"1":0},"b":{"0":[0],"1":[0,0]}}
,"/Users/festimbunjaku/Herd/EduTrack/resources/js/components/nav-user.tsx": {"path":"/Users/festimbunjaku/Herd/EduTrack/resources/js/components/nav-user.tsx","statementMap":{"0":{"start":{"line":10,"column":0},"end":{"line":10,"column":16}},"1":{"start":{"line":1,"column":0},"end":{"line":1,"column":103}},"2":{"start":{"line":2,"column":0},"end":{"line":2,"column":102}},"3":{"start":{"line":3,"column":0},"end":{"line":3,"column":50}},"4":{"start":{"line":4,"column":0},"end":{"line":4,"column":65}},"5":{"start":{"line":5,"column":0},"end":{"line":5,"column":49}},"6":{"start":{"line":7,"column":0},"end":{"line":7,"column":43}},"7":{"start":{"line":8,"column":0},"end":{"line":8,"column":46}},"8":{"start":{"line":11,"column":21},"end":{"line":11,"column":48}},"9":{"start":{"line":12,"column":22},"end":{"line":12,"column":34}},"10":{"start":{"line":13,"column":21},"end":{"line":13,"column":34}},"11":{"start":{"line":15,"column":4},"end":{"line":35,"column":6}}},"fnMap":{"0":{"name":"NavUser","decl":{"start":{"line":10,"column":16},"end":{"line":10,"column":23}},"loc":{"start":{"line":10,"column":23},"end":{"line":36,"column":1}}}},"branchMap":{"0":{"loc":{"start":{"line":28,"column":30},"end":{"line":28,"column":93}},"type":"cond-expr","locations":[{"start":{"line":28,"column":41},"end":{"line":28,"column":49}},{"start":{"line":28,"column":52},"end":{"line":28,"column":93}}]},"1":{"loc":{"start":{"line":28,"column":52},"end":{"line":28,"column":93}},"type":"cond-expr","locations":[{"start":{"line":28,"column":76},"end":{"line":28,"column":82}},{"start":{"line":28,"column":85},"end":{"line":28,"column":93}}]}},"s":{"0":0,"1":0,"2":0,"3":0,"4":0,"5":0,"6":0,"7":0,"8":0,"9":0,"10":0,"11":0},"f":{"0":0},"b":{"0":[0,0],"1":[0,0]}}
,"/Users/festimbunjaku/Herd/EduTrack/resources/js/components/text-link.tsx": {"path":"/Users/festimbunjaku/Herd/EduTrack/resources/js/components/text-link.tsx","statementMap":{"0":{"start":{"line":7,"column":0},"end":{"line":7,"column":24}},"1":{"start":{"line":1,"column":0},"end":{"line":1,"column":33}},"2":{"start":{"line":2,"column":0},"end":{"line":2,"column":40}},"3":{"start":{"line":8,"column":4},"end":{"line":18,"column":6}}},"fnMap":{"0":{"name":"TextLink","decl":{"start":{"line":7,"column":24},"end":{"line":7,"column":32}},"loc":{"start":{"line":7,"column":82},"end":{"line":19,"column":1}}}},"branchMap":{"0":{"loc":{"start":{"line":7,"column":35},"end":{"line":7,"column":49}},"type":"default-arg","locations":[{"start":{"line":7,"column":47},"end":{"line":7,"column":49}}]}},"s":{"0":0,"1":0,"2":0,"3":0},"f":{"0":0},"b":{"0":[0]}}
,"/Users/festimbunjaku/Herd/EduTrack/resources/js/components/user-info.tsx": {"path":"/Users/festimbunjaku/Herd/EduTrack/resources/js/components/user-info.tsx","statementMap":{"0":{"start":{"line":5,"column":0},"end":{"line":5,"column":16}},"1":{"start":{"line":1,"column":0},"end":{"line":1,"column":77}},"2":{"start":{"line":2,"column":0},"end":{"line":2,"column":51}},"3":{"start":{"line":6,"column":24},"end":{"line":6,"column":37}},"4":{"start":{"line":8,"column":4},"end":{"line":21,"column":6}}},"fnMap":{"0":{"name":"UserInfo","decl":{"start":{"line":5,"column":16},"end":{"line":5,"column":24}},"loc":{"start":{"line":5,"column":89},"end":{"line":22,"column":1}}}},"branchMap":{"0":{"loc":{"start":{"line":5,"column":33},"end":{"line":5,"column":50}},"type":"default-arg","locations":[{"start":{"line":5,"column":45},"end":{"line":5,"column":50}}]},"1":{"loc":{"start":{"line":18,"column":17},"end":{"line":18,"column":106}},"type":"binary-expr","locations":[{"start":{"line":18,"column":17},"end":{"line":18,"column":26}},{"start":{"line":18,"column":30},"end":{"line":18,"column":106}}]}},"s":{"0":0,"1":0,"2":0,"3":0,"4":0},"f":{"0":0},"b":{"0":[0],"1":[0,0]}}
,"/Users/festimbunjaku/Herd/EduTrack/resources/js/components/user-menu-content.tsx": {"path":"/Users/festimbunjaku/Herd/EduTrack/resources/js/components/user-menu-content.tsx","statementMap":{"0":{"start":{"line":12,"column":0},"end":{"line":12,"column":16}},"1":{"start":{"line":1,"column":0},"end":{"line":1,"column":126}},"2":{"start":{"line":2,"column":0},"end":{"line":2,"column":50}},"3":{"start":{"line":3,"column":0},"end":{"line":3,"column":68}},"4":{"start":{"line":5,"column":0},"end":{"line":5,"column":40}},"5":{"start":{"line":6,"column":0},"end":{"line":6,"column":48}},"6":{"start":{"line":13,"column":20},"end":{"line":13,"column":41}},"7":{"start":{"line":15,"column":4},"end":{"line":39,"column":6}}},"fnMap":{"0":{"name":"UserMenuContent","decl":{"start":{"line":12,"column":16},"end":{"line":12,"column":31}},"loc":{"start":{"line":12,"column":62},"end":{"line":40,"column":1}}}},"branchMap":{},"s":{"0":0,"1":0,"2":0,"3":0,"4":0,"5":0,"6":0,"7":0},"f":{"0":0},"b":{}}
,"/Users/festimbunjaku/Herd/EduTrack/resources/js/components/ui/alert-dialog.tsx": {"path":"/Users/festimbunjaku/Herd/EduTrack/resources/js/components/ui/alert-dialog.tsx","statementMap":{"0":{"start":{"line":1,"column":0},"end":{"line":1,"column":30}},"1":{"start":{"line":2,"column":0},"end":{"line":2,"column":68}},"2":{"start":{"line":4,"column":0},"end":{"line":4,"column":32}},"3":{"start":{"line":5,"column":0},"end":{"line":5,"column":55}},"4":{"start":{"line":7,"column":20},"end":{"line":7,"column":45}},"5":{"start":{"line":128,"column":2},"end":{"line":128,"column":13}},"6":{"start":{"line":9,"column":27},"end":{"line":9,"column":55}},"7":{"start":{"line":131,"column":2},"end":{"line":131,"column":20}},"8":{"start":{"line":11,"column":26},"end":{"line":11,"column":53}},"9":{"start":{"line":129,"column":2},"end":{"line":129,"column":19}},"10":{"start":{"line":13,"column":27},"end":{"line":25,"column":2}},"11":{"start":{"line":17,"column":2},"end":{"line":23,"column":null}},"12":{"start":{"line":130,"column":2},"end":{"line":130,"column":20}},"13":{"start":{"line":26,"column":0},"end":{"line":26,"column":null}},"14":{"start":{"line":28,"column":27},"end":{"line":43,"column":2}},"15":{"start":{"line":32,"column":2},"end":{"line":41,"column":null}},"16":{"start":{"line":132,"column":2},"end":{"line":132,"column":20}},"17":{"start":{"line":44,"column":0},"end":{"line":44,"column":null}},"18":{"start":{"line":46,"column":26},"end":{"line":56,"column":null}},"19":{"start":{"line":50,"column":2},"end":{"line":55,"column":null}},"20":{"start":{"line":133,"column":2},"end":{"line":133,"column":19}},"21":{"start":{"line":58,"column":0},"end":{"line":58,"column":null}},"22":{"start":{"line":60,"column":26},"end":{"line":70,"column":null}},"23":{"start":{"line":64,"column":2},"end":{"line":69,"column":null}},"24":{"start":{"line":134,"column":2},"end":{"line":134,"column":19}},"25":{"start":{"line":72,"column":0},"end":{"line":72,"column":null}},"26":{"start":{"line":74,"column":25},"end":{"line":83,"column":2}},"27":{"start":{"line":78,"column":2},"end":{"line":81,"column":null}},"28":{"start":{"line":135,"column":2},"end":{"line":135,"column":18}},"29":{"start":{"line":84,"column":0},"end":{"line":84,"column":null}},"30":{"start":{"line":86,"column":31},"end":{"line":95,"column":2}},"31":{"start":{"line":90,"column":2},"end":{"line":93,"column":null}},"32":{"start":{"line":136,"column":2},"end":{"line":136,"column":24}},"33":{"start":{"line":96,"column":0},"end":{"line":97,"column":null}},"34":{"start":{"line":99,"column":26},"end":{"line":108,"column":2}},"35":{"start":{"line":103,"column":2},"end":{"line":106,"column":null}},"36":{"start":{"line":137,"column":2},"end":{"line":137,"column":19}},"37":{"start":{"line":109,"column":0},"end":{"line":109,"column":null}},"38":{"start":{"line":111,"column":26},"end":{"line":124,"column":2}},"39":{"start":{"line":115,"column":2},"end":{"line":122,"column":null}},"40":{"start":{"line":138,"column":2},"end":{"line":138,"column":19}},"41":{"start":{"line":125,"column":0},"end":{"line":125,"column":null}}},"fnMap":{"0":{"name":"(anonymous_9)","decl":{"start":{"line":16,"column":2},"end":{"line":16,"column":3}},"loc":{"start":{"line":17,"column":2},"end":{"line":23,"column":null}}},"1":{"name":"(anonymous_10)","decl":{"start":{"line":31,"column":2},"end":{"line":31,"column":3}},"loc":{"start":{"line":32,"column":2},"end":{"line":41,"column":null}}},"2":{"name":"(anonymous_11)","decl":{"start":{"line":46,"column":26},"end":{"line":46,"column":27}},"loc":{"start":{"line":50,"column":2},"end":{"line":55,"column":null}}},"3":{"name":"(anonymous_12)","decl":{"start":{"line":60,"column":26},"end":{"line":60,"column":27}},"loc":{"start":{"line":64,"column":2},"end":{"line":69,"column":null}}},"4":{"name":"(anonymous_13)","decl":{"start":{"line":77,"column":2},"end":{"line":77,"column":3}},"loc":{"start":{"line":78,"column":2},"end":{"line":81,"column":null}}},"5":{"name":"(anonymous_14)","decl":{"start":{"line":89,"column":2},"end":{"line":89,"column":3}},"loc":{"start":{"line":90,"column":2},"end":{"line":93,"column":null}}},"6":{"name":"(anonymous_15)","decl":{"start":{"line":102,"column":2},"end":{"line":102,"column":3}},"loc":{"start":{"line":103,"column":2},"end":{"line":106,"column":null}}},"7":{"name":"(anonymous_16)","decl":{"start":{"line":114,"column":2},"end":{"line":114,"column":3}},"loc":{"start":{"line":115,"column":2},"end":{"line":122,"column":null}}}},"branchMap":{},"s":{"0":0,"1":0,"2":0,"3":0,"4":0,"5":0,"6":0,"7":0,"8":0,"9":0,"10":0,"11":0,"12":0,"13":0,"14":0,"15":0,"16":0,"17":0,"18":0,"19":0,"20":0,"21":0,"22":0,"23":0,"24":0,"25":0,"26":0,"27":0,"28":0,"29":0,"30":0,"31":0,"32":0,"33":0,"34":0,"35":0,"36":0,"37":0,"38":0,"39":0,"40":0,"41":0},"f":{"0":0,"1":0,"2":0,"3":0,"4":0,"5":0,"6":0,"7":0},"b":{}}
,"/Users/festimbunjaku/Herd/EduTrack/resources/js/components/ui/alert.tsx": {"path":"/Users/festimbunjaku/Herd/EduTrack/resources/js/components/ui/alert.tsx","statementMap":{"0":{"start":{"line":66,"column":9},"end":{"line":66,"column":14}},"1":{"start":{"line":66,"column":16},"end":{"line":66,"column":26}},"2":{"start":{"line":66,"column":28},"end":{"line":66,"column":44}},"3":{"start":{"line":1,"column":0},"end":{"line":1,"column":30}},"4":{"start":{"line":2,"column":0},"end":{"line":2,"column":65}},"5":{"start":{"line":4,"column":0},"end":{"line":4,"column":32}},"6":{"start":{"line":6,"column":22},"end":{"line":19,"column":null}},"7":{"start":{"line":27,"column":2},"end":{"line":34,"column":null}},"8":{"start":{"line":38,"column":2},"end":{"line":47,"column":null}},"9":{"start":{"line":54,"column":2},"end":{"line":63,"column":null}}},"fnMap":{"0":{"name":"Alert","decl":{"start":{"line":22,"column":9},"end":{"line":22,"column":14}},"loc":{"start":{"line":26,"column":67},"end":{"line":35,"column":1}}},"1":{"name":"AlertTitle","decl":{"start":{"line":37,"column":9},"end":{"line":37,"column":19}},"loc":{"start":{"line":37,"column":72},"end":{"line":48,"column":1}}},"2":{"name":"AlertDescription","decl":{"start":{"line":50,"column":9},"end":{"line":50,"column":25}},"loc":{"start":{"line":53,"column":30},"end":{"line":64,"column":1}}}},"branchMap":{},"s":{"0":0,"1":0,"2":0,"3":0,"4":0,"5":0,"6":0,"7":0,"8":0,"9":0},"f":{"0":0,"1":0,"2":0},"b":{}}
,"/Users/festimbunjaku/Herd/EduTrack/resources/js/components/ui/avatar.tsx": {"path":"/Users/festimbunjaku/Herd/EduTrack/resources/js/components/ui/avatar.tsx","statementMap":{"0":{"start":{"line":51,"column":9},"end":{"line":51,"column":15}},"1":{"start":{"line":51,"column":17},"end":{"line":51,"column":28}},"2":{"start":{"line":51,"column":30},"end":{"line":51,"column":44}},"3":{"start":{"line":1,"column":0},"end":{"line":1,"column":30}},"4":{"start":{"line":2,"column":0},"end":{"line":2,"column":57}},"5":{"start":{"line":4,"column":0},"end":{"line":4,"column":32}},"6":{"start":{"line":10,"column":2},"end":{"line":19,"column":null}},"7":{"start":{"line":26,"column":2},"end":{"line":32,"column":null}},"8":{"start":{"line":39,"column":2},"end":{"line":48,"column":null}}},"fnMap":{"0":{"name":"Avatar","decl":{"start":{"line":6,"column":9},"end":{"line":6,"column":15}},"loc":{"start":{"line":9,"column":52},"end":{"line":20,"column":1}}},"1":{"name":"AvatarImage","decl":{"start":{"line":22,"column":9},"end":{"line":22,"column":20}},"loc":{"start":{"line":25,"column":53},"end":{"line":33,"column":1}}},"2":{"name":"AvatarFallback","decl":{"start":{"line":35,"column":9},"end":{"line":35,"column":23}},"loc":{"start":{"line":38,"column":56},"end":{"line":49,"column":1}}}},"branchMap":{},"s":{"0":0,"1":0,"2":0,"3":0,"4":0,"5":0,"6":0,"7":0,"8":0},"f":{"0":0,"1":0,"2":0},"b":{}}
,"/Users/festimbunjaku/Herd/EduTrack/resources/js/components/ui/badge.tsx": {"path":"/Users/festimbunjaku/Herd/EduTrack/resources/js/components/ui/badge.tsx","statementMap":{"0":{"start":{"line":46,"column":9},"end":{"line":46,"column":14}},"1":{"start":{"line":1,"column":0},"end":{"line":1,"column":30}},"2":{"start":{"line":2,"column":0},"end":{"line":2,"column":43}},"3":{"start":{"line":3,"column":0},"end":{"line":3,"column":65}},"4":{"start":{"line":5,"column":0},"end":{"line":5,"column":32}},"5":{"start":{"line":7,"column":22},"end":{"line":25,"column":null}},"6":{"start":{"line":46,"column":16},"end":{"line":46,"column":29}},"7":{"start":{"line":35,"column":15},"end":{"line":35,"column":38}},"8":{"start":{"line":37,"column":2},"end":{"line":43,"column":null}}},"fnMap":{"0":{"name":"Badge","decl":{"start":{"line":28,"column":9},"end":{"line":28,"column":14}},"loc":{"start":{"line":34,"column":60},"end":{"line":44,"column":1}}}},"branchMap":{"0":{"loc":{"start":{"line":31,"column":2},"end":{"line":31,"column":17}},"type":"default-arg","locations":[{"start":{"line":31,"column":12},"end":{"line":31,"column":17}}]},"1":{"loc":{"start":{"line":35,"column":15},"end":{"line":35,"column":38}},"type":"cond-expr","locations":[{"start":{"line":35,"column":25},"end":{"line":35,"column":29}},{"start":{"line":35,"column":32},"end":{"line":35,"column":38}}]}},"s":{"0":0,"1":0,"2":0,"3":0,"4":0,"5":0,"6":0,"7":0,"8":0},"f":{"0":0},"b":{"0":[0],"1":[0,0]}}
,"/Users/festimbunjaku/Herd/EduTrack/resources/js/components/ui/breadcrumb.tsx": {"path":"/Users/festimbunjaku/Herd/EduTrack/resources/js/components/ui/breadcrumb.tsx","statementMap":{"0":{"start":{"line":102,"column":2},"end":{"line":102,"column":12}},"1":{"start":{"line":103,"column":2},"end":{"line":103,"column":16}},"2":{"start":{"line":104,"column":2},"end":{"line":104,"column":16}},"3":{"start":{"line":105,"column":2},"end":{"line":105,"column":16}},"4":{"start":{"line":106,"column":2},"end":{"line":106,"column":16}},"5":{"start":{"line":107,"column":2},"end":{"line":107,"column":21}},"6":{"start":{"line":108,"column":2},"end":{"line":108,"column":20}},"7":{"start":{"line":1,"column":0},"end":{"line":1,"column":30}},"8":{"start":{"line":2,"column":0},"end":{"line":2,"column":43}},"9":{"start":{"line":3,"column":0},"end":{"line":3,"column":59}},"10":{"start":{"line":5,"column":0},"end":{"line":5,"column":32}},"11":{"start":{"line":8,"column":2},"end":{"line":8,"column":null}},"12":{"start":{"line":12,"column":2},"end":{"line":21,"column":null}},"13":{"start":{"line":25,"column":2},"end":{"line":31,"column":null}},"14":{"start":{"line":41,"column":15},"end":{"line":41,"column":35}},"15":{"start":{"line":43,"column":2},"end":{"line":49,"column":null}},"16":{"start":{"line":53,"column":2},"end":{"line":62,"column":null}},"17":{"start":{"line":70,"column":2},"end":{"line":80,"column":null}},"18":{"start":{"line":87,"column":2},"end":{"line":98,"column":null}}},"fnMap":{"0":{"name":"Breadcrumb","decl":{"start":{"line":7,"column":9},"end":{"line":7,"column":19}},"loc":{"start":{"line":7,"column":61},"end":{"line":9,"column":1}}},"1":{"name":"BreadcrumbList","decl":{"start":{"line":11,"column":9},"end":{"line":11,"column":23}},"loc":{"start":{"line":11,"column":75},"end":{"line":22,"column":1}}},"2":{"name":"BreadcrumbItem","decl":{"start":{"line":24,"column":9},"end":{"line":24,"column":23}},"loc":{"start":{"line":24,"column":75},"end":{"line":32,"column":1}}},"3":{"name":"BreadcrumbLink","decl":{"start":{"line":34,"column":9},"end":{"line":34,"column":23}},"loc":{"start":{"line":40,"column":1},"end":{"line":50,"column":1}}},"4":{"name":"BreadcrumbPage","decl":{"start":{"line":52,"column":9},"end":{"line":52,"column":23}},"loc":{"start":{"line":52,"column":77},"end":{"line":63,"column":1}}},"5":{"name":"BreadcrumbSeparator","decl":{"start":{"line":65,"column":9},"end":{"line":65,"column":28}},"loc":{"start":{"line":69,"column":29},"end":{"line":81,"column":1}}},"6":{"name":"BreadcrumbEllipsis","decl":{"start":{"line":83,"column":9},"end":{"line":83,"column":27}},"loc":{"start":{"line":86,"column":31},"end":{"line":99,"column":1}}}},"branchMap":{"0":{"loc":{"start":{"line":41,"column":15},"end":{"line":41,"column":35}},"type":"cond-expr","locations":[{"start":{"line":41,"column":25},"end":{"line":41,"column":29}},{"start":{"line":41,"column":32},"end":{"line":41,"column":35}}]},"1":{"loc":{"start":{"line":78,"column":7},"end":{"line":78,"column":35}},"type":"binary-expr","locations":[{"start":{"line":78,"column":7},"end":{"line":78,"column":15}},{"start":{"line":78,"column":19},"end":{"line":78,"column":35}}]}},"s":{"0":0,"1":0,"2":0,"3":0,"4":0,"5":0,"6":0,"7":0,"8":0,"9":0,"10":0,"11":0,"12":0,"13":0,"14":0,"15":0,"16":0,"17":0,"18":0},"f":{"0":0,"1":0,"2":0,"3":0,"4":0,"5":0,"6":0},"b":{"0":[0,0],"1":[0,0]}}
,"/Users/festimbunjaku/Herd/EduTrack/resources/js/components/ui/button.tsx": {"path":"/Users/festimbunjaku/Herd/EduTrack/resources/js/components/ui/button.tsx","statementMap":{"0":{"start":{"line":58,"column":9},"end":{"line":58,"column":15}},"1":{"start":{"line":1,"column":0},"end":{"line":1,"column":30}},"2":{"start":{"line":2,"column":0},"end":{"line":2,"column":43}},"3":{"start":{"line":3,"column":0},"end":{"line":3,"column":65}},"4":{"start":{"line":5,"column":0},"end":{"line":5,"column":32}},"5":{"start":{"line":7,"column":23},"end":{"line":34,"column":null}},"6":{"start":{"line":58,"column":17},"end":{"line":58,"column":31}},"7":{"start":{"line":47,"column":15},"end":{"line":47,"column":40}},"8":{"start":{"line":49,"column":2},"end":{"line":55,"column":null}}},"fnMap":{"0":{"name":"Button","decl":{"start":{"line":37,"column":9},"end":{"line":37,"column":15}},"loc":{"start":{"line":46,"column":3},"end":{"line":56,"column":1}}}},"branchMap":{"0":{"loc":{"start":{"line":41,"column":2},"end":{"line":41,"column":17}},"type":"default-arg","locations":[{"start":{"line":41,"column":12},"end":{"line":41,"column":17}}]},"1":{"loc":{"start":{"line":47,"column":15},"end":{"line":47,"column":40}},"type":"cond-expr","locations":[{"start":{"line":47,"column":25},"end":{"line":47,"column":29}},{"start":{"line":47,"column":32},"end":{"line":47,"column":40}}]}},"s":{"0":0,"1":0,"2":0,"3":0,"4":0,"5":0,"6":0,"7":0,"8":0},"f":{"0":0},"b":{"0":[0],"1":[0,0]}}
,"/Users/festimbunjaku/Herd/EduTrack/resources/js/components/ui/calendar.tsx": {"path":"/Users/festimbunjaku/Herd/EduTrack/resources/js/components/ui/calendar.tsx","statementMap":{"0":{"start":{"line":63,"column":9},"end":{"line":63,"column":17}},"1":{"start":{"line":1,"column":0},"end":{"line":1,"column":31}},"2":{"start":{"line":2,"column":0},"end":{"line":2,"column":45}},"3":{"start":{"line":3,"column":0},"end":{"line":3,"column":57}},"4":{"start":{"line":4,"column":0},"end":{"line":4,"column":33}},"5":{"start":{"line":5,"column":0},"end":{"line":5,"column":56}},"6":{"start":{"line":15,"column":2},"end":{"line":59,"column":4}},"7":{"start":{"line":54,"column":36},"end":{"line":54,"column":71}},"8":{"start":{"line":55,"column":37},"end":{"line":55,"column":73}},"9":{"start":{"line":61,"column":0},"end":{"line":61,"column":34}}},"fnMap":{"0":{"name":"Calendar","decl":{"start":{"line":9,"column":9},"end":{"line":9,"column":17}},"loc":{"start":{"line":14,"column":16},"end":{"line":60,"column":1}}},"1":{"name":"(anonymous_10)","decl":{"start":{"line":54,"column":18},"end":{"line":54,"column":19}},"loc":{"start":{"line":54,"column":36},"end":{"line":54,"column":71}}},"2":{"name":"(anonymous_11)","decl":{"start":{"line":55,"column":19},"end":{"line":55,"column":20}},"loc":{"start":{"line":55,"column":37},"end":{"line":55,"column":73}}}},"branchMap":{"0":{"loc":{"start":{"line":12,"column":2},"end":{"line":12,"column":24}},"type":"default-arg","locations":[{"start":{"line":12,"column":20},"end":{"line":12,"column":24}}]}},"s":{"0":0,"1":0,"2":0,"3":0,"4":0,"5":0,"6":0,"7":0,"8":0,"9":0},"f":{"0":0,"1":0,"2":0},"b":{"0":[0]}}
,"/Users/festimbunjaku/Herd/EduTrack/resources/js/components/ui/card.tsx": {"path":"/Users/festimbunjaku/Herd/EduTrack/resources/js/components/ui/card.tsx","statementMap":{"0":{"start":{"line":68,"column":9},"end":{"line":68,"column":13}},"1":{"start":{"line":68,"column":15},"end":{"line":68,"column":25}},"2":{"start":{"line":68,"column":27},"end":{"line":68,"column":37}},"3":{"start":{"line":68,"column":39},"end":{"line":68,"column":48}},"4":{"start":{"line":68,"column":50},"end":{"line":68,"column":65}},"5":{"start":{"line":68,"column":67},"end":{"line":68,"column":78}},"6":{"start":{"line":1,"column":0},"end":{"line":1,"column":30}},"7":{"start":{"line":3,"column":0},"end":{"line":3,"column":32}},"8":{"start":{"line":6,"column":2},"end":{"line":15,"column":null}},"9":{"start":{"line":19,"column":2},"end":{"line":25,"column":null}},"10":{"start":{"line":29,"column":2},"end":{"line":35,"column":null}},"11":{"start":{"line":39,"column":2},"end":{"line":45,"column":null}},"12":{"start":{"line":49,"column":2},"end":{"line":55,"column":null}},"13":{"start":{"line":59,"column":2},"end":{"line":65,"column":null}}},"fnMap":{"0":{"name":"Card","decl":{"start":{"line":5,"column":9},"end":{"line":5,"column":13}},"loc":{"start":{"line":5,"column":66},"end":{"line":16,"column":1}}},"1":{"name":"CardHeader","decl":{"start":{"line":18,"column":9},"end":{"line":18,"column":19}},"loc":{"start":{"line":18,"column":72},"end":{"line":26,"column":1}}},"2":{"name":"CardTitle","decl":{"start":{"line":28,"column":9},"end":{"line":28,"column":18}},"loc":{"start":{"line":28,"column":71},"end":{"line":36,"column":1}}},"3":{"name":"CardDescription","decl":{"start":{"line":38,"column":9},"end":{"line":38,"column":24}},"loc":{"start":{"line":38,"column":77},"end":{"line":46,"column":1}}},"4":{"name":"CardContent","decl":{"start":{"line":48,"column":9},"end":{"line":48,"column":20}},"loc":{"start":{"line":48,"column":73},"end":{"line":56,"column":1}}},"5":{"name":"CardFooter","decl":{"start":{"line":58,"column":9},"end":{"line":58,"column":19}},"loc":{"start":{"line":58,"column":72},"end":{"line":66,"column":1}}}},"branchMap":{},"s":{"0":0,"1":0,"2":0,"3":0,"4":0,"5":0,"6":0,"7":0,"8":0,"9":0,"10":0,"11":0,"12":0,"13":0},"f":{"0":0,"1":0,"2":0,"3":0,"4":0,"5":0},"b":{}}
,"/Users/festimbunjaku/Herd/EduTrack/resources/js/components/ui/checkbox.tsx": {"path":"/Users/festimbunjaku/Herd/EduTrack/resources/js/components/ui/checkbox.tsx","statementMap":{"0":{"start":{"line":30,"column":9},"end":{"line":30,"column":17}},"1":{"start":{"line":1,"column":0},"end":{"line":1,"column":30}},"2":{"start":{"line":2,"column":0},"end":{"line":2,"column":61}},"3":{"start":{"line":3,"column":0},"end":{"line":3,"column":40}},"4":{"start":{"line":5,"column":0},"end":{"line":5,"column":32}},"5":{"start":{"line":11,"column":2},"end":{"line":27,"column":null}}},"fnMap":{"0":{"name":"Checkbox","decl":{"start":{"line":7,"column":9},"end":{"line":7,"column":17}},"loc":{"start":{"line":10,"column":54},"end":{"line":28,"column":1}}}},"branchMap":{},"s":{"0":0,"1":0,"2":0,"3":0,"4":0,"5":0},"f":{"0":0},"b":{}}
,"/Users/festimbunjaku/Herd/EduTrack/resources/js/components/ui/collapsible.tsx": {"path":"/Users/festimbunjaku/Herd/EduTrack/resources/js/components/ui/collapsible.tsx","statementMap":{"0":{"start":{"line":31,"column":9},"end":{"line":31,"column":20}},"1":{"start":{"line":31,"column":22},"end":{"line":31,"column":40}},"2":{"start":{"line":31,"column":42},"end":{"line":31,"column":60}},"3":{"start":{"line":1,"column":0},"end":{"line":1,"column":67}},"4":{"start":{"line":6,"column":2},"end":{"line":6,"column":null}},"5":{"start":{"line":12,"column":2},"end":{"line":17,"column":null}},"6":{"start":{"line":23,"column":2},"end":{"line":28,"column":null}}},"fnMap":{"0":{"name":"Collapsible","decl":{"start":{"line":3,"column":9},"end":{"line":3,"column":20}},"loc":{"start":{"line":5,"column":57},"end":{"line":7,"column":1}}},"1":{"name":"CollapsibleTrigger","decl":{"start":{"line":9,"column":9},"end":{"line":9,"column":27}},"loc":{"start":{"line":11,"column":71},"end":{"line":18,"column":1}}},"2":{"name":"CollapsibleContent","decl":{"start":{"line":20,"column":9},"end":{"line":20,"column":27}},"loc":{"start":{"line":22,"column":71},"end":{"line":29,"column":1}}}},"branchMap":{},"s":{"0":0,"1":0,"2":0,"3":0,"4":0,"5":0,"6":0},"f":{"0":0,"1":0,"2":0},"b":{}}
,"/Users/festimbunjaku/Herd/EduTrack/resources/js/components/ui/dialog.tsx": {"path":"/Users/festimbunjaku/Herd/EduTrack/resources/js/components/ui/dialog.tsx","statementMap":{"0":{"start":{"line":123,"column":2},"end":{"line":123,"column":8}},"1":{"start":{"line":124,"column":2},"end":{"line":124,"column":13}},"2":{"start":{"line":125,"column":2},"end":{"line":125,"column":15}},"3":{"start":{"line":126,"column":2},"end":{"line":126,"column":19}},"4":{"start":{"line":127,"column":2},"end":{"line":127,"column":14}},"5":{"start":{"line":128,"column":2},"end":{"line":128,"column":14}},"6":{"start":{"line":129,"column":2},"end":{"line":129,"column":15}},"7":{"start":{"line":130,"column":2},"end":{"line":130,"column":14}},"8":{"start":{"line":131,"column":2},"end":{"line":131,"column":13}},"9":{"start":{"line":132,"column":2},"end":{"line":132,"column":15}},"10":{"start":{"line":1,"column":0},"end":{"line":1,"column":30}},"11":{"start":{"line":2,"column":0},"end":{"line":2,"column":57}},"12":{"start":{"line":3,"column":0},"end":{"line":3,"column":36}},"13":{"start":{"line":5,"column":0},"end":{"line":5,"column":32}},"14":{"start":{"line":10,"column":2},"end":{"line":10,"column":null}},"15":{"start":{"line":16,"column":2},"end":{"line":16,"column":null}},"16":{"start":{"line":22,"column":2},"end":{"line":22,"column":null}},"17":{"start":{"line":28,"column":2},"end":{"line":28,"column":null}},"18":{"start":{"line":35,"column":2},"end":{"line":44,"column":null}},"19":{"start":{"line":52,"column":2},"end":{"line":70,"column":null}},"20":{"start":{"line":74,"column":2},"end":{"line":80,"column":null}},"21":{"start":{"line":84,"column":2},"end":{"line":93,"column":null}},"22":{"start":{"line":100,"column":2},"end":{"line":106,"column":null}},"23":{"start":{"line":113,"column":2},"end":{"line":119,"column":null}}},"fnMap":{"0":{"name":"Dialog","decl":{"start":{"line":7,"column":9},"end":{"line":7,"column":15}},"loc":{"start":{"line":9,"column":52},"end":{"line":11,"column":1}}},"1":{"name":"DialogTrigger","decl":{"start":{"line":13,"column":9},"end":{"line":13,"column":22}},"loc":{"start":{"line":15,"column":55},"end":{"line":17,"column":1}}},"2":{"name":"DialogPortal","decl":{"start":{"line":19,"column":9},"end":{"line":19,"column":21}},"loc":{"start":{"line":21,"column":54},"end":{"line":23,"column":1}}},"3":{"name":"DialogClose","decl":{"start":{"line":25,"column":9},"end":{"line":25,"column":20}},"loc":{"start":{"line":27,"column":53},"end":{"line":29,"column":1}}},"4":{"name":"DialogOverlay","decl":{"start":{"line":31,"column":9},"end":{"line":31,"column":22}},"loc":{"start":{"line":34,"column":55},"end":{"line":45,"column":1}}},"5":{"name":"DialogContent","decl":{"start":{"line":47,"column":9},"end":{"line":47,"column":22}},"loc":{"start":{"line":51,"column":55},"end":{"line":71,"column":1}}},"6":{"name":"DialogHeader","decl":{"start":{"line":73,"column":9},"end":{"line":73,"column":21}},"loc":{"start":{"line":73,"column":74},"end":{"line":81,"column":1}}},"7":{"name":"DialogFooter","decl":{"start":{"line":83,"column":9},"end":{"line":83,"column":21}},"loc":{"start":{"line":83,"column":74},"end":{"line":94,"column":1}}},"8":{"name":"DialogTitle","decl":{"start":{"line":96,"column":9},"end":{"line":96,"column":20}},"loc":{"start":{"line":99,"column":53},"end":{"line":107,"column":1}}},"9":{"name":"DialogDescription","decl":{"start":{"line":109,"column":9},"end":{"line":109,"column":26}},"loc":{"start":{"line":112,"column":59},"end":{"line":120,"column":1}}}},"branchMap":{},"s":{"0":0,"1":0,"2":0,"3":0,"4":0,"5":0,"6":0,"7":0,"8":0,"9":0,"10":0,"11":0,"12":0,"13":0,"14":0,"15":0,"16":0,"17":0,"18":0,"19":0,"20":0,"21":0,"22":0,"23":0},"f":{"0":0,"1":0,"2":0,"3":0,"4":0,"5":0,"6":0,"7":0,"8":0,"9":0},"b":{}}
,"/Users/festimbunjaku/Herd/EduTrack/resources/js/components/ui/dropdown-menu.tsx": {"path":"/Users/festimbunjaku/Herd/EduTrack/resources/js/components/ui/dropdown-menu.tsx","statementMap":{"0":{"start":{"line":240,"column":2},"end":{"line":240,"column":14}},"1":{"start":{"line":241,"column":2},"end":{"line":241,"column":20}},"2":{"start":{"line":242,"column":2},"end":{"line":242,"column":21}},"3":{"start":{"line":243,"column":2},"end":{"line":243,"column":21}},"4":{"start":{"line":244,"column":2},"end":{"line":244,"column":19}},"5":{"start":{"line":245,"column":2},"end":{"line":245,"column":19}},"6":{"start":{"line":246,"column":2},"end":{"line":246,"column":18}},"7":{"start":{"line":247,"column":2},"end":{"line":247,"column":26}},"8":{"start":{"line":248,"column":2},"end":{"line":248,"column":24}},"9":{"start":{"line":249,"column":2},"end":{"line":249,"column":23}},"10":{"start":{"line":250,"column":2},"end":{"line":250,"column":23}},"11":{"start":{"line":251,"column":2},"end":{"line":251,"column":22}},"12":{"start":{"line":252,"column":2},"end":{"line":252,"column":17}},"13":{"start":{"line":253,"column":2},"end":{"line":253,"column":24}},"14":{"start":{"line":254,"column":2},"end":{"line":254,"column":24}},"15":{"start":{"line":1,"column":0},"end":{"line":1,"column":30}},"16":{"start":{"line":2,"column":0},"end":{"line":2,"column":70}},"17":{"start":{"line":3,"column":0},"end":{"line":3,"column":70}},"18":{"start":{"line":5,"column":0},"end":{"line":5,"column":32}},"19":{"start":{"line":10,"column":2},"end":{"line":10,"column":null}},"20":{"start":{"line":16,"column":2},"end":{"line":18,"column":null}},"21":{"start":{"line":24,"column":2},"end":{"line":29,"column":null}},"22":{"start":{"line":37,"column":2},"end":{"line":49,"column":null}},"23":{"start":{"line":55,"column":2},"end":{"line":57,"column":null}},"24":{"start":{"line":69,"column":2},"end":{"line":80,"column":null}},"25":{"start":{"line":89,"column":2},"end":{"line":106,"column":null}},"26":{"start":{"line":112,"column":2},"end":{"line":117,"column":null}},"27":{"start":{"line":125,"column":2},"end":{"line":141,"column":null}},"28":{"start":{"line":151,"column":2},"end":{"line":161,"column":null}},"29":{"start":{"line":168,"column":2},"end":{"line":174,"column":null}},"30":{"start":{"line":181,"column":2},"end":{"line":190,"column":null}},"31":{"start":{"line":196,"column":2},"end":{"line":196,"column":null}},"32":{"start":{"line":207,"column":2},"end":{"line":220,"column":null}},"33":{"start":{"line":227,"column":2},"end":{"line":236,"column":null}}},"fnMap":{"0":{"name":"DropdownMenu","decl":{"start":{"line":7,"column":9},"end":{"line":7,"column":21}},"loc":{"start":{"line":9,"column":58},"end":{"line":11,"column":1}}},"1":{"name":"DropdownMenuPortal","decl":{"start":{"line":13,"column":9},"end":{"line":13,"column":27}},"loc":{"start":{"line":15,"column":60},"end":{"line":19,"column":1}}},"2":{"name":"DropdownMenuTrigger","decl":{"start":{"line":21,"column":9},"end":{"line":21,"column":28}},"loc":{"start":{"line":23,"column":61},"end":{"line":30,"column":1}}},"3":{"name":"DropdownMenuContent","decl":{"start":{"line":32,"column":9},"end":{"line":32,"column":28}},"loc":{"start":{"line":36,"column":61},"end":{"line":50,"column":1}}},"4":{"name":"DropdownMenuGroup","decl":{"start":{"line":52,"column":9},"end":{"line":52,"column":26}},"loc":{"start":{"line":54,"column":59},"end":{"line":58,"column":1}}},"5":{"name":"DropdownMenuItem","decl":{"start":{"line":60,"column":9},"end":{"line":60,"column":25}},"loc":{"start":{"line":68,"column":1},"end":{"line":81,"column":1}}},"6":{"name":"DropdownMenuCheckboxItem","decl":{"start":{"line":83,"column":9},"end":{"line":83,"column":33}},"loc":{"start":{"line":88,"column":66},"end":{"line":107,"column":1}}},"7":{"name":"DropdownMenuRadioGroup","decl":{"start":{"line":109,"column":9},"end":{"line":109,"column":31}},"loc":{"start":{"line":111,"column":64},"end":{"line":118,"column":1}}},"8":{"name":"DropdownMenuRadioItem","decl":{"start":{"line":120,"column":9},"end":{"line":120,"column":30}},"loc":{"start":{"line":124,"column":63},"end":{"line":142,"column":1}}},"9":{"name":"DropdownMenuLabel","decl":{"start":{"line":144,"column":9},"end":{"line":144,"column":26}},"loc":{"start":{"line":150,"column":1},"end":{"line":162,"column":1}}},"10":{"name":"DropdownMenuSeparator","decl":{"start":{"line":164,"column":9},"end":{"line":164,"column":30}},"loc":{"start":{"line":167,"column":63},"end":{"line":175,"column":1}}},"11":{"name":"DropdownMenuShortcut","decl":{"start":{"line":177,"column":9},"end":{"line":177,"column":29}},"loc":{"start":{"line":180,"column":31},"end":{"line":191,"column":1}}},"12":{"name":"DropdownMenuSub","decl":{"start":{"line":193,"column":9},"end":{"line":193,"column":24}},"loc":{"start":{"line":195,"column":57},"end":{"line":197,"column":1}}},"13":{"name":"DropdownMenuSubTrigger","decl":{"start":{"line":199,"column":9},"end":{"line":199,"column":31}},"loc":{"start":{"line":206,"column":1},"end":{"line":221,"column":1}}},"14":{"name":"DropdownMenuSubContent","decl":{"start":{"line":223,"column":9},"end":{"line":223,"column":31}},"loc":{"start":{"line":226,"column":64},"end":{"line":237,"column":1}}}},"branchMap":{"0":{"loc":{"start":{"line":34,"column":2},"end":{"line":34,"column":16}},"type":"default-arg","locations":[{"start":{"line":34,"column":15},"end":{"line":34,"column":16}}]},"1":{"loc":{"start":{"line":63,"column":2},"end":{"line":63,"column":21}},"type":"default-arg","locations":[{"start":{"line":63,"column":12},"end":{"line":63,"column":21}}]}},"s":{"0":0,"1":0,"2":0,"3":0,"4":0,"5":0,"6":0,"7":0,"8":0,"9":0,"10":0,"11":0,"12":0,"13":0,"14":0,"15":0,"16":0,"17":0,"18":0,"19":0,"20":0,"21":0,"22":0,"23":0,"24":0,"25":0,"26":0,"27":0,"28":0,"29":0,"30":0,"31":0,"32":0,"33":0},"f":{"0":0,"1":0,"2":0,"3":0,"4":0,"5":0,"6":0,"7":0,"8":0,"9":0,"10":0,"11":0,"12":0,"13":0,"14":0},"b":{"0":[0],"1":[0]}}
,"/Users/festimbunjaku/Herd/EduTrack/resources/js/components/ui/form.tsx": {"path":"/Users/festimbunjaku/Herd/EduTrack/resources/js/components/ui/form.tsx","statementMap":{"0":{"start":{"line":1,"column":0},"end":{"line":1,"column":31}},"1":{"start":{"line":2,"column":0},"end":{"line":2,"column":null}},"2":{"start":{"line":10,"column":0},"end":{"line":10,"column":46}},"3":{"start":{"line":11,"column":0},"end":{"line":11,"column":33}},"4":{"start":{"line":12,"column":0},"end":{"line":12,"column":44}},"5":{"start":{"line":14,"column":13},"end":{"line":14,"column":25}},"6":{"start":{"line":167,"column":2},"end":{"line":167,"column":6}},"7":{"start":{"line":23,"column":25},"end":{"line":24,"column":null}},"8":{"start":{"line":27,"column":18},"end":{"line":38,"column":1}},"9":{"start":{"line":33,"column":2},"end":{"line":37,"column":4}},"10":{"start":{"line":173,"column":2},"end":{"line":173,"column":11}},"11":{"start":{"line":40,"column":21},"end":{"line":61,"column":1}},"12":{"start":{"line":41,"column":23},"end":{"line":41,"column":57}},"13":{"start":{"line":42,"column":22},"end":{"line":42,"column":55}},"14":{"start":{"line":43,"column":39},"end":{"line":43,"column":55}},"15":{"start":{"line":45,"column":21},"end":{"line":45,"column":64}},"16":{"start":{"line":47,"column":2},"end":{"line":49,"column":3}},"17":{"start":{"line":48,"column":4},"end":{"line":48,"column":70}},"18":{"start":{"line":51,"column":17},"end":{"line":51,"column":28}},"19":{"start":{"line":53,"column":2},"end":{"line":60,"column":4}},"20":{"start":{"line":166,"column":2},"end":{"line":166,"column":14}},"21":{"start":{"line":67,"column":24},"end":{"line":68,"column":null}},"22":{"start":{"line":71,"column":17},"end":{"line":82,"column":2}},"23":{"start":{"line":75,"column":13},"end":{"line":75,"column":26}},"24":{"start":{"line":77,"column":2},"end":{"line":81,"column":4}},"25":{"start":{"line":168,"column":2},"end":{"line":168,"column":10}},"26":{"start":{"line":83,"column":0},"end":{"line":83,"column":34}},"27":{"start":{"line":85,"column":18},"end":{"line":99,"column":2}},"28":{"start":{"line":89,"column":32},"end":{"line":89,"column":46}},"29":{"start":{"line":91,"column":2},"end":{"line":9
[...]
},"18":{"start":{"line":87,"column":43},"end":{"line":87,"column":78}}},"fnMap":{"0":{"name":"Login","decl":{"start":{"line":24,"column":24},"end":{"line":24,"column":29}},"loc":{"start":{"line":24,"column":70},"end":{"line":110,"column":1}}},"1":{"name":"(anonymous_2)","decl":{"start":{"line":31,"column":37},"end":{"line":31,"column":38}},"loc":{"start":{"line":31,"column":43},"end":{"line":36,"column":5}}},"2":{"name":"(anonymous_3)","decl":{"start":{"line":34,"column":22},"end":{"line":34,"column":25}},"loc":{"start":{"line":34,"column":28},"end":{"line":34,"column":45}}},"3":{"name":"(anonymous_4)","decl":{"start":{"line":54,"column":38},"end":{"line":54,"column":39}},"loc":{"start":{"line":54,"column":45},"end":{"line":54,"column":77}}},"4":{"name":"(anonymous_5)","decl":{"start":{"line":76,"column":38},"end":{"line":76,"column":39}},"loc":{"start":{"line":76,"column":45},"end":{"line":76,"column":80}}},"5":{"name":"(anonymous_6)","decl":{"start":{"line":87,"column":37},"end":{"line":87,"column":40}},"loc":{"start":{"line":87,"column":43},"end":{"line":87,"column":78}}}},"branchMap":{"0":{"loc":{"start":{"line":63,"column":29},"end":{"line":66,"column":null}},"type":"binary-expr","locations":[{"start":{"line":63,"column":29},"end":{"line":63,"column":45}},{"start":{"line":64,"column":32},"end":{"line":64,"column":null}}]},"1":{"loc":{"start":{"line":94,"column":25},"end":{"line":94,"column":88}},"type":"binary-expr","locations":[{"start":{"line":94,"column":25},"end":{"line":94,"column":35}},{"start":{"line":94,"column":39},"end":{"line":94,"column":88}}]},"2":{"loc":{"start":{"line":107,"column":13},"end":{"line":107,"column":106}},"type":"binary-expr","locations":[{"start":{"line":107,"column":13},"end":{"line":107,"column":19}},{"start":{"line":107,"column":23},"end":{"line":107,"column":106}}]}},"s":{"0":0,"1":0,"2":0,"3":0,"4":0,"5":0,"6":0,"7":0,"8":0,"9":0,"10":0,"11":0,"12":0,"13":0,"14":0,"15":0,"16":0,"17":0,"18":0},"f":{"0":0,"1":0,"2":0,"3":0,"4":0,"5":0},"b":{"0":[0,0],"1":[0,0],"2":[0,0]}}
,"/Users/festimbunjaku/Herd/EduTrack/resources/js/pages/auth/register.tsx": {"path":"/Users/festimbunjaku/Herd/EduTrack/resources/js/pages/auth/register.tsx","statementMap":{"0":{"start":{"line":19,"column":0},"end":{"line":19,"column":24}},"1":{"start":{"line":1,"column":0},"end":{"line":1,"column":49}},"2":{"start":{"line":2,"column":0},"end":{"line":2,"column":44}},"3":{"start":{"line":5,"column":0},"end":{"line":5,"column":50}},"4":{"start":{"line":6,"column":0},"end":{"line":6,"column":46}},"5":{"start":{"line":7,"column":0},"end":{"line":7,"column":48}},"6":{"start":{"line":8,"column":0},"end":{"line":8,"column":46}},"7":{"start":{"line":9,"column":0},"end":{"line":9,"column":46}},"8":{"start":{"line":10,"column":0},"end":{"line":10,"column":47}},"9":{"start":{"line":20,"column":63},"end":{"line":25,"column":6}},"10":{"start":{"line":27,"column":37},"end":{"line":32,"column":5}},"11":{"start":{"line":28,"column":8},"end":{"line":28,"column":27}},"12":{"start":{"line":29,"column":8},"end":{"line":31,"column":11}},"13":{"start":{"line":30,"column":28},"end":{"line":30,"column":70}},"14":{"start":{"line":34,"column":4},"end":{"line":118,"column":6}},"15":{"start":{"line":49,"column":45},"end":{"line":49,"column":76}},"16":{"start":{"line":65,"column":45},"end":{"line":65,"column":77}},"17":{"start":{"line":81,"column":45},"end":{"line":81,"column":80}},"18":{"start":{"line":97,"column":45},"end":{"line":97,"column":93}}},"fnMap":{"0":{"name":"Register","decl":{"start":{"line":19,"column":24},"end":{"line":19,"column":32}},"loc":{"start":{"line":19,"column":32},"end":{"line":119,"column":1}}},"1":{"name":"(anonymous_2)","decl":{"start":{"line":27,"column":37},"end":{"line":27,"column":38}},"loc":{"start":{"line":27,"column":43},"end":{"line":32,"column":5}}},"2":{"name":"(anonymous_3)","decl":{"start":{"line":30,"column":22},"end":{"line":30,"column":25}},"loc":{"start":{"line":30,"column":28},"end":{"line":30,"column":70}}},"3":{"name":"(anonymous_4)","decl":{"start":{"line":49,"column":38},"end":{"line":49,"column":39}},"loc":{"start":{"line":49,"column":45},"end":{"line":49,"column":76}}},"4":{"name":"(anonymous_5)","decl":{"start":{"line":65,"column":38},"end":{"line":65,"column":39}},"loc":{"start":{"line":65,"column":45},"end":{"line":65,"column":77}}},"5":{"name":"(anonymous_6)","decl":{"start":{"line":81,"column":38},"end":{"line":81,"column":39}},"loc":{"start":{"line":81,"column":45},"end":{"line":81,"column":80}}},"6":{"name":"(anonymous_7)","decl":{"start":{"line":97,"column":38},"end":{"line":97,"column":39}},"loc":{"start":{"line":97,"column":45},"end":{"line":97,"column":93}}}},"branchMap":{"0":{"loc":{"start":{"line":105,"column":25},"end":{"line":105,"column":88}},"type":"binary-expr","locations":[{"start":{"line":105,"column":25},"end":{"line":105,"column":35}},{"start":{"line":105,"column":39},"end":{"line":105,"column":88}}]}},"s":{"0":0,"1":0,"2":0,"3":0,"4":0,"5":0,"6":0,"7":0,"8":0,"9":0,"10":0,"11":0,"12":0,"13":0,"14":0,"15":0,"16":0,"17":0,"18":0},"f":{"0":0,"1":0,"2":0,"3":0,"4":0,"5":0,"6":0},"b":{"0":[0,0]}}
,"/Users/festimbunjaku/Herd/EduTrack/resources/js/pages/auth/reset-password.tsx": {"path":"/Users/festimbunjaku/Herd/EduTrack/resources/js/pages/auth/reset-password.tsx","statementMap":{"0":{"start":{"line":23,"column":0},"end":{"line":23,"column":24}},"1":{"start":{"line":1,"column":0},"end":{"line":1,"column":49}},"2":{"start":{"line":2,"column":0},"end":{"line":2,"column":44}},"3":{"start":{"line":5,"column":0},"end":{"line":5,"column":50}},"4":{"start":{"line":6,"column":0},"end":{"line":6,"column":48}},"5":{"start":{"line":7,"column":0},"end":{"line":7,"column":46}},"6":{"start":{"line":8,"column":0},"end":{"line":8,"column":46}},"7":{"start":{"line":9,"column":0},"end":{"line":9,"column":47}},"8":{"start":{"line":24,"column":63},"end":{"line":29,"column":6}},"9":{"start":{"line":31,"column":37},"end":{"line":36,"column":5}},"10":{"start":{"line":32,"column":8},"end":{"line":32,"column":27}},"11":{"start":{"line":33,"column":8},"end":{"line":35,"column":11}},"12":{"start":{"line":34,"column":28},"end":{"line":34,"column":70}},"13":{"start":{"line":38,"column":4},"end":{"line":97,"column":6}},"14":{"start":{"line":54,"column":45},"end":{"line":54,"column":77}},"15":{"start":{"line":69,"column":45},"end":{"line":69,"column":80}},"16":{"start":{"line":84,"column":45},"end":{"line":84,"column":93}}},"fnMap":{"0":{"name":"ResetPassword","decl":{"start":{"line":23,"column":24},"end":{"line":23,"column":37}},"loc":{"start":{"line":23,"column":74},"end":{"line":98,"column":1}}},"1":{"name":"(anonymous_2)","decl":{"start":{"line":31,"column":37},"end":{"line":31,"column":38}},"loc":{"start":{"line":31,"column":43},"end":{"line":36,"column":5}}},"2":{"name":"(anonymous_3)","decl":{"start":{"line":34,"column":22},"end":{"line":34,"column":25}},"loc":{"start":{"line":34,"column":28},"end":{"line":34,"column":70}}},"3":{"name":"(anonymous_4)","decl":{"start":{"line":54,"column":38},"end":{"line":54,"column":39}},"loc":{"start":{"line":54,"column":45},"end":{"line":54,"column":77}}},"4":{"name":"(anonymous_5)","decl":{"start":{"line":69,"column":38},"end":{"line":69,"column":39}},"loc":{"start":{"line":69,"column":45},"end":{"line":69,"column":80}}},"5":{"name":"(anonymous_6)","decl":{"start":{"line":84,"column":38},"end":{"line":84,"column":39}},"loc":{"start":{"line":84,"column":45},"end":{"line":84,"column":93}}}},"branchMap":{"0":{"loc":{"start":{"line":91,"column":25},"end":{"line":91,"column":88}},"type":"binary-expr","locations":[{"start":{"line":91,"column":25},"end":{"line":91,"column":35}},{"start":{"line":91,"column":39},"end":{"line":91,"column":88}}]}},"s":{"0":0,"1":0,"2":0,"3":0,"4":0,"5":0,"6":0,"7":0,"8":0,"9":0,"10":0,"11":0,"12":0,"13":0,"14":0,"15":0,"16":0},"f":{"0":0,"1":0,"2":0,"3":0,"4":0,"5":0},"b":{"0":[0,0]}}
,"/Users/festimbunjaku/Herd/EduTrack/resources/js/pages/auth/verify-email.tsx": {"path":"/Users/festimbunjaku/Herd/EduTrack/resources/js/pages/auth/verify-email.tsx","statementMap":{"0":{"start":{"line":10,"column":0},"end":{"line":10,"column":24}},"1":{"start":{"line":2,"column":0},"end":{"line":2,"column":49}},"2":{"start":{"line":3,"column":0},"end":{"line":3,"column":44}},"3":{"start":{"line":6,"column":0},"end":{"line":6,"column":46}},"4":{"start":{"line":7,"column":0},"end":{"line":7,"column":48}},"5":{"start":{"line":8,"column":0},"end":{"line":8,"column":47}},"6":{"start":{"line":11,"column":33},"end":{"line":11,"column":44}},"7":{"start":{"line":13,"column":37},"end":{"line":17,"column":5}},"8":{"start":{"line":14,"column":8},"end":{"line":14,"column":27}},"9":{"start":{"line":16,"column":8},"end":{"line":16,"column":41}},"10":{"start":{"line":19,"column":4},"end":{"line":40,"column":6}}},"fnMap":{"0":{"name":"VerifyEmail","decl":{"start":{"line":10,"column":24},"end":{"line":10,"column":35}},"loc":{"start":{"line":10,"column":67},"end":{"line":41,"column":1}}},"1":{"name":"(anonymous_2)","decl":{"start":{"line":13,"column":37},"end":{"line":13,"column":38}},"loc":{"start":{"line":13,"column":43},"end":{"line":17,"column":5}}}},"branchMap":{"0":{"loc":{"start":{"line":23,"column":13},"end":{"line":26,"column":null}},"type":"binary-expr","locations":[{"start":{"line":23,"column":13},"end":{"line":23,"column":48}},{"start":{"line":24,"column":16},"end":{"line":24,"column":null}}]},"1":{"loc":{"start":{"line":31,"column":21},"end":{"line":31,"column":84}},"type":"binary-expr","locations":[{"start":{"line":31,"column":21},"end":{"line":31,"column":31}},{"start":{"line":31,"column":35},"end":{"line":31,"column":84}}]}},"s":{"0":0,"1":0,"2":0,"3":0,"4":0,"5":0,"6":0,"7":0,"8":0,"9":0,"10":0},"f":{"0":0,"1":0},"b":{"0":[0,0],"1":[0,0]}}
,"/Users/festimbunjaku/Herd/EduTrack/resources/js/pages/settings/appearance.tsx": {"path":"/Users/festimbunjaku/Herd/EduTrack/resources/js/pages/settings/appearance.tsx","statementMap":{"0":{"start":{"line":17,"column":0},"end":{"line":17,"column":24}},"1":{"start":{"line":1,"column":0},"end":{"line":1,"column":40}},"2":{"start":{"line":3,"column":0},"end":{"line":3,"column":58}},"3":{"start":{"line":4,"column":0},"end":{"line":4,"column":54}},"4":{"start":{"line":7,"column":0},"end":{"line":7,"column":45}},"5":{"start":{"line":8,"column":0},"end":{"line":8,"column":55}},"6":{"start":{"line":10,"column":38},"end":{"line":15,"column":2}},"7":{"start":{"line":18,"column":4},"end":{"line":29,"column":6}}},"fnMap":{"0":{"name":"Appearance","decl":{"start":{"line":17,"column":24},"end":{"line":17,"column":34}},"loc":{"start":{"line":17,"column":34},"end":{"line":30,"column":1}}}},"branchMap":{},"s":{"0":0,"1":0,"2":0,"3":0,"4":0,"5":0,"6":0,"7":0},"f":{"0":0},"b":{}}
,"/Users/festimbunjaku/Herd/EduTrack/resources/js/pages/settings/password.tsx": {"path":"/Users/festimbunjaku/Herd/EduTrack/resources/js/pages/settings/password.tsx","statementMap":{"0":{"start":{"line":21,"column":0},"end":{"line":21,"column":24}},"1":{"start":{"line":1,"column":0},"end":{"line":1,"column":50}},"2":{"start":{"line":2,"column":0},"end":{"line":2,"column":45}},"3":{"start":{"line":3,"column":0},"end":{"line":3,"column":55}},"4":{"start":{"line":5,"column":0},"end":{"line":5,"column":47}},"5":{"start":{"line":6,"column":0},"end":{"line":6,"column":49}},"6":{"start":{"line":7,"column":0},"end":{"line":7,"column":49}},"7":{"start":{"line":9,"column":0},"end":{"line":9,"column":54}},"8":{"start":{"line":10,"column":0},"end":{"line":10,"column":48}},"9":{"start":{"line":11,"column":0},"end":{"line":11,"column":46}},"10":{"start":{"line":12,"column":0},"end":{"line":12,"column":46}},"11":{"start":{"line":14,"column":38},"end":{"line":19,"column":2}},"12":{"start":{"line":22,"column":26},"end":{"line":22,"column":56}},"13":{"start":{"line":23,"column":33},"end":{"line":23,"column":63}},"14":{"start":{"line":25,"column":82},"end":{"line":29,"column":6}},"15":{"start":{"line":31,"column":45},"end":{"line":49,"column":5}},"16":{"start":{"line":32,"column":8},"end":{"line":32,"column":27}},"17":{"start":{"line":34,"column":8},"end":{"line":48,"column":11}},"18":{"start":{"line":36,"column":29},"end":{"line":36,"column":36}},"19":{"start":{"line":38,"column":16},"end":{"line":41,"column":17}},"20":{"start":{"line":39,"column":20},"end":{"line":39,"column":63}},"21":{"start":{"line":40,"column":20},"end":{"line":40,"column":51}},"22":{"start":{"line":43,"column":16},"end":{"line":46,"column":17}},"23":{"start":{"line":44,"column":20},"end":{"line":44,"column":46}},"24":{"start":{"line":45,"column":20},"end":{"line":45,"column":58}},"25":{"start":{"line":51,"column":4},"end":{"line":127,"column":6}},"26":{"start":{"line":67,"column":49},"end":{"line":67,"column":92}},"27":{"start":{"line":84,"column":49},"end":{"line":84,"column":84}},"28":{"start":{"line":100,"column":49},"end":{"line":100,"column":97}}},"fnMap":{"0":{"name":"Password","decl":{"start":{"line":21,"column":24},"end":{"line":21,"column":32}},"loc":{"start":{"line":21,"column":32},"end":{"line":128,"column":1}}},"1":{"name":"(anonymous_2)","decl":{"start":{"line":31,"column":45},"end":{"line":31,"column":46}},"loc":{"start":{"line":31,"column":51},"end":{"line":49,"column":5}}},"2":{"name":"(anonymous_3)","decl":{"start":{"line":36,"column":23},"end":{"line":36,"column":26}},"loc":{"start":{"line":36,"column":29},"end":{"line":36,"column":36}}},"3":{"name":"(anonymous_4)","decl":{"start":{"line":37,"column":21},"end":{"line":37,"column":22}},"loc":{"start":{"line":37,"column":32},"end":{"line":47,"column":13}}},"4":{"name":"(anonymous_5)","decl":{"start":{"line":67,"column":42},"end":{"line":67,"column":43}},"loc":{"start":{"line":67,"column":49},"end":{"line":67,"column":92}}},"5":{"name":"(anonymous_6)","decl":{"start":{"line":84,"column":42},"end":{"line":84,"column":43}},"loc":{"start":{"line":84,"column":49},"end":{"line":84,"column":84}}},"6":{"name":"(anonymous_7)","decl":{"start":{"line":100,"column":42},"end":{"line":100,"column":43}},"loc":{"start":{"line":100,"column":49},"end":{"line":100,"column":97}}}},"branchMap":{"0":{"loc":{"start":{"line":38,"column":16},"end":{"line":41,"column":17}},"type":"if","locations":[{"start":{"line":38,"column":16},"end":{"line":41,"column":17}}]},"1":{"loc":{"start":{"line":43,"column":16},"end":{"line":46,"column":17}},"type":"if","locations":[{"start":{"line":43,"column":16},"end":{"line":46,"column":17}}]}},"s":{"0":0,"1":0,"2":0,"3":0,"4":0,"5":0,"6":0,"7":0,"8":0,"9":0,"10":0,"11":0,"12":0,"13":0,"14":0,"15":0,"16":0,"17":0,"18":0,"19":0,"20":0,"21":0,"22":0,"23":0,"24":0,"25":0,"26":0,"27":0,"28":0},"f":{"0":0,"1":0,"2":0,"3":0,"4":0,"5":0,"6":0},"b":{"0":[0],"1":[0]}}
,"/Users/festimbunjaku/Herd/EduTrack/resources/js/pages/settings/profile.tsx": {"path":"/Users/festimbunjaku/Herd/EduTrack/resources/js/pages/settings/profile.tsx","statementMap":{"0":{"start":{"line":28,"column":0},"end":{"line":28,"column":24}},"1":{"start":{"line":2,"column":0},"end":{"line":2,"column":47}},"2":{"start":{"line":3,"column":0},"end":{"line":3,"column":64}},"3":{"start":{"line":6,"column":0},"end":{"line":6,"column":50}},"4":{"start":{"line":7,"column":0},"end":{"line":7,"column":54}},"5":{"start":{"line":8,"column":0},"end":{"line":8,"column":50}},"6":{"start":{"line":9,"column":0},"end":{"line":9,"column":48}},"7":{"start":{"line":10,"column":0},"end":{"line":10,"column":46}},"8":{"start":{"line":11,"column":0},"end":{"line":11,"column":46}},"9":{"start":{"line":12,"column":0},"end":{"line":12,"column":46}},"10":{"start":{"line":13,"column":0},"end":{"line":13,"column":45}},"11":{"start":{"line":14,"column":0},"end":{"line":14,"column":55}},"12":{"start":{"line":16,"column":38},"end":{"line":21,"column":2}},"13":{"start":{"line":29,"column":21},"end":{"line":29,"column":48}},"14":{"start":{"line":31,"column":77},"end":{"line":34,"column":6}},"15":{"start":{"line":36,"column":37},"end":{"line":42,"column":5}},"16":{"start":{"line":37,"column":8},"end":{"line":37,"column":27}},"17":{"start":{"line":39,"column":8},"end":{"line":41,"column":11}},"18":{"start":{"line":44,"column":30},"end":{"line":55,"column":5}},"19":{"start":{"line":45,"column":8},"end":{"line":54,"column":9}},"20":{"start":{"line":47,"column":16},"end":{"line":47,"column":86}},"21":{"start":{"line":49,"column":16},"end":{"line":49,"column":90}},"22":{"start":{"line":51,"column":16},"end":{"line":51,"column":94}},"23":{"start":{"line":53,"column":16},"end":{"line":53,"column":90}},"24":{"start":{"line":57,"column":4},"end":{"line":156,"column":6}},"25":{"start":{"line":70,"column":36},"end":{"line":71,"column":null}},"26":{"start":{"line":89,"column":49},"end":{"line":89,"column":80}},"27":{"start":{"line":106,"column":49},"end":{"line":106,"column":81}}},"fnMap":{"0":{"name":"Profile","decl":{"start":{"line":28,"column":24},"end":{"line":28,"column":31}},"loc":{"start":{"line":28,"column":106},"end":{"line":157,"column":1}}},"1":{"name":"(anonymous_2)","decl":{"start":{"line":36,"column":37},"end":{"line":36,"column":38}},"loc":{"start":{"line":36,"column":43},"end":{"line":42,"column":5}}},"2":{"name":"(anonymous_3)","decl":{"start":{"line":44,"column":30},"end":{"line":44,"column":31}},"loc":{"start":{"line":44,"column":47},"end":{"line":55,"column":5}}},"3":{"name":"(anonymous_4)","decl":{"start":{"line":69,"column":53},"end":{"line":69,"column":54}},"loc":{"start":{"line":70,"column":36},"end":{"line":71,"column":null}}},"4":{"name":"(anonymous_5)","decl":{"start":{"line":89,"column":42},"end":{"line":89,"column":43}},"loc":{"start":{"line":89,"column":49},"end":{"line":89,"column":80}}},"5":{"name":"(anonymous_6)","decl":{"start":{"line":106,"column":42},"end":{"line":106,"column":43}},"loc":{"start":{"line":106,"column":49},"end":{"line":106,"column":81}}}},"branchMap":{"0":{"loc":{"start":{"line":45,"column":8},"end":{"line":54,"column":9}},"type":"switch","locations":[{"start":{"line":46,"column":12},"end":{"line":47,"column":86}},{"start":{"line":48,"column":12},"end":{"line":49,"column":90}},{"start":{"line":50,"column":12},"end":{"line":51,"column":94}},{"start":{"line":52,"column":12},"end":{"line":53,"column":90}}]},"1":{"loc":{"start":{"line":65,"column":21},"end":{"line":78,"column":null}},"type":"binary-expr","locations":[{"start":{"line":65,"column":21},"end":{"line":65,"column":36}},{"start":{"line":65,"column":40},"end":{"line":65,"column":66}},{"start":{"line":66,"column":24},"end":{"line":77,"column":null}}]},"2":{"loc":{"start":{"line":115,"column":25},"end":{"line":134,"column":null}},"type":"binary-expr","locations":[{"start":{"line":115,"column":25},"end":{"line":115,"column":40}},{"start":{"line":115,"column":44},"end":{"line":115,"column":80}},{"start":{"line":116,"column":28},"end":{"line":133,"column":null}}]},"3":{"loc":{"start":{"line":129,"column":33},"end":{"line":132,"column":null}},"type":"binary-expr","locations":[{"start":{"line":129,"column":33},"end":{"line":129,"column":68}},{"start":{"line":130,"column":36},"end":{"line":130,"column":null}}]}},"s":{"0":0,"1":0,"2":0,"3":0,"4":0,"5":0,"6":0,"7":0,"8":0,"9":0,"10":0,"11":0,"12":0,"13":0,"14":0,"15":0,"16":0,"17":0,"18":0,"19":0,"20":0,"21":0,"22":0,"23":0,"24":0,"25":0,"26":0,"27":0},"f":{"0":0,"1":0,"2":0,"3":0,"4":0,"5":0},"b":{"0":[0,0,0,0],"1":[0,0,0],"2":[0,0,0],"3":[0,0]}}
,"/Users/festimbunjaku/Herd/EduTrack/resources/js/types/global.d.ts": {"path":"/Users/festimbunjaku/Herd/EduTrack/resources/js/types/global.d.ts","statementMap":{},"fnMap":{},"branchMap":{},"s":{},"f":{},"b":{}}
,"/Users/festimbunjaku/Herd/EduTrack/resources/js/types/index.d.ts": {"path":"/Users/festimbunjaku/Herd/EduTrack/resources/js/types/index.d.ts","statementMap":{},"fnMap":{},"branchMap":{},"s":{},"f":{},"b":{}}
,"/Users/festimbunjaku/Herd/EduTrack/resources/js/types/vite-env.d.ts": {"path":"/Users/festimbunjaku/Herd/EduTrack/resources/js/types/vite-env.d.ts","statementMap":{},"fnMap":{},"branchMap":{},"s":{},"f":{},"b":{}}
}
