TN:
SF:resources/js/ssr.tsx
FN:9,(anonymous_1)
FN:13,(anonymous_2)
FN:14,(anonymous_3)
FN:15,(anonymous_4)
FN:18,(anonymous_5)
FNF:5
FNH:0
FNDA:0,(anonymous_1)
FNDA:0,(anonymous_2)
FNDA:0,(anonymous_3)
FNDA:0,(anonymous_4)
FNDA:0,(anonymous_5)
DA:1,0
DA:2,0
DA:3,0
DA:4,0
DA:5,0
DA:7,0
DA:9,0
DA:10,0
DA:13,0
DA:14,0
DA:18,0
DA:19,0
DA:27,0
LF:13
LH:0
BRDA:7,0,0,0
BRDA:7,0,1,0
BRF:2
BRH:0
end_of_record
TN:
SF:resources/js/components/Pagination.tsx
FN:13,Pagination
FN:21,(anonymous_1)
FNF:2
FNH:1
FNDA:9,Pagination
FNDA:0,(anonymous_1)
DA:1,1
DA:2,1
DA:13,1
DA:15,9
DA:16,9
DA:19,0
DA:23,0
DA:24,0
DA:28,0
LF:9
LH:5
BRDA:13,0,0,9
BRDA:15,1,0,9
BRDA:15,2,0,9
BRDA:15,2,1,0
BRDA:23,3,0,0
BRDA:23,4,0,0
BRDA:23,4,1,0
BRDA:23,4,2,0
BRDA:31,5,0,0
BRDA:31,5,1,0
BRDA:36,6,0,0
BRDA:36,6,1,0
BRF:12
BRH:3
end_of_record
TN:
SF:resources/js/components/Todo.tsx
FN:12,Todo
FN:13,(anonymous_2)
FN:17,(anonymous_3)
FNF:3
FNH:0
FNDA:0,Todo
FNDA:0,(anonymous_2)
FNDA:0,(anonymous_3)
DA:1,0
DA:2,0
DA:3,0
DA:12,0
DA:13,0
DA:14,0
DA:17,0
DA:18,0
DA:19,0
DA:23,0
LF:10
LH:0
BRDA:18,0,0,0
BRDA:30,1,0,0
BRDA:30,1,1,0
BRDA:32,2,0,0
BRDA:32,2,1,0
BRDA:40,3,0,0
BRDA:40,3,1,0
BRDA:43,4,0,0
BRDA:43,4,1,0
BRDA:44,5,0,0
BRDA:44,5,1,0
BRF:11
BRH:0
end_of_record
TN:
SF:resources/js/components/app-content.tsx
FN:9,AppContent
FNF:1
FNH:0
FNDA:0,AppContent
DA:1,0
DA:2,0
DA:3,0
DA:9,0
DA:11,0
DA:19,0
DA:20,0
DA:23,0
LF:8
LH:0
BRDA:9,0,0,0
BRDA:19,1,0,0
BRF:2
BRH:0
end_of_record
TN:
SF:resources/js/components/app-header.tsx
FN:45,AppHeader
FN:69,(anonymous_2)
FN:78,(anonymous_3)
FN:105,(anonymous_4)
FN:133,(anonymous_5)
FNF:5
FNH:0
FNDA:0,AppHeader
FNDA:0,(anonymous_2)
FNDA:0,(anonymous_3)
FNDA:0,(anonymous_4)
FNDA:0,(anonymous_5)
DA:1,0
DA:2,0
DA:3,0
DA:4,0
DA:5,0
DA:6,0
DA:7,0
DA:8,0
DA:9,0
DA:10,0
DA:11,0
DA:13,0
DA:14,0
DA:15,0
DA:16,0
DA:18,0
DA:26,0
DA:39,0
DA:45,0
DA:46,0
DA:47,0
DA:48,0
DA:49,0
DA:70,0
DA:79,0
DA:106,0
DA:134,0
LF:27
LH:0
BRDA:45,0,0,0
BRDA:71,1,0,0
BRDA:71,1,1,0
BRDA:86,2,0,0
BRDA:86,2,1,0
BRDA:111,3,0,0
BRDA:111,3,1,0
BRDA:115,4,0,0
BRDA:115,4,1,0
BRDA:118,5,0,0
BRDA:118,5,1,0
BRDA:144,6,0,0
BRDA:144,6,1,0
BRDA:174,7,0,0
BRDA:174,7,1,0
BRF:15
BRH:0
end_of_record
TN:
SF:resources/js/components/app-logo-icon.tsx
FN:3,AppLogoIcon
FNF:1
FNH:1
FNDA:4,AppLogoIcon
DA:3,1
DA:4,4
LF:2
LH:2
BRF:0
BRH:0
end_of_record
TN:
SF:resources/js/components/app-logo.tsx
FN:3,AppLogo
FNF:1
FNH:1
FNDA:4,AppLogo
DA:1,1
DA:3,1
DA:4,4
LF:3
LH:3
BRF:0
BRH:0
end_of_record
TN:
SF:resources/js/components/app-shell.tsx
FN:10,AppShell
FN:11,(anonymous_1)
FN:13,(anonymous_2)
FNF:3
FNH:0
FNDA:0,AppShell
FNDA:0,(anonymous_1)
FNDA:0,(anonymous_2)
DA:1,0
DA:2,0
DA:3,0
DA:10,0
DA:11,0
DA:13,0
DA:14,0
DA:16,0
DA:17,0
DA:21,0
DA:22,0
DA:30,0
LF:12
LH:0
BRDA:10,0,0,0
BRDA:11,1,0,0
BRDA:11,1,1,0
BRDA:16,2,0,0
BRDA:21,3,0,0
BRF:5
BRH:0
end_of_record
TN:
SF:resources/js/components/app-sidebar-header.tsx
FN:5,AppSidebarHeader
FNF:1
FNH:0
FNDA:0,AppSidebarHeader
DA:1,0
DA:2,0
DA:5,0
DA:6,0
LF:4
LH:0
BRDA:5,0,0,0
BRF:1
BRH:0
end_of_record
TN:
SF:resources/js/components/app-sidebar.tsx
FN:118,AppSidebar
FNF:1
FNH:0
FNDA:0,AppSidebar
DA:1,0
DA:2,0
DA:3,0
DA:4,0
DA:6,0
DA:7,0
DA:8,0
DA:10,0
DA:19,0
DA:58,0
DA:82,0
DA:105,0
DA:118,0
DA:119,0
DA:120,0
DA:123,0
DA:125,0
DA:127,0
DA:128,0
DA:129,0
DA:130,0
DA:131,0
DA:134,0
DA:137,0
LF:24
LH:0
BRDA:120,0,0,0
BRDA:120,0,1,0
BRDA:125,1,0,0
BRDA:125,1,1,0
BRDA:128,2,0,0
BRDA:128,2,1,0
BRDA:130,3,0,0
BRDA:130,3,1,0
BRDA:143,4,0,0
BRDA:143,4,1,0
BRF:10
BRH:0
end_of_record
TN:
SF:resources/js/components/appearance-dropdown.tsx
FN:7,AppearanceToggleDropdown
FN:10,(anonymous_1)
FN:31,(anonymous_2)
FN:37,(anonymous_3)
FN:43,(anonymous_4)
FNF:5
FNH:0
FNDA:0,AppearanceToggleDropdown
FNDA:0,(anonymous_1)
FNDA:0,(anonymous_2)
FNDA:0,(anonymous_3)
FNDA:0,(anonymous_4)
DA:1,0
DA:2,0
DA:3,0
DA:4,0
DA:7,0
DA:8,0
DA:10,0
DA:11,0
DA:13,0
DA:15,0
DA:17,0
DA:21,0
DA:31,0
DA:37,0
DA:43,0
LF:15
LH:0
BRDA:7,0,0,0
BRDA:11,1,0,0
BRDA:11,1,1,0
BRDA:11,1,2,0
BRF:4
BRH:0
end_of_record
TN:
SF:resources/js/components/appearance-tabs.tsx
FN:6,AppearanceToggleTab
FN:17,(anonymous_1)
FN:20,(anonymous_2)
FNF:3
FNH:0
FNDA:0,AppearanceToggleTab
FNDA:0,(anonymous_1)
FNDA:0,(anonymous_2)
DA:1,0
DA:2,0
DA:3,0
DA:6,0
DA:7,0
DA:9,0
DA:15,0
DA:18,0
DA:20,0
LF:9
LH:0
BRDA:6,0,0,0
BRDA:23,1,0,0
BRDA:23,1,1,0
BRF:3
BRH:0
end_of_record
TN:
SF:resources/js/components/breadcrumbs.tsx
FN:6,Breadcrumbs
FN:12,(anonymous_1)
FNF:2
FNH:0
FNDA:0,Breadcrumbs
FNDA:0,(anonymous_1)
DA:1,0
DA:3,0
DA:4,0
DA:6,0
DA:7,0
DA:13,0
DA:14,0
LF:7
LH:0
BRDA:9,0,0,0
BRDA:9,0,1,0
BRDA:17,1,0,0
BRDA:17,1,1,0
BRDA:25,2,0,0
BRDA:25,2,1,0
BRF:6
BRH:0
end_of_record
TN:
SF:resources/js/components/delete-user.tsx
FN:13,DeleteUser
FN:17,(anonymous_2)
FN:22,(anonymous_3)
FN:23,(anonymous_4)
FN:24,(anonymous_5)
FN:28,(anonymous_6)
FN:64,(anonymous_7)
FNF:7
FNH:0
FNDA:0,DeleteUser
FNDA:0,(anonymous_2)
FNDA:0,(anonymous_3)
FNDA:0,(anonymous_4)
FNDA:0,(anonymous_5)
FNDA:0,(anonymous_6)
FNDA:0,(anonymous_7)
DA:1,0
DA:2,0
DA:4,0
DA:5,0
DA:6,0
DA:7,0
DA:9,0
DA:11,0
DA:13,0
DA:14,0
DA:15,0
DA:17,0
DA:18,0
DA:20,0
DA:22,0
DA:23,0
DA:24,0
DA:28,0
DA:29,0
DA:30,0
DA:33,0
DA:64,0
LF:22
LH:0
BRF:0
BRH:0
end_of_record
TN:
SF:resources/js/components/flash-message.tsx
FN:13,FlashMessage
FN:21,(anonymous_1)
FN:23,(anonymous_2)
FN:26,(anonymous_3)
FN:31,(anonymous_4)
FN:38,(anonymous_5)
FN:68,(anonymous_6)
FNF:7
FNH:0
FNDA:0,FlashMessage
FNDA:0,(anonymous_1)
FNDA:0,(anonymous_2)
FNDA:0,(anonymous_3)
FNDA:0,(anonymous_4)
FNDA:0,(anonymous_5)
FNDA:0,(anonymous_6)
DA:1,0
DA:2,0
DA:3,0
DA:4,0
DA:13,0
DA:19,0
DA:21,0
DA:22,0
DA:23,0
DA:24,0
DA:26,0
DA:28,0
DA:31,0
DA:32,0
DA:33,0
DA:34,0
DA:35,0
DA:38,0
DA:39,0
DA:40,0
DA:41,0
DA:42,0
DA:45,0
DA:68,0
LF:24
LH:0
BRDA:16,0,0,0
BRDA:17,1,0,0
BRDA:22,2,0,0
BRDA:32,3,0,0
BRDA:33,4,0,0
BRDA:34,5,0,0
BRDA:39,6,0,0
BRDA:40,7,0,0
BRDA:41,8,0,0
BRDA:47,9,0,0
BRDA:47,9,1,0
BRF:11
BRH:0
end_of_record
TN:
SF:resources/js/components/heading-small.tsx
FN:1,HeadingSmall
FNF:1
FNH:0
FNDA:0,HeadingSmall
DA:1,0
DA:2,0
LF:2
LH:0
BRDA:5,0,0,0
BRDA:5,0,1,0
BRF:2
BRH:0
end_of_record
TN:
SF:resources/js/components/heading.tsx
FN:1,Heading
FNF:1
FNH:0
FNDA:0,Heading
DA:1,0
DA:2,0
LF:2
LH:0
BRDA:5,0,0,0
BRDA:5,0,1,0
BRF:2
BRH:0
end_of_record
TN:
SF:resources/js/components/icon.tsx
FN:9,Icon
FNF:1
FNH:0
FNDA:0,Icon
DA:1,0
DA:9,0
DA:10,0
LF:3
LH:0
BRF:0
BRH:0
end_of_record
TN:
SF:resources/js/components/input-error.tsx
FN:4,InputError
FNF:1
FNH:1
FNDA:5,InputError
DA:1,1
DA:4,1
DA:5,5
LF:3
LH:3
BRDA:4,0,0,4
BRDA:5,1,0,3
BRDA:5,1,1,2
BRF:3
BRH:3
end_of_record
TN:
SF:resources/js/components/nav-footer.tsx
FN:6,NavFooter
FN:17,(anonymous_1)
FNF:2
FNH:0
FNDA:0,NavFooter
FNDA:0,(anonymous_1)
DA:1,0
DA:2,0
DA:6,0
DA:13,0
DA:18,0
LF:5
LH:0
BRDA:14,0,0,0
BRDA:14,0,1,0
BRDA:24,1,0,0
BRDA:24,1,1,0
BRF:4
BRH:0
end_of_record
TN:
SF:resources/js/components/nav-main.tsx
FN:5,NavMain
FN:11,(anonymous_1)
FNF:2
FNH:0
FNDA:0,NavMain
FNDA:0,(anonymous_1)
DA:1,0
DA:3,0
DA:5,0
DA:6,0
DA:7,0
DA:12,0
LF:6
LH:0
BRDA:5,0,0,0
BRDA:18,1,0,0
BRDA:18,1,1,0
BRF:3
BRH:0
end_of_record
TN:
SF:resources/js/components/nav-user.tsx
FN:10,NavUser
FNF:1
FNH:0
FNDA:0,NavUser
DA:1,0
DA:2,0
DA:3,0
DA:4,0
DA:5,0
DA:7,0
DA:8,0
DA:10,0
DA:11,0
DA:12,0
DA:13,0
DA:15,0
LF:12
LH:0
BRDA:28,0,0,0
BRDA:28,0,1,0
BRDA:28,1,0,0
BRDA:28,1,1,0
BRF:4
BRH:0
end_of_record
TN:
SF:resources/js/components/text-link.tsx
FN:7,TextLink
FNF:1
FNH:0
FNDA:0,TextLink
DA:1,0
DA:2,0
DA:7,0
DA:8,0
LF:4
LH:0
BRDA:7,0,0,0
BRF:1
BRH:0
end_of_record
TN:
SF:resources/js/components/user-info.tsx
FN:5,UserInfo
FNF:1
FNH:0
FNDA:0,UserInfo
DA:1,0
DA:2,0
DA:5,0
DA:6,0
DA:8,0
LF:5
LH:0
BRDA:5,0,0,0
BRDA:18,1,0,0
BRDA:18,1,1,0
BRF:3
BRH:0
end_of_record
TN:
SF:resources/js/components/user-menu-content.tsx
FN:12,UserMenuContent
FNF:1
FNH:0
FNDA:0,UserMenuContent
DA:1,0
DA:2,0
DA:3,0
DA:5,0
DA:6,0
DA:12,0
DA:13,0
DA:15,0
LF:8
LH:0
BRF:0
BRH:0
end_of_record
TN:
SF:resources/js/components/ui/alert-dialog.tsx
FN:16,(anonymous_9)
FN:31,(anonymous_10)
FN:46,(anonymous_11)
FN:60,(anonymous_12)
FN:77,(anonymous_13)
FN:89,(anonymous_14)
FN:102,(anonymous_15)
FN:114,(anonymous_16)
FNF:8
FNH:0
FNDA:0,(anonymous_9)
FNDA:0,(anonymous_10)
FNDA:0,(anonymous_11)
FNDA:0,(anonymous_12)
FNDA:0,(anonymous_13)
FNDA:0,(anonymous_14)
FNDA:0,(anonymous_15)
FNDA:0,(anonymous_16)
DA:1,0
DA:2,0
DA:4,0
DA:5,0
DA:7,0
DA:9,0
DA:11,0
DA:13,0
DA:17,0
DA:26,0
DA:28,0
DA:32,0
DA:44,0
DA:46,0
DA:50,0
DA:58,0
DA:60,0
DA:64,0
DA:72,0
DA:74,0
DA:78,0
DA:84,0
DA:86,0
DA:90,0
DA:96,0
DA:99,0
DA:103,0
DA:109,0
DA:111,0
DA:115,0
DA:125,0
DA:128,0
DA:129,0
DA:130,0
DA:131,0
DA:132,0
DA:133,0
DA:134,0
DA:135,0
DA:136,0
DA:137,0
DA:138,0
LF:42
LH:0
BRF:0
BRH:0
end_of_record
TN:
SF:resources/js/components/ui/alert.tsx
FN:22,Alert
FN:37,AlertTitle
FN:50,AlertDescription
FNF:3
FNH:0
FNDA:0,Alert
FNDA:0,AlertTitle
FNDA:0,AlertDescription
DA:1,0
DA:2,0
DA:4,0
DA:6,0
DA:27,0
DA:38,0
DA:54,0
DA:66,0
LF:8
LH:0
BRF:0
BRH:0
end_of_record
TN:
SF:resources/js/components/ui/avatar.tsx
FN:6,Avatar
FN:22,AvatarImage
FN:35,AvatarFallback
FNF:3
FNH:0
FNDA:0,Avatar
FNDA:0,AvatarImage
FNDA:0,AvatarFallback
DA:1,0
DA:2,0
DA:4,0
DA:10,0
DA:26,0
DA:39,0
DA:51,0
LF:7
LH:0
BRF:0
BRH:0
end_of_record
TN:
SF:resources/js/components/ui/badge.tsx
FN:28,Badge
FNF:1
FNH:0
FNDA:0,Badge
DA:1,0
DA:2,0
DA:3,0
DA:5,0
DA:7,0
DA:35,0
DA:37,0
DA:46,0
LF:8
LH:0
BRDA:31,0,0,0
BRDA:35,1,0,0
BRDA:35,1,1,0
BRF:3
BRH:0
end_of_record
TN:
SF:resources/js/components/ui/breadcrumb.tsx
FN:7,Breadcrumb
FN:11,BreadcrumbList
FN:24,BreadcrumbItem
FN:34,BreadcrumbLink
FN:52,BreadcrumbPage
FN:65,BreadcrumbSeparator
FN:83,BreadcrumbEllipsis
FNF:7
FNH:0
FNDA:0,Breadcrumb
FNDA:0,BreadcrumbList
FNDA:0,BreadcrumbItem
FNDA:0,BreadcrumbLink
FNDA:0,BreadcrumbPage
FNDA:0,BreadcrumbSeparator
FNDA:0,BreadcrumbEllipsis
DA:1,0
DA:2,0
DA:3,0
DA:5,0
DA:8,0
DA:12,0
DA:25,0
DA:41,0
DA:43,0
DA:53,0
DA:70,0
DA:87,0
DA:102,0
DA:103,0
DA:104,0
DA:105,0
DA:106,0
DA:107,0
DA:108,0
LF:19
LH:0
BRDA:41,0,0,0
BRDA:41,0,1,0
BRDA:78,1,0,0
BRDA:78,1,1,0
BRF:4
BRH:0
end_of_record
TN:
SF:resources/js/components/ui/button.tsx
FN:37,Button
FNF:1
FNH:0
FNDA:0,Button
DA:1,0
DA:2,0
DA:3,0
DA:5,0
DA:7,0
DA:47,0
DA:49,0
DA:58,0
LF:8
LH:0
BRDA:41,0,0,0
BRDA:47,1,0,0
BRDA:47,1,1,0
BRF:3
BRH:0
end_of_record
TN:
SF:resources/js/components/ui/calendar.tsx
FN:9,Calendar
FN:54,(anonymous_10)
FN:55,(anonymous_11)
FNF:3
FNH:0
FNDA:0,Calendar
FNDA:0,(anonymous_10)
FNDA:0,(anonymous_11)
DA:1,0
DA:2,0
DA:3,0
DA:4,0
DA:5,0
DA:15,0
DA:54,0
DA:55,0
DA:61,0
DA:63,0
LF:10
LH:0
BRDA:12,0,0,0
BRF:1
BRH:0
end_of_record
TN:
SF:resources/js/components/ui/card.tsx
FN:5,Card
FN:18,CardHeader
FN:28,CardTitle
FN:38,CardDescription
FN:48,CardContent
FN:58,CardFooter
FNF:6
FNH:0
FNDA:0,Card
FNDA:0,CardHeader
FNDA:0,CardTitle
FNDA:0,CardDescription
FNDA:0,CardContent
FNDA:0,CardFooter
DA:1,0
DA:3,0
DA:6,0
DA:19,0
DA:29,0
DA:39,0
DA:49,0
DA:59,0
DA:68,0
LF:9
LH:0
BRF:0
BRH:0
end_of_record
TN:
SF:resources/js/components/ui/checkbox.tsx
FN:7,Checkbox
FNF:1
FNH:0
FNDA:0,Checkbox
DA:1,0
DA:2,0
DA:3,0
DA:5,0
DA:11,0
DA:30,0
LF:6
LH:0
BRF:0
BRH:0
end_of_record
TN:
SF:resources/js/components/ui/collapsible.tsx
FN:3,Collapsible
FN:9,CollapsibleTrigger
FN:20,CollapsibleContent
FNF:3
FNH:0
FNDA:0,Collapsible
FNDA:0,CollapsibleTrigger
FNDA:0,CollapsibleContent
DA:1,0
DA:6,0
DA:12,0
DA:23,0
DA:31,0
LF:5
LH:0
BRF:0
BRH:0
end_of_record
TN:
SF:resources/js/components/ui/dialog.tsx
FN:7,Dialog
FN:13,DialogTrigger
FN:19,DialogPortal
FN:25,DialogClose
FN:31,DialogOverlay
FN:47,DialogContent
FN:73,DialogHeader
FN:83,DialogFooter
FN:96,DialogTitle
FN:109,DialogDescription
FNF:10
FNH:0
FNDA:0,Dialog
FNDA:0,DialogTrigger
FNDA:0,DialogPortal
FNDA:0,DialogClose
FNDA:0,DialogOverlay
FNDA:0,DialogContent
FNDA:0,DialogHeader
FNDA:0,DialogFooter
FNDA:0,DialogTitle
FNDA:0,DialogDescription
DA:1,0
DA:2,0
DA:3,0
DA:5,0
DA:10,0
DA:16,0
DA:22,0
DA:28,0
DA:35,0
DA:52,0
DA:74,0
DA:84,0
DA:100,0
DA:113,0
DA:123,0
DA:124,0
DA:125,0
DA:126,0
DA:127,0
DA:128,0
DA:129,0
DA:130,0
DA:131,0
DA:132,0
LF:24
LH:0
BRF:0
BRH:0
end_of_record
TN:
SF:resources/js/components/ui/dropdown-menu.tsx
FN:7,DropdownMenu
FN:13,DropdownMenuPortal
FN:21,DropdownMenuTrigger
FN:32,DropdownMenuContent
FN:52,DropdownMenuGroup
FN:60,DropdownMenuItem
FN:83,DropdownMenuCheckboxItem
FN:109,DropdownMenuRadioGroup
FN:120,DropdownMenuRadioItem
FN:144,DropdownMenuLabel
FN:164,DropdownMenuSeparator
FN:177,DropdownMenuShortcut
FN:193,DropdownMenuSub
FN:199,DropdownMenuSubTrigger
FN:223,DropdownMenuSubContent
FNF:15
FNH:0
FNDA:0,DropdownMenu
FNDA:0,DropdownMenuPortal
FNDA:0,DropdownMenuTrigger
FNDA:0,DropdownMenuContent
FNDA:0,DropdownMenuGroup
FNDA:0,DropdownMenuItem
FNDA:0,DropdownMenuCheckboxItem
FNDA:0,DropdownMenuRadioGroup
FNDA:0,DropdownMenuRadioItem
FNDA:0,DropdownMenuLabel
FNDA:0,DropdownMenuSeparator
FNDA:0,DropdownMenuShortcut
FNDA:0,DropdownMenuSub
FNDA:0,DropdownMenuSubTrigger
FNDA:0,DropdownMenuSubContent
DA:1,0
DA:2,0
DA:3,0
DA:5,0
DA:10,0
DA:16,0
DA:24,0
DA:37,0
DA:55,0
DA:69,0
DA:89,0
DA:112,0
DA:125,0
DA:151,0
DA:168,0
DA:181,0
DA:196,0
DA:207,0
DA:227,0
DA:240,0
DA:241,0
DA:242,0
DA:243,0
DA:244,0
DA:245,0
DA:246,0
DA:247,0
DA:248,0
DA:249,0
DA:250,0
DA:251,0
DA:252,0
DA:253,0
DA:254,0
LF:34
LH:0
BRDA:34,0,0,0
BRDA:63,1,0,0
BRF:2
BRH:0
end_of_record
TN:
SF:resources/js/components/ui/form.tsx
FN:27,(anonymous_9)
FN:40,(anonymous_10)
FN:74,(anonymous_11)
FN:88,(anonymous_12)
FN:105,(anonymous_13)
FN:127,(anonymous_14)
FN:144,(anonymous_15)
FNF:7
FNH:0
FNDA:0,(anonymous_9)
FNDA:0,(anonymous_10)
FNDA:0,(anonymous_11)
FNDA:0,(anonymous_12)
FNDA:0,(anonymous_13)
FNDA:0,(anonymous_14)
FNDA:0,(anonymous_15)
DA:1,0
DA:2,0
DA:10,0
DA:11,0
DA:12,0
DA:14,0
DA:23,0
DA:27,0
DA:33,0
DA:40,0
DA:41,0
DA:42,0
DA:43,0
DA:45,0
DA:47,0
DA:48,0
DA:51,0
DA:53,0
DA:67,0
DA:71,0
DA:75,0
DA:77,0
DA:83,0
DA:85,0
DA:89,0
DA:91,0
DA:100,0
DA:102,0
DA:106,0
DA:108,0
DA:122,0
DA:124,0
DA:128,0
DA:130,0
DA:139,0
DA:141,0
DA:145,0
DA:146,0
DA:148,0
DA:149,0
DA:152,0
DA:163,0
DA:166,0
DA:167,0
DA:168,0
DA:169,0
DA:170,0
DA:171,0
DA:172,0
DA:173,0
LF:50
LH:0
BRDA:47,0,0,0
BRDA:94,1,0,0
BRDA:94,1,1,0
BRDA:113,2,0,0
BRDA:113,2,1,0
BRDA:146,3,0,0
BRDA:146,3,1,0
BRDA:148,4,0,0
BRF:8
BRH:0
end_of_record
TN:
SF:resources/js/components/ui/icon.tsx
FN:8,Icon
FNF:1
FNH:0
FNDA:0,Icon
DA:8,0
DA:9,0
DA:10,0
DA:13,0
LF:4
LH:0
BRDA:9,0,0,0
BRF:1
BRH:0
end_of_record
TN:
SF:resources/js/components/ui/input.tsx
FN:5,Input
FNF:1
FNH:0
FNDA:0,Input
DA:1,0
DA:3,0
DA:6,0
DA:21,0
LF:4
LH:0
BRF:0
BRH:0
end_of_record
TN:
SF:resources/js/components/ui/label.tsx
FN:6,Label
FNF:1
FNH:0
FNDA:0,Label
DA:1,0
DA:2,0
DA:4,0
DA:10,0
DA:22,0
LF:5
LH:0
BRF:0
BRH:0
end_of_record
TN:
SF:resources/js/components/ui/navigation-menu.tsx
FN:8,NavigationMenu
FN:32,NavigationMenuList
FN:48,NavigationMenuItem
FN:65,NavigationMenuTrigger
FN:85,NavigationMenuContent
FN:102,NavigationMenuViewport
FN:124,NavigationMenuLink
FN:140,NavigationMenuIndicator
FNF:8
FNH:0
FNDA:0,NavigationMenu
FNDA:0,NavigationMenuList
FNDA:0,NavigationMenuItem
FNDA:0,NavigationMenuTrigger
FNDA:0,NavigationMenuContent
FNDA:0,NavigationMenuViewport
FNDA:0,NavigationMenuLink
FNDA:0,NavigationMenuIndicator
DA:1,0
DA:2,0
DA:3,0
DA:4,0
DA:6,0
DA:16,0
DA:36,0
DA:52,0
DA:61,0
DA:70,0
DA:89,0
DA:106,0
DA:128,0
DA:144,0
DA:159,0
DA:160,0
DA:161,0
DA:162,0
DA:163,0
DA:164,0
DA:165,0
DA:166,0
DA:167,0
LF:23
LH:0
BRDA:11,0,0,0
BRDA:27,1,0,0
BRDA:27,1,1,0
BRF:3
BRH:0
end_of_record
TN:
SF:resources/js/components/ui/pagination.tsx
FN:13,Pagination
FN:24,(anonymous_1)
FN:73,(anonymous_2)
FN:81,(anonymous_3)
FN:101,(anonymous_4)
FN:112,(anonymous_5)
FNF:6
FNH:0
FNDA:0,Pagination
FNDA:0,(anonymous_1)
FNDA:0,(anonymous_2)
FNDA:0,(anonymous_3)
FNDA:0,(anonymous_4)
FNDA:0,(anonymous_5)
DA:1,0
DA:2,0
DA:13,0
DA:21,0
DA:24,0
DA:25,0
DA:26,0
DA:29,0
DA:31,0
DA:32,0
DA:35,0
DA:36,0
DA:40,0
DA:41,0
DA:45,0
DA:46,0
DA:50,0
DA:51,0
DA:54,0
DA:58,0
DA:59,0
DA:62,0
DA:73,0
DA:82,0
DA:83,0
DA:96,0
DA:101,0
DA:112,0
LF:28
LH:0
BRDA:18,0,0,0
BRDA:35,1,0,0
BRDA:45,2,0,0
BRDA:50,3,0,0
BRDA:58,4,0,0
BRDA:82,5,0,0
BRDA:82,6,0,0
BRDA:82,6,1,0
BRDA:99,7,0,0
BRDA:99,7,1,0
BRF:10
BRH:0
end_of_record
TN:
SF:resources/js/components/ui/placeholder-pattern.tsx
FN:7,PlaceholderPattern
FNF:1
FNH:0
FNDA:0,PlaceholderPattern
DA:1,0
DA:7,0
DA:8,0
DA:10,0
LF:4
LH:0
BRF:0
BRH:0
end_of_record
TN:
SF:resources/js/components/ui/popover.tsx
FN:12,(anonymous_9)
FNF:1
FNH:0
FNDA:0,(anonymous_9)
DA:1,0
DA:2,0
DA:3,0
DA:5,0
DA:7,0
DA:9,0
DA:13,0
DA:26,0
DA:28,0
LF:9
LH:0
BRDA:12,0,0,0
BRDA:12,1,0,0
BRF:2
BRH:0
end_of_record
TN:
SF:resources/js/components/ui/progress.tsx
FN:11,(anonymous_9)
FNF:1
FNH:0
FNDA:0,(anonymous_9)
DA:3,0
DA:4,0
DA:6,0
DA:8,0
DA:12,0
DA:26,0
DA:28,0
LF:7
LH:0
BRDA:22,0,0,0
BRDA:22,0,1,0
BRF:2
BRH:0
end_of_record
TN:
SF:resources/js/components/ui/radio-group.tsx
FN:12,(anonymous_9)
FN:26,(anonymous_10)
FNF:2
FNH:0
FNDA:0,(anonymous_9)
FNDA:0,(anonymous_10)
DA:3,0
DA:4,0
DA:5,0
DA:7,0
DA:9,0
DA:13,0
DA:21,0
DA:23,0
DA:27,0
DA:42,0
DA:44,0
LF:11
LH:0
BRF:0
BRH:0
end_of_record
TN:
SF:resources/js/components/ui/select.tsx
FN:7,Select
FN:13,SelectGroup
FN:19,SelectValue
FN:25,SelectTrigger
FN:47,SelectContent
FN:82,SelectLabel
FN:95,SelectItem
FN:119,SelectSeparator
FN:132,SelectScrollUpButton
FN:150,SelectScrollDownButton
FNF:10
FNH:0
FNDA:0,Select
FNDA:0,SelectGroup
FNDA:0,SelectValue
FNDA:0,SelectTrigger
FNDA:0,SelectContent
FNDA:0,SelectLabel
FNDA:0,SelectItem
FNDA:0,SelectSeparator
FNDA:0,SelectScrollUpButton
FNDA:0,SelectScrollDownButton
DA:1,0
DA:2,0
DA:3,0
DA:5,0
DA:10,0
DA:16,0
DA:22,0
DA:30,0
DA:53,0
DA:86,0
DA:100,0
DA:123,0
DA:136,0
DA:154,0
DA:169,0
DA:170,0
DA:171,0
DA:172,0
DA:173,0
DA:174,0
DA:175,0
DA:176,0
DA:177,0
DA:178,0
LF:24
LH:0
BRDA:50,0,0,0
BRDA:59,1,0,0
BRDA:59,1,1,0
BRDA:70,2,0,0
BRDA:70,2,1,0
BRF:5
BRH:0
end_of_record
TN:
SF:resources/js/components/ui/separator.tsx
FN:6,Separator
FNF:1
FNH:0
FNDA:0,Separator
DA:1,0
DA:2,0
DA:4,0
DA:12,0
DA:26,0
LF:5
LH:0
BRDA:8,0,0,0
BRDA:9,1,0,0
BRF:2
BRH:0
end_of_record
TN:
SF:resources/js/components/ui/sheet.tsx
FN:7,Sheet
FN:11,SheetTrigger
FN:17,SheetClose
FN:23,SheetPortal
FN:29,SheetOverlay
FN:45,SheetContent
FN:82,SheetHeader
FN:92,SheetFooter
FN:102,SheetTitle
FN:115,SheetDescription
FNF:10
FNH:0
FNDA:0,Sheet
FNDA:0,SheetTrigger
FNDA:0,SheetClose
FNDA:0,SheetPortal
FNDA:0,SheetOverlay
FNDA:0,SheetContent
FNDA:0,SheetHeader
FNDA:0,SheetFooter
FNDA:0,SheetTitle
FNDA:0,SheetDescription
DA:1,0
DA:2,0
DA:3,0
DA:5,0
DA:8,0
DA:14,0
DA:20,0
DA:26,0
DA:33,0
DA:53,0
DA:83,0
DA:93,0
DA:106,0
DA:119,0
DA:129,0
DA:130,0
DA:131,0
DA:132,0
DA:133,0
DA:134,0
DA:135,0
DA:136,0
LF:22
LH:0
BRDA:48,0,0,0
BRDA:60,1,0,0
BRDA:60,1,1,0
BRDA:62,2,0,0
BRDA:62,2,1,0
BRDA:64,3,0,0
BRDA:64,3,1,0
BRDA:66,4,0,0
BRDA:66,4,1,0
BRF:9
BRH:0
end_of_record
TN:
SF:resources/js/components/ui/sidebar.tsx
FN:45,useSidebar
FN:54,SidebarProvider
FN:75,(anonymous_11)
FN:90,(anonymous_12)
FN:91,(anonymous_13)
FN:91,(anonymous_14)
FN:95,(anonymous_15)
FN:96,(anonymous_16)
FN:107,(anonymous_17)
FN:115,(anonymous_18)
FN:152,Sidebar
FN:251,SidebarTrigger
FN:265,(anonymous_21)
FN:277,SidebarRail
FN:302,SidebarInset
FN:316,SidebarInput
FN:330,SidebarHeader
FN:341,SidebarFooter
FN:352,SidebarSeparator
FN:366,SidebarContent
FN:380,SidebarGroup
FN:391,SidebarGroupLabel
FN:412,SidebarGroupAction
FN:435,SidebarGroupContent
FN:449,SidebarMenu
FN:460,SidebarMenuItem
FN:493,SidebarMenuButton
FN:543,SidebarMenuAction
FN:575,SidebarMenuBadge
FN:597,SidebarMenuSkeleton
FN:605,(anonymous_39)
FN:635,SidebarMenuSub
FN:650,SidebarMenuSubItem
FN:664,SidebarMenuSubButton
FNF:34
FNH:0
FNDA:0,useSidebar
FNDA:0,SidebarProvider
FNDA:0,(anonymous_11)
FNDA:0,(anonymous_12)
FNDA:0,(anonymous_13)
FNDA:0,(anonymous_14)
FNDA:0,(anonymous_15)
FNDA:0,(anonymous_16)
FNDA:0,(anonymous_17)
FNDA:0,(anonymous_18)
FNDA:0,Sidebar
FNDA:0,SidebarTrigger
FNDA:0,(anonymous_21)
FNDA:0,SidebarRail
FNDA:0,SidebarInset
FNDA:0,SidebarInput
FNDA:0,SidebarHeader
FNDA:0,SidebarFooter
FNDA:0,SidebarSeparator
FNDA:0,SidebarContent
FNDA:0,SidebarGroup
FNDA:0,SidebarGroupLabel
FNDA:0,SidebarGroupAction
FNDA:0,SidebarGroupContent
FNDA:0,SidebarMenu
FNDA:0,SidebarMenuItem
FNDA:0,SidebarMenuButton
FNDA:0,SidebarMenuAction
FNDA:0,SidebarMenuBadge
FNDA:0,SidebarMenuSkeleton
FNDA:0,(anonymous_39)
FNDA:0,SidebarMenuSub
FNDA:0,SidebarMenuSubItem
FNDA:0,SidebarMenuSubButton
DA:1,0
DA:2,0
DA:3,0
DA:4,0
DA:6,0
DA:7,0
DA:8,0
DA:9,0
DA:10,0
DA:11,0
DA:18,0
DA:19,0
DA:26,0
DA:27,0
DA:28,0
DA:29,0
DA:30,0
DA:31,0
DA:43,0
DA:46,0
DA:47,0
DA:48,0
DA:51,0
DA:67,0
DA:68,0
DA:72,0
DA:73,0
DA:74,0
DA:76,0
DA:77,0
DA:78,0
DA:80,0
DA:84,0
DA:90,0
DA:91,0
DA:95,0
DA:96,0
DA:97,0
DA:101,0
DA:102,0
DA:106,0
DA:107,0
DA:112,0
DA:114,0
DA:115,0
DA:127,0
DA:164,0
DA:166,0
DA:167,0
DA:181,0
DA:182,0
DA:206,0
DA:256,0
DA:258,0
DA:266,0
DA:267,0
DA:278,0
DA:280,0
DA:303,0
DA:320,0
DA:331,0
DA:342,0
DA:356,0
DA:367,0
DA:381,0
DA:396,0
DA:398,0
DA:417,0
DA:419,0
DA:439,0
DA:450,0
DA:461,0
DA:471,0
DA:506,0
DA:507,0
DA:510,0
DA:520,0
DA:521,0
DA:524,0
DA:525,0
DA:530,0
DA:552,0
DA:554,0
DA:579,0
DA:605,0
DA:606,0
DA:609,0
DA:636,0
DA:654,0
DA:675,0
DA:677,0
DA:697,0
DA:698,0
DA:699,0
DA:700,0
DA:701,0
DA:702,0
DA:703,0
DA:704,0
DA:705,0
DA:706,0
DA:707,0
DA:708,0
DA:709,0
DA:710,0
DA:711,0
DA:712,0
DA:713,0
DA:714,0
DA:715,0
DA:716,0
DA:717,0
DA:718,0
DA:719,0
DA:720,0
LF:115
LH:0
BRDA:47,0,0,0
BRDA:55,1,0,0
BRDA:73,2,0,0
BRDA:73,2,1,0
BRDA:76,3,0,0
BRDA:76,3,1,0
BRDA:77,4,0,0
BRDA:77,4,1,0
BRDA:91,5,0,0
BRDA:91,5,1,0
BRDA:97,6,0,0
BRDA:98,7,0,0
BRDA:98,7,1,0
BRDA:98,7,2,0
BRDA:112,8,0,0
BRDA:112,8,1,0
BRDA:153,9,0,0
BRDA:154,10,0,0
BRDA:155,11,0,0
BRDA:166,12,0,0
BRDA:181,13,0,0
BRDA:210,14,0,0
BRDA:210,14,1,0
BRDA:221,15,0,0
BRDA:221,15,1,0
BRDA:221,16,0,0
BRDA:221,16,1,0
BRDA:229,17,0,0
BRDA:229,17,1,0
BRDA:233,18,0,0
BRDA:233,18,1,0
BRDA:233,19,0,0
BRDA:233,19,1,0
BRDA:393,20,0,0
BRDA:396,21,0,0
BRDA:396,21,1,0
BRDA:414,22,0,0
BRDA:417,23,0,0
BRDA:417,23,1,0
BRDA:494,24,0,0
BRDA:495,25,0,0
BRDA:496,26,0,0
BRDA:497,27,0,0
BRDA:506,28,0,0
BRDA:506,28,1,0
BRDA:520,29,0,0
BRDA:524,30,0,0
BRDA:536,31,0,0
BRDA:536,31,1,0
BRDA:545,32,0,0
BRDA:546,33,0,0
BRDA:552,34,0,0
BRDA:552,34,1,0
BRDA:566,35,0,0
BRDA:566,35,1,0
BRDA:599,36,0,0
BRDA:616,37,0,0
BRDA:616,37,1,0
BRDA:665,38,0,0
BRDA:666,39,0,0
BRDA:667,40,0,0
BRDA:675,41,0,0
BRDA:675,41,1,0
BRDA:686,42,0,0
BRDA:686,42,1,0
BRDA:687,43,0,0
BRDA:687,43,1,0
BRF:67
BRH:0
end_of_record
TN:
SF:resources/js/components/ui/skeleton.tsx
FN:3,Skeleton
FNF:1
FNH:0
FNDA:0,Skeleton
DA:1,0
DA:4,0
DA:13,0
LF:3
LH:0
BRF:0
BRH:0
end_of_record
TN:
SF:resources/js/components/ui/table.tsx
FN:7,(anonymous_9)
FN:21,(anonymous_10)
FN:29,(anonymous_11)
FN:41,(anonymous_12)
FN:53,(anonymous_13)
FN:68,(anonymous_14)
FN:83,(anonymous_15)
FN:98,(anonymous_16)
FNF:8
FNH:0
FNDA:0,(anonymous_9)
FNDA:0,(anonymous_10)
FNDA:0,(anonymous_11)
FNDA:0,(anonymous_12)
FNDA:0,(anonymous_13)
FNDA:0,(anonymous_14)
FNDA:0,(anonymous_15)
FNDA:0,(anonymous_16)
DA:1,0
DA:2,0
DA:4,0
DA:8,0
DA:16,0
DA:18,0
DA:22,0
DA:24,0
DA:26,0
DA:30,0
DA:36,0
DA:38,0
DA:42,0
DA:48,0
DA:50,0
DA:54,0
DA:63,0
DA:65,0
DA:69,0
DA:78,0
DA:80,0
DA:84,0
DA:93,0
DA:95,0
DA:99,0
DA:105,0
DA:108,0
DA:109,0
DA:110,0
DA:111,0
DA:112,0
DA:113,0
DA:114,0
DA:115,0
LF:34
LH:0
BRF:0
BRH:0
end_of_record
TN:
SF:resources/js/components/ui/tabs.tsx
FN:13,(anonymous_9)
FN:28,(anonymous_10)
FN:43,(anonymous_11)
FNF:3
FNH:0
FNDA:0,(anonymous_9)
FNDA:0,(anonymous_10)
FNDA:0,(anonymous_11)
DA:3,0
DA:4,0
DA:6,0
DA:8,0
DA:10,0
DA:14,0
DA:23,0
DA:25,0
DA:29,0
DA:38,0
DA:40,0
DA:44,0
DA:53,0
DA:55,0
LF:14
LH:0
BRF:0
BRH:0
end_of_record
TN:
SF:resources/js/components/ui/textarea.tsx
FN:8,(anonymous_0)
FNF:1
FNH:0
FNDA:0,(anonymous_0)
DA:1,0
DA:2,0
DA:7,0
DA:9,0
DA:21,0
DA:23,0
LF:6
LH:0
BRF:0
BRH:0
end_of_record
TN:
SF:resources/js/components/ui/toast.tsx
FN:11,(anonymous_9)
FN:40,(anonymous_10)
FN:52,(anonymous_11)
FN:63,(anonymous_12)
FN:71,(anonymous_13)
FN:76,(anonymous_14)
FN:77,(anonymous_15)
FNF:7
FNH:0
FNDA:0,(anonymous_9)
FNDA:0,(anonymous_10)
FNDA:0,(anonymous_11)
FNDA:0,(anonymous_12)
FNDA:0,(anonymous_13)
FNDA:0,(anonymous_14)
FNDA:0,(anonymous_15)
DA:1,0
DA:2,0
DA:3,0
DA:4,0
DA:6,0
DA:11,0
DA:12,0
DA:13,0
DA:14,0
DA:16,0
DA:19,0
DA:40,0
DA:41,0
DA:52,0
DA:53,0
DA:63,0
DA:64,0
DA:71,0
DA:72,0
DA:76,0
DA:77,0
DA:80,0
LF:22
LH:0
BRDA:13,0,0,0
BRDA:63,1,0,0
BRDA:83,2,0,0
BRDA:83,2,1,0
BRF:4
BRH:0
end_of_record
TN:
SF:resources/js/components/ui/toggle-group.tsx
FN:15,ToggleGroup
FN:41,ToggleGroupItem
FNF:2
FNH:0
FNDA:0,ToggleGroup
FNDA:0,ToggleGroupItem
DA:1,0
DA:2,0
DA:5,0
DA:6,0
DA:8,0
DA:23,0
DA:49,0
DA:51,0
DA:71,0
LF:9
LH:0
BRDA:54,0,0,0
BRDA:54,0,1,0
BRDA:55,1,0,0
BRDA:55,1,1,0
BRDA:58,2,0,0
BRDA:58,2,1,0
BRDA:59,3,0,0
BRDA:59,3,1,0
BRF:8
BRH:0
end_of_record
TN:
SF:resources/js/components/ui/toggle.tsx
FN:29,Toggle
FNF:1
FNH:0
FNDA:0,Toggle
DA:1,0
DA:2,0
DA:3,0
DA:5,0
DA:7,0
DA:36,0
DA:45,0
LF:7
LH:0
BRF:0
BRH:0
end_of_record
TN:
SF:resources/js/components/ui/tooltip.tsx
FN:6,TooltipProvider
FN:19,Tooltip
FN:29,TooltipTrigger
FN:35,TooltipContent
FNF:4
FNH:0
FNDA:0,TooltipProvider
FNDA:0,Tooltip
FNDA:0,TooltipTrigger
FNDA:0,TooltipContent
DA:1,0
DA:2,0
DA:4,0
DA:10,0
DA:22,0
DA:32,0
DA:41,0
DA:59,0
LF:8
LH:0
BRDA:7,0,0,0
BRDA:37,1,0,0
BRF:2
BRH:0
end_of_record
TN:
SF:resources/js/hooks/use-appearance.tsx
FN:5,(anonymous_0)
FN:13,(anonymous_1)
FN:22,(anonymous_2)
FN:28,(anonymous_3)
FN:36,(anonymous_4)
FN:41,initializeTheme
FN:50,useAppearance
FN:53,(anonymous_7)
FN:65,(anonymous_8)
FN:69,(anonymous_9)
FNF:10
FNH:0
FNDA:0,(anonymous_0)
FNDA:0,(anonymous_1)
FNDA:0,(anonymous_2)
FNDA:0,(anonymous_3)
FNDA:0,(anonymous_4)
FNDA:0,initializeTheme
FNDA:0,useAppearance
FNDA:0,(anonymous_7)
FNDA:0,(anonymous_8)
FNDA:0,(anonymous_9)
DA:1,0
DA:5,0
DA:6,0
DA:7,0
DA:10,0
DA:13,0
DA:14,0
DA:15,0
DA:18,0
DA:19,0
DA:22,0
DA:23,0
DA:25,0
DA:28,0
DA:29,0
DA:30,0
DA:33,0
DA:36,0
DA:37,0
DA:38,0
DA:41,0
DA:42,0
DA:44,0
DA:47,0
DA:50,0
DA:51,0
DA:53,0
DA:54,0
DA:57,0
DA:60,0
DA:62,0
DA:65,0
DA:66,0
DA:67,0
DA:69,0
DA:72,0
LF:36
LH:0
BRDA:6,0,0,0
BRDA:13,1,0,0
BRDA:14,2,0,0
BRDA:23,3,0,0
BRDA:23,3,1,0
BRDA:23,3,2,0
BRDA:29,4,0,0
BRDA:38,5,0,0
BRDA:38,5,1,0
BRDA:42,6,0,0
BRDA:42,6,1,0
BRDA:67,7,0,0
BRDA:67,7,1,0
BRF:13
BRH:0
end_of_record
TN:
SF:resources/js/hooks/use-initials.tsx
FN:3,useInitials
FN:4,(anonymous_1)
FNF:2
FNH:0
FNDA:0,useInitials
FNDA:0,(anonymous_1)
DA:1,0
DA:3,0
DA:4,0
DA:5,0
DA:7,0
DA:8,0
DA:10,0
DA:11,0
DA:13,0
DA:16,0
LF:10
LH:0
BRDA:7,0,0,0
BRDA:8,1,0,0
BRF:2
BRH:0
end_of_record
TN:
SF:resources/js/hooks/use-mobile-navigation.ts
FN:3,useMobileNavigation
FN:4,(anonymous_1)
FNF:2
FNH:0
FNDA:0,useMobileNavigation
FNDA:0,(anonymous_1)
DA:1,0
DA:3,0
DA:4,0
DA:6,0
DA:9,0
LF:5
LH:0
BRF:0
BRH:0
end_of_record
TN:
SF:resources/js/hooks/use-mobile.tsx
FN:5,useIsMobile
FN:8,(anonymous_1)
FN:11,(anonymous_2)
FN:18,(anonymous_3)
FNF:4
FNH:0
FNDA:0,useIsMobile
FNDA:0,(anonymous_1)
FNDA:0,(anonymous_2)
FNDA:0,(anonymous_3)
DA:1,0
DA:3,0
DA:5,0
DA:6,0
DA:8,0
DA:9,0
DA:11,0
DA:12,0
DA:15,0
DA:16,0
DA:18,0
DA:21,0
LF:12
LH:0
BRF:0
BRH:0
end_of_record
TN:
SF:resources/js/layouts/AppLayout.tsx
FNF:0
FNH:0
DA:1,0
DA:3,0
LF:2
LH:0
BRF:0
BRH:0
end_of_record
TN:
SF:resources/js/layouts/app-layout.tsx
FN:10,(anonymous_1)
FNF:1
FNH:0
FNDA:0,(anonymous_1)
DA:1,0
DA:10,0
DA:11,0
LF:3
LH:0
BRF:0
BRH:0
end_of_record
TN:
SF:resources/js/layouts/auth-layout.tsx
FN:3,AuthLayout
FNF:1
FNH:0
FNDA:0,AuthLayout
DA:1,0
DA:3,0
DA:4,0
LF:3
LH:0
BRF:0
BRH:0
end_of_record
TN:
SF:resources/js/layouts/app/app-header-layout.tsx
FN:7,AppHeaderLayout
FNF:1
FNH:0
FNDA:0,AppHeaderLayout
DA:1,0
DA:2,0
DA:3,0
DA:7,0
DA:8,0
LF:5
LH:0
BRF:0
BRH:0
end_of_record
TN:
SF:resources/js/layouts/app/app-sidebar-layout.tsx
FN:8,AppSidebarLayout
FNF:1
FNH:0
FNDA:0,AppSidebarLayout
DA:1,0
DA:2,0
DA:3,0
DA:4,0
DA:8,0
DA:9,0
LF:6
LH:0
BRDA:8,0,0,0
BRF:1
BRH:0
end_of_record
TN:
SF:resources/js/layouts/auth/auth-card-layout.tsx
FN:6,AuthCardLayout
FNF:1
FNH:0
FNDA:0,AuthCardLayout
DA:1,0
DA:2,0
DA:3,0
DA:6,0
DA:15,0
LF:5
LH:0
BRF:0
BRH:0
end_of_record
TN:
SF:resources/js/layouts/auth/auth-simple-layout.tsx
FN:11,AuthSimpleLayout
FNF:1
FNH:0
FNDA:0,AuthSimpleLayout
DA:1,0
DA:2,0
DA:11,0
DA:12,0
LF:4
LH:0
BRF:0
BRH:0
end_of_record
TN:
SF:resources/js/layouts/auth/auth-split-layout.tsx
FN:11,AuthSplitLayout
FNF:1
FNH:0
FNDA:0,AuthSplitLayout
DA:1,0
DA:2,0
DA:11,0
DA:12,0
LF:4
LH:0
BRF:0
BRH:0
end_of_record
TN:
SF:resources/js/layouts/settings/layout.tsx
FN:27,SettingsLayout
FN:42,(anonymous_2)
FNF:2
FNH:0
FNDA:0,SettingsLayout
FNDA:0,(anonymous_2)
DA:1,0
DA:2,0
DA:3,0
DA:4,0
DA:6,0
DA:9,0
DA:27,0
DA:29,0
DA:30,0
DA:33,0
DA:35,0
DA:43,0
LF:12
LH:0
BRDA:29,0,0,0
BRF:1
BRH:0
end_of_record
TN:
SF:resources/js/lib/utils.ts
FN:4,cn
FN:11,formatBytes
FNF:2
FNH:1
FNDA:3,cn
FNDA:0,formatBytes
DA:1,2
DA:2,2
DA:4,2
DA:5,3
DA:11,2
DA:12,0
DA:14,0
DA:15,0
DA:16,0
DA:18,0
DA:20,0
LF:11
LH:5
BRDA:11,0,0,0
BRDA:12,1,0,0
BRDA:15,2,0,0
BRDA:15,2,1,0
BRF:4
BRH:0
end_of_record
TN:
SF:resources/js/pages/dashboard.tsx
FN:17,Dashboard
FN:20,(anonymous_2)
FN:114,(anonymous_3)
FN:141,(anonymous_4)
FN:175,(anonymous_5)
FNF:5
FNH:0
FNDA:0,Dashboard
FNDA:0,(anonymous_2)
FNDA:0,(anonymous_3)
FNDA:0,(anonymous_4)
FNDA:0,(anonymous_5)
DA:1,0
DA:3,0
DA:4,0
DA:6,0
DA:7,0
DA:8,0
DA:10,0
DA:17,0
DA:18,0
DA:20,0
DA:22,0
DA:23,0
DA:24,0
DA:25,0
DA:26,0
DA:27,0
DA:28,0
DA:33,0
DA:115,0
DA:142,0
DA:176,0
LF:21
LH:0
BRDA:22,0,0,0
BRDA:23,1,0,0
BRDA:23,1,1,0
BRDA:23,2,0,0
BRDA:23,2,1,0
BRDA:25,3,0,0
BRDA:25,3,1,0
BRDA:25,4,0,0
BRDA:25,4,1,0
BRDA:27,5,0,0
BRDA:27,6,0,0
BRDA:27,6,1,0
BRF:12
BRH:0
end_of_record
TN:
SF:resources/js/pages/welcome.tsx
FN:4,Welcome
FNF:1
FNH:0
FNDA:0,Welcome
DA:1,0
DA:4,0
DA:5,0
LF:3
LH:0
BRDA:10,0,0,0
BRDA:10,0,1,0
BRDA:74,1,0,0
BRDA:74,1,1,0
BRF:4
BRH:0
end_of_record
TN:
SF:resources/js/pages/Admin/Dashboard.tsx
FN:19,AdminDashboard
FN:157,(anonymous_2)
FN:197,(anonymous_3)
FN:261,(anonymous_4)
FNF:4
FNH:0
FNDA:0,AdminDashboard
FNDA:0,(anonymous_2)
FNDA:0,(anonymous_3)
FNDA:0,(anonymous_4)
DA:1,0
DA:3,0
DA:4,0
DA:5,0
DA:6,0
DA:8,0
DA:19,0
DA:20,0
DA:158,0
DA:198,0
DA:262,0
LF:11
LH:0
BRDA:160,0,0,0
BRDA:160,0,1,0
BRDA:168,1,0,0
BRDA:168,1,1,0
BRDA:200,2,0,0
BRDA:200,2,1,0
BRDA:201,3,0,0
BRDA:201,3,1,0
BRDA:210,4,0,0
BRDA:210,4,1,0
BRDA:211,5,0,0
BRDA:211,5,1,0
BRF:12
BRH:0
end_of_record
TN:
SF:resources/js/pages/Admin/Courses/Create.tsx
FN:37,Create
FN:60,(anonymous_2)
FN:65,(anonymous_3)
FN:82,(anonymous_4)
FN:88,(anonymous_5)
FN:261,(anonymous_6)
FN:275,(anonymous_7)
FN:284,(anonymous_8)
FN:305,(anonymous_9)
FN:308,(anonymous_10)
FN:314,(anonymous_11)
FN:330,(anonymous_12)
FN:335,(anonymous_13)
FN:362,(anonymous_14)
FN:367,(anonymous_15)
FNF:15
FNH:0
FNDA:0,Create
FNDA:0,(anonymous_2)
FNDA:0,(anonymous_3)
FNDA:0,(anonymous_4)
FNDA:0,(anonymous_5)
FNDA:0,(anonymous_6)
FNDA:0,(anonymous_7)
FNDA:0,(anonymous_8)
FNDA:0,(anonymous_9)
FNDA:0,(anonymous_10)
FNDA:0,(anonymous_11)
FNDA:0,(anonymous_12)
FNDA:0,(anonymous_13)
FNDA:0,(anonymous_14)
FNDA:0,(anonymous_15)
DA:1,0
DA:2,0
DA:3,0
DA:5,0
DA:6,0
DA:13,0
DA:14,0
DA:22,0
DA:23,0
DA:24,0
DA:37,0
DA:39,0
DA:56,0
DA:57,0
DA:58,0
DA:60,0
DA:61,0
DA:62,0
DA:65,0
DA:66,0
DA:67,0
DA:73,0
DA:76,0
DA:77,0
DA:78,0
DA:82,0
DA:83,0
DA:84,0
DA:85,0
DA:88,0
DA:89,0
DA:90,0
DA:94,0
DA:104,0
DA:262,0
DA:275,0
DA:284,0
DA:306,0
DA:308,0
DA:314,0
DA:330,0
DA:336,0
DA:362,0
DA:368,0
LF:44
LH:0
BRDA:66,0,0,0
BRDA:66,1,0,0
BRDA:66,1,1,0
BRDA:66,1,2,0
BRDA:133,2,0,0
BRDA:133,2,1,0
BRDA:146,3,0,0
BRDA:146,3,1,0
BRDA:160,4,0,0
BRDA:160,4,1,0
BRDA:172,5,0,0
BRDA:172,5,1,0
BRDA:184,6,0,0
BRDA:184,6,1,0
BRDA:206,7,0,0
BRDA:206,7,1,0
BRDA:218,8,0,0
BRDA:218,8,1,0
BRDA:233,9,0,0
BRDA:233,9,1,0
BRDA:245,10,0,0
BRDA:245,10,1,0
BRDA:299,11,0,0
BRDA:299,11,1,0
BRDA:301,12,0,0
BRDA:301,12,1,0
BRDA:342,13,0,0
BRDA:342,13,1,0
BRDA:356,14,0,0
BRDA:356,14,1,0
BRDA:374,15,0,0
BRDA:374,15,1,0
BRDA:381,16,0,0
BRDA:381,16,1,0
BRF:34
BRH:0
end_of_record
TN:
SF:resources/js/pages/Admin/Courses/Edit.tsx
FN:38,Edit
FN:61,(anonymous_2)
FN:66,(anonymous_3)
FN:83,(anonymous_4)
FN:89,(anonymous_5)
FN:262,(anonymous_6)
FN:276,(anonymous_7)
FN:285,(anonymous_8)
FN:306,(anonymous_9)
FN:309,(anonymous_10)
FN:315,(anonymous_11)
FN:331,(anonymous_12)
FN:336,(anonymous_13)
FN:363,(anonymous_14)
FN:368,(anonymous_15)
FNF:15
FNH:0
FNDA:0,Edit
FNDA:0,(anonymous_2)
FNDA:0,(anonymous_3)
FNDA:0,(anonymous_4)
FNDA:0,(anonymous_5)
FNDA:0,(anonymous_6)
FNDA:0,(anonymous_7)
FNDA:0,(anonymous_8)
FNDA:0,(anonymous_9)
FNDA:0,(anonymous_10)
FNDA:0,(anonymous_11)
FNDA:0,(anonymous_12)
FNDA:0,(anonymous_13)
FNDA:0,(anonymous_14)
FNDA:0,(anonymous_15)
DA:1,0
DA:2,0
DA:3,0
DA:5,0
DA:6,0
DA:13,0
DA:14,0
DA:22,0
DA:23,0
DA:24,0
DA:38,0
DA:40,0
DA:57,0
DA:58,0
DA:59,0
DA:61,0
DA:62,0
DA:63,0
DA:66,0
DA:67,0
DA:68,0
DA:74,0
DA:77,0
DA:78,0
DA:79,0
DA:83,0
DA:84,0
DA:85,0
DA:86,0
DA:89,0
DA:90,0
DA:91,0
DA:95,0
DA:105,0
DA:263,0
DA:276,0
DA:285,0
DA:307,0
DA:309,0
DA:315,0
DA:331,0
DA:337,0
DA:363,0
DA:369,0
LF:44
LH:0
BRDA:41,0,0,0
BRDA:41,0,1,0
BRDA:42,1,0,0
BRDA:42,1,1,0
BRDA:43,2,0,0
BRDA:43,2,1,0
BRDA:44,3,0,0
BRDA:44,3,1,0
BRDA:45,4,0,0
BRDA:45,4,1,0
BRDA:46,5,0,0
BRDA:46,5,1,0
BRDA:47,6,0,0
BRDA:47,6,1,0
BRDA:48,7,0,0
BRDA:48,7,1,0
BRDA:49,8,0,0
BRDA:49,8,1,0
BRDA:50,9,0,0
BRDA:50,9,1,0
BRDA:51,10,0,0
BRDA:51,10,1,0
BRDA:52,11,0,0
BRDA:52,11,1,0
BRDA:53,12,0,0
BRDA:53,12,1,0
BRDA:67,13,0,0
BRDA:67,14,0,0
BRDA:67,14,1,0
BRDA:67,14,2,0
BRDA:134,15,0,0
BRDA:134,15,1,0
BRDA:147,16,0,0
BRDA:147,16,1,0
BRDA:161,17,0,0
BRDA:161,17,1,0
BRDA:173,18,0,0
BRDA:173,18,1,0
BRDA:185,19,0,0
BRDA:185,19,1,0
BRDA:207,20,0,0
BRDA:207,20,1,0
BRDA:219,21,0,0
BRDA:219,21,1,0
BRDA:234,22,0,0
BRDA:234,22,1,0
BRDA:246,23,0,0
BRDA:246,23,1,0
BRDA:300,24,0,0
BRDA:300,24,1,0
BRDA:302,25,0,0
BRDA:302,25,1,0
BRDA:343,26,0,0
BRDA:343,26,1,0
BRDA:357,27,0,0
BRDA:357,27,1,0
BRDA:375,28,0,0
BRDA:375,28,1,0
BRDA:382,29,0,0
BRDA:382,29,1,0
BRF:60
BRH:0
end_of_record
TN:
SF:resources/js/pages/Admin/Courses/Index.tsx
FN:64,Index
FN:81,(anonymous_2)
FN:97,(anonymous_3)
FN:134,(anonymous_4)
FN:138,(anonymous_5)
FN:174,(anonymous_6)
FN:183,(anonymous_7)
FN:191,(anonymous_8)
FN:199,(anonymous_9)
FN:211,(anonymous_10)
FN:215,(anonymous_11)
FN:220,(anonymous_12)
FN:225,(anonymous_13)
FN:228,(anonymous_14)
FN:238,(anonymous_15)
FN:294,(anonymous_16)
FN:310,(anonymous_17)
FN:327,(anonymous_18)
FN:343,(anonymous_19)
FN:355,(anonymous_20)
FN:371,(anonymous_21)
FN:413,(anonymous_22)
FNF:22
FNH:0
FNDA:0,Index
FNDA:0,(anonymous_2)
FNDA:0,(anonymous_3)
FNDA:0,(anonymous_4)
FNDA:0,(anonymous_5)
FNDA:0,(anonymous_6)
FNDA:0,(anonymous_7)
FNDA:0,(anonymous_8)
FNDA:0,(anonymous_9)
FNDA:0,(anonymous_10)
FNDA:0,(anonymous_11)
FNDA:0,(anonymous_12)
FNDA:0,(anonymous_13)
FNDA:0,(anonymous_14)
FNDA:0,(anonymous_15)
FNDA:0,(anonymous_16)
FNDA:0,(anonymous_17)
FNDA:0,(anonymous_18)
FNDA:0,(anonymous_19)
FNDA:0,(anonymous_20)
FNDA:0,(anonymous_21)
FNDA:0,(anonymous_22)
DA:1,0
DA:2,0
DA:3,0
DA:5,0
DA:6,0
DA:7,0
DA:14,0
DA:22,0
DA:29,0
DA:30,0
DA:31,0
DA:32,0
DA:33,0
DA:64,0
DA:71,0
DA:72,0
DA:73,0
DA:76,0
DA:77,0
DA:78,0
DA:81,0
DA:82,0
DA:84,0
DA:86,0
DA:88,0
DA:90,0
DA:92,0
DA:97,0
DA:98,0
DA:99,0
DA:100,0
DA:101,0
DA:102,0
DA:103,0
DA:108,0
DA:109,0
DA:115,0
DA:135,0
DA:138,0
DA:174,0
DA:175,0
DA:176,0
DA:183,0
DA:184,0
DA:191,0
DA:192,0
DA:199,0
DA:201,0
DA:204,0
DA:211,0
DA:212,0
DA:215,0
DA:216,0
DA:217,0
DA:220,0
DA:221,0
DA:223,0
DA:224,0
DA:226,0
DA:229,0
DA:234,0
DA:238,0
DA:294,0
DA:311,0
DA:328,0
DA:343,0
DA:355,0
DA:372,0
DA:413,0
LF:69
LH:0
BRDA:71,0,0,0
BRDA:71,0,1,0
BRDA:77,1,0,0
BRDA:77,1,1,0
BRDA:82,2,0,0
BRDA:82,2,1,0
BRDA:82,2,2,0
BRDA:82,2,3,0
BRDA:82,2,4,0
BRDA:98,3,0,0
BRDA:98,3,1,0
BRDA:100,4,0,0
BRDA:100,4,1,0
BRDA:102,5,0,0
BRDA:108,6,0,0
BRDA:108,7,0,0
BRDA:108,7,1,0
BRDA:133,8,0,0
BRDA:133,8,1,0
BRDA:143,9,0,0
BRDA:143,9,1,0
BRDA:186,10,0,0
BRDA:186,10,1,0
BRDA:194,11,0,0
BRDA:194,11,1,0
BRDA:201,12,0,0
BRDA:201,12,1,0
BRDA:201,13,0,0
BRDA:201,13,1,0
BRDA:221,14,0,0
BRDA:238,15,0,0
BRDA:238,15,1,0
BRDA:262,16,0,0
BRDA:262,16,1,0
BRDA:302,17,0,0
BRDA:302,17,1,0
BRDA:319,18,0,0
BRDA:319,18,1,0
BRDA:346,19,0,0
BRDA:346,19,1,0
BRDA:348,20,0,0
BRDA:348,20,1,0
BRDA:358,21,0,0
BRDA:358,21,1,0
BRDA:360,22,0,0
BRDA:360,22,1,0
BRDA:370,23,0,0
BRDA:370,23,1,0
BRF:48
BRH:0
end_of_record
TN:
SF:resources/js/pages/Admin/Courses/Show.tsx
FN:50,Show
FN:54,(anonymous_2)
FN:69,(anonymous_3)
FN:84,(anonymous_4)
FN:87,(anonymous_5)
FN:93,(anonymous_6)
FN:96,(anonymous_7)
FN:99,(anonymous_8)
FN:156,(anonymous_9)
FN:225,(anonymous_10)
FN:279,(anonymous_11)
FN:321,(anonymous_12)
FN:363,(anonymous_13)
FNF:13
FNH:0
FNDA:0,Show
FNDA:0,(anonymous_2)
FNDA:0,(anonymous_3)
FNDA:0,(anonymous_4)
FNDA:0,(anonymous_5)
FNDA:0,(anonymous_6)
FNDA:0,(anonymous_7)
FNDA:0,(anonymous_8)
FNDA:0,(anonymous_9)
FNDA:0,(anonymous_10)
FNDA:0,(anonymous_11)
FNDA:0,(anonymous_12)
FNDA:0,(anonymous_13)
DA:1,0
DA:2,0
DA:4,0
DA:5,0
DA:13,0
DA:14,0
DA:30,0
DA:31,0
DA:40,0
DA:50,0
DA:51,0
DA:52,0
DA:54,0
DA:55,0
DA:57,0
DA:59,0
DA:61,0
DA:63,0
DA:65,0
DA:69,0
DA:70,0
DA:72,0
DA:74,0
DA:76,0
DA:78,0
DA:80,0
DA:84,0
DA:85,0
DA:87,0
DA:88,0
DA:89,0
DA:93,0
DA:94,0
DA:95,0
DA:100,0
DA:101,0
DA:106,0
DA:156,0
DA:226,0
DA:280,0
DA:322,0
DA:364,0
LF:42
LH:0
BRDA:55,0,0,0
BRDA:55,0,1,0
BRDA:55,0,2,0
BRDA:55,0,3,0
BRDA:55,0,4,0
BRDA:70,1,0,0
BRDA:70,1,1,0
BRDA:70,1,2,0
BRDA:70,1,3,0
BRDA:70,1,4,0
BRDA:85,2,0,0
BRDA:166,3,0,0
BRDA:166,3,1,0
BRDA:185,4,0,0
BRDA:185,4,1,0
BRDA:224,5,0,0
BRDA:224,5,1,0
BRDA:224,6,0,0
BRDA:224,6,1,0
BRDA:242,7,0,0
BRDA:242,7,1,0
BRDA:245,8,0,0
BRDA:245,8,1,0
BRDA:277,9,0,0
BRDA:277,9,1,0
BRDA:277,10,0,0
BRDA:277,10,1,0
BRDA:292,11,0,0
BRDA:292,11,1,0
BRDA:319,12,0,0
BRDA:319,12,1,0
BRDA:319,13,0,0
BRDA:319,13,1,0
BRDA:334,14,0,0
BRDA:334,14,1,0
BRDA:361,15,0,0
BRDA:361,15,1,0
BRDA:361,16,0,0
BRDA:361,16,1,0
BRDA:376,17,0,0
BRDA:376,17,1,0
BRDA:383,18,0,0
BRDA:383,18,1,0
BRDA:511,19,0,0
BRDA:511,19,1,0
BRF:45
BRH:0
end_of_record
TN:
SF:resources/js/pages/Admin/Courses/Certificates/Create.tsx
FN:44,Create
FN:53,(anonymous_2)
FN:68,(anonymous_3)
FN:72,(anonymous_4)
FN:81,(anonymous_5)
FN:150,(anonymous_6)
FN:164,(anonymous_7)
FNF:7
FNH:0
FNDA:0,Create
FNDA:0,(anonymous_2)
FNDA:0,(anonymous_3)
FNDA:0,(anonymous_4)
FNDA:0,(anonymous_5)
FNDA:0,(anonymous_6)
FNDA:0,(anonymous_7)
DA:1,0
DA:2,0
DA:4,0
DA:5,0
DA:12,0
DA:21,0
DA:28,0
DA:34,0
DA:35,0
DA:36,0
DA:37,0
DA:44,0
DA:45,0
DA:46,0
DA:48,0
DA:53,0
DA:54,0
DA:57,0
DA:58,0
DA:60,0
DA:61,0
DA:64,0
DA:69,0
DA:70,0
DA:73,0
DA:74,0
DA:75,0
DA:81,0
DA:82,0
DA:83,0
DA:84,0
DA:89,0
DA:92,0
DA:94,0
DA:151,0
DA:165,0
LF:36
LH:0
BRDA:60,0,0,0
BRDA:82,1,0,0
BRDA:82,2,0,0
BRDA:82,2,1,0
BRDA:122,3,0,0
BRDA:122,3,1,0
BRDA:132,4,0,0
BRDA:132,4,1,0
BRDA:132,4,2,0
BRDA:154,5,0,0
BRDA:154,5,1,0
BRDA:154,5,2,0
BRDA:191,6,0,0
BRDA:191,6,1,0
BRDA:192,7,0,0
BRDA:192,7,1,0
BRDA:192,7,2,0
BRDA:198,8,0,0
BRDA:198,8,1,0
BRDA:200,9,0,0
BRDA:200,9,1,0
BRDA:226,10,0,0
BRDA:226,10,1,0
BRDA:226,10,2,0
BRDA:246,11,0,0
BRDA:246,11,1,0
BRDA:246,11,2,0
BRDA:246,11,3,0
BRDA:248,12,0,0
BRDA:248,12,1,0
BRF:30
BRH:0
end_of_record
TN:
SF:resources/js/pages/Admin/Courses/Certificates/Index.tsx
FN:47,Index
FN:51,(anonymous_2)
FN:64,(anonymous_3)
FN:73,(anonymous_4)
FN:123,(anonymous_5)
FN:177,(anonymous_6)
FNF:6
FNH:0
FNDA:0,Index
FNDA:0,(anonymous_2)
FNDA:0,(anonymous_3)
FNDA:0,(anonymous_4)
FNDA:0,(anonymous_5)
FNDA:0,(anonymous_6)
DA:1,0
DA:2,0
DA:4,0
DA:5,0
DA:12,0
DA:20,0
DA:21,0
DA:31,0
DA:32,0
DA:33,0
DA:47,0
DA:48,0
DA:51,0
DA:52,0
DA:53,0
DA:60,0
DA:64,0
DA:73,0
DA:124,0
DA:177,0
LF:20
LH:0
BRDA:52,0,0,0
BRDA:64,1,0,0
BRDA:64,1,1,0
BRDA:110,2,0,0
BRDA:110,2,1,0
BRDA:141,3,0,0
BRDA:141,3,1,0
BRDA:142,4,0,0
BRDA:142,4,1,0
BRDA:197,5,0,0
BRDA:197,5,1,0
BRF:11
BRH:0
end_of_record
TN:
SF:resources/js/pages/Admin/Courses/Certificates/Show.tsx
FN:43,Show
FN:59,(anonymous_2)
FN:105,(anonymous_3)
FNF:3
FNH:0
FNDA:0,Show
FNDA:0,(anonymous_2)
FNDA:0,(anonymous_3)
DA:1,0
DA:2,0
DA:4,0
DA:5,0
DA:13,0
DA:14,0
DA:25,0
DA:26,0
DA:34,0
DA:43,0
DA:44,0
DA:46,0
DA:59,0
DA:105,0
LF:14
LH:0
BRDA:137,0,0,0
BRDA:137,0,1,0
BRDA:210,1,0,0
BRDA:210,1,1,0
BRF:4
BRH:0
end_of_record
TN:
SF:resources/js/pages/Admin/Courses/Homework/Create.tsx
FN:39,Create
FN:50,(anonymous_2)
FN:67,(anonymous_3)
FN:71,(anonymous_4)
FN:80,(anonymous_5)
FN:121,(anonymous_6)
FN:142,(anonymous_7)
FN:164,(anonymous_8)
FN:192,(anonymous_9)
FNF:9
FNH:0
FNDA:0,Create
FNDA:0,(anonymous_2)
FNDA:0,(anonymous_3)
FNDA:0,(anonymous_4)
FNDA:0,(anonymous_5)
FNDA:0,(anonymous_6)
FNDA:0,(anonymous_7)
FNDA:0,(anonymous_8)
FNDA:0,(anonymous_9)
DA:1,0
DA:2,0
DA:4,0
DA:5,0
DA:12,0
DA:21,0
DA:22,0
DA:23,0
DA:24,0
DA:29,0
DA:30,0
DA:31,0
DA:32,0
DA:33,0
DA:39,0
DA:40,0
DA:41,0
DA:43,0
DA:50,0
DA:51,0
DA:54,0
DA:55,0
DA:56,0
DA:57,0
DA:59,0
DA:60,0
DA:63,0
DA:68,0
DA:69,0
DA:72,0
DA:73,0
DA:74,0
DA:80,0
DA:81,0
DA:82,0
DA:84,0
DA:88,0
DA:122,0
DA:143,0
DA:165,0
DA:193,0
LF:41
LH:0
BRDA:56,0,0,0
BRDA:56,0,1,0
BRDA:59,1,0,0
BRDA:81,2,0,0
BRDA:81,3,0,0
BRDA:81,3,1,0
BRDA:174,4,0,0
BRDA:174,4,1,0
BRDA:178,5,0,0
BRDA:178,5,1,0
BRDA:216,6,0,0
BRDA:216,6,1,0
BRDA:222,7,0,0
BRDA:222,7,1,0
BRDA:224,8,0,0
BRDA:224,8,1,0
BRDA:268,9,0,0
BRDA:268,9,1,0
BRF:18
BRH:0
end_of_record
TN:
SF:resources/js/pages/Admin/Courses/Homework/Edit.tsx
FN:47,Edit
FN:65,(anonymous_2)
FN:86,(anonymous_3)
FN:93,(anonymous_4)
FN:102,(anonymous_5)
FN:110,(anonymous_6)
FN:148,(anonymous_7)
FN:169,(anonymous_8)
FN:191,(anonymous_9)
FN:264,(anonymous_10)
FNF:10
FNH:0
FNDA:0,Edit
FNDA:0,(anonymous_2)
FNDA:0,(anonymous_3)
FNDA:0,(anonymous_4)
FNDA:0,(anonymous_5)
FNDA:0,(anonymous_6)
FNDA:0,(anonymous_7)
FNDA:0,(anonymous_8)
FNDA:0,(anonymous_9)
FNDA:0,(anonymous_10)
DA:1,0
DA:2,0
DA:4,0
DA:5,0
DA:12,0
DA:21,0
DA:22,0
DA:23,0
DA:24,0
DA:29,0
DA:30,0
DA:31,0
DA:39,0
DA:40,0
DA:47,0
DA:48,0
DA:49,0
DA:51,0
DA:57,0
DA:65,0
DA:66,0
DA:69,0
DA:70,0
DA:71,0
DA:72,0
DA:73,0
DA:75,0
DA:76,0
DA:79,0
DA:87,0
DA:88,0
DA:94,0
DA:95,0
DA:96,0
DA:102,0
DA:103,0
DA:104,0
DA:106,0
DA:110,0
DA:111,0
DA:112,0
DA:115,0
DA:149,0
DA:170,0
DA:192,0
DA:266,0
DA:267,0
LF:47
LH:0
BRDA:59,0,0,0
BRDA:59,0,1,0
BRDA:71,1,0,0
BRDA:71,1,1,0
BRDA:75,2,0,0
BRDA:103,3,0,0
BRDA:103,4,0,0
BRDA:103,4,1,0
BRDA:201,5,0,0
BRDA:201,5,1,0
BRDA:205,6,0,0
BRDA:205,6,1,0
BRDA:235,7,0,0
BRDA:235,7,1,0
BRDA:235,8,0,0
BRDA:235,8,1,0
BRDA:282,9,0,0
BRDA:282,9,1,0
BRDA:288,10,0,0
BRDA:288,10,1,0
BRDA:290,11,0,0
BRDA:290,11,1,0
BRDA:335,12,0,0
BRDA:335,12,1,0
BRF:24
BRH:0
end_of_record
TN:
SF:resources/js/pages/Admin/Courses/Homework/Index.tsx
FN:50,Index
FN:53,(anonymous_2)
FN:93,(anonymous_3)
FN:106,(anonymous_4)
FN:116,(anonymous_5)
FN:166,(anonymous_6)
FN:250,(anonymous_7)
FNF:7
FNH:0
FNDA:0,Index
FNDA:0,(anonymous_2)
FNDA:0,(anonymous_3)
FNDA:0,(anonymous_4)
FNDA:0,(anonymous_5)
FNDA:0,(anonymous_6)
FNDA:0,(anonymous_7)
DA:1,0
DA:2,0
DA:4,0
DA:5,0
DA:12,0
DA:20,0
DA:21,0
DA:34,0
DA:35,0
DA:36,0
DA:50,0
DA:51,0
DA:53,0
DA:54,0
DA:56,0
DA:57,0
DA:63,0
DA:64,0
DA:70,0
DA:71,0
DA:73,0
DA:74,0
DA:80,0
DA:86,0
DA:93,0
DA:94,0
DA:95,0
DA:102,0
DA:106,0
DA:116,0
DA:167,0
DA:168,0
DA:250,0
LF:33
LH:0
BRDA:56,0,0,0
BRDA:56,1,0,0
BRDA:56,1,1,0
BRDA:63,2,0,0
BRDA:70,3,0,0
BRDA:73,4,0,0
BRDA:94,5,0,0
BRDA:106,6,0,0
BRDA:106,6,1,0
BRDA:153,7,0,0
BRDA:153,7,1,0
BRDA:183,8,0,0
BRDA:183,8,1,0
BRDA:231,9,0,0
BRDA:231,9,1,0
BRF:15
BRH:0
end_of_record
TN:
SF:resources/js/pages/Admin/Courses/Homework/Show.tsx
FN:81,Show
FN:87,(anonymous_2)
FN:103,(anonymous_3)
FN:108,(anonymous_4)
FN:116,(anonymous_5)
FN:129,(anonymous_6)
FN:137,(anonymous_7)
FN:149,(anonymous_8)
FN:208,(anonymous_9)
FN:241,(anonymous_10)
FN:249,(anonymous_11)
FN:417,(anonymous_12)
FN:423,(anonymous_13)
FN:429,(anonymous_14)
FN:534,SubmissionsTable
FN:535,(anonymous_16)
FN:548,(anonymous_17)
FN:574,(anonymous_18)
FN:600,(anonymous_19)
FNF:19
FNH:0
FNDA:0,Show
FNDA:0,(anonymous_2)
FNDA:0,(anonymous_3)
FNDA:0,(anonymous_4)
FNDA:0,(anonymous_5)
FNDA:0,(anonymous_6)
FNDA:0,(anonymous_7)
FNDA:0,(anonymous_8)
FNDA:0,(anonymous_9)
FNDA:0,(anonymous_10)
FNDA:0,(anonymous_11)
FNDA:0,(anonymous_12)
FNDA:0,(anonymous_13)
FNDA:0,(anonymous_14)
FNDA:0,SubmissionsTable
FNDA:0,(anonymous_16)
FNDA:0,(anonymous_17)
FNDA:0,(anonymous_18)
FNDA:0,(anonymous_19)
DA:1,0
DA:2,0
DA:4,0
DA:5,0
DA:13,0
DA:19,0
DA:27,0
DA:36,0
DA:42,0
DA:43,0
DA:44,0
DA:45,0
DA:46,0
DA:61,0
DA:62,0
DA:63,0
DA:64,0
DA:81,0
DA:82,0
DA:83,0
DA:84,0
DA:85,0
DA:87,0
DA:88,0
DA:90,0
DA:92,0
DA:104,0
DA:105,0
DA:106,0
DA:109,0
DA:110,0
DA:116,0
DA:117,0
DA:119,0
DA:121,0
DA:123,0
DA:125,0
DA:129,0
DA:130,0
DA:131,0
DA:132,0
DA:135,0
DA:137,0
DA:138,0
DA:139,0
DA:140,0
DA:143,0
DA:149,0
DA:208,0
DA:241,0
DA:249,0
DA:417,0
DA:423,0
DA:429,0
DA:535,0
DA:536,0
DA:538,0
DA:540,0
DA:542,0
DA:544,0
DA:548,0
DA:549,0
DA:551,0
DA:553,0
DA:555,0
DA:557,0
DA:561,0
DA:575,0
DA:600,0
LF:69
LH:0
BRDA:88,0,0,0
BRDA:117,1,0,0
BRDA:117,1,1,0
BRDA:117,1,2,0
BRDA:117,1,3,0
BRDA:132,2,0,0
BRDA:132,2,1,0
BRDA:138,3,0,0
BRDA:140,4,0,0
BRDA:140,4,1,0
BRDA:149,5,0,0
BRDA:149,5,1,0
BRDA:169,6,0,0
BRDA:169,6,1,0
BRDA:174,7,0,0
BRDA:174,7,1,0
BRDA:194,8,0,0
BRDA:194,8,1,0
BRDA:258,9,0,0
BRDA:258,9,1,0
BRDA:315,10,0,0
BRDA:315,10,1,0
BRDA:337,11,0,0
BRDA:337,11,1,0
BRDA:349,12,0,0
BRDA:349,12,1,0
BRDA:454,13,0,0
BRDA:454,13,1,0
BRDA:472,14,0,0
BRDA:472,14,1,0
BRDA:492,15,0,0
BRDA:492,15,1,0
BRDA:512,16,0,0
BRDA:512,16,1,0
BRDA:536,17,0,0
BRDA:536,17,1,0
BRDA:536,17,2,0
BRDA:536,17,3,0
BRDA:549,18,0,0
BRDA:549,18,1,0
BRDA:549,18,2,0
BRDA:549,18,3,0
BRDA:562,19,0,0
BRDA:562,19,1,0
BRDA:563,20,0,0
BRDA:563,20,1,0
BRDA:604,21,0,0
BRDA:604,21,1,0
BRF:48
BRH:0
end_of_record
TN:
SF:resources/js/pages/Admin/Courses/Materials/Create.tsx
FN:29,Create
FN:43,(anonymous_2)
FN:54,(anonymous_3)
FN:93,(anonymous_4)
FN:108,(anonymous_5)
FN:115,(anonymous_6)
FN:135,(anonymous_7)
FN:176,(anonymous_8)
FNF:8
FNH:0
FNDA:0,Create
FNDA:0,(anonymous_2)
FNDA:0,(anonymous_3)
FNDA:0,(anonymous_4)
FNDA:0,(anonymous_5)
FNDA:0,(anonymous_6)
FNDA:0,(anonymous_7)
FNDA:0,(anonymous_8)
DA:1,0
DA:2,0
DA:4,0
DA:5,0
DA:12,0
DA:13,0
DA:20,0
DA:21,0
DA:22,0
DA:29,0
DA:30,0
DA:38,0
DA:43,0
DA:44,0
DA:45,0
DA:46,0
DA:47,0
DA:54,0
DA:55,0
DA:56,0
DA:61,0
DA:93,0
DA:108,0
DA:116,0
DA:135,0
DA:176,0
LF:26
LH:0
BRDA:44,0,0,0
BRDA:44,1,0,0
BRDA:44,1,1,0
BRDA:97,2,0,0
BRDA:97,2,1,0
BRDA:122,3,0,0
BRDA:122,3,1,0
BRDA:139,4,0,0
BRDA:139,4,1,0
BRDA:144,5,0,0
BRDA:144,5,1,0
BRDA:158,6,0,0
BRDA:158,6,1,0
BRDA:163,7,0,0
BRDA:163,7,1,0
BRDA:180,8,0,0
BRDA:180,8,1,0
BRDA:193,9,0,0
BRDA:193,9,1,0
BRF:19
BRH:0
end_of_record
TN:
SF:resources/js/pages/Admin/Courses/Materials/Edit.tsx
FN:31,Edit
FN:46,(anonymous_2)
FN:57,(anonymous_3)
FN:102,(anonymous_4)
FN:117,(anonymous_5)
FN:124,(anonymous_6)
FN:144,(anonymous_7)
FN:189,(anonymous_8)
FNF:8
FNH:0
FNDA:0,Edit
FNDA:0,(anonymous_2)
FNDA:0,(anonymous_3)
FNDA:0,(anonymous_4)
FNDA:0,(anonymous_5)
FNDA:0,(anonymous_6)
FNDA:0,(anonymous_7)
FNDA:0,(anonymous_8)
DA:1,0
DA:2,0
DA:4,0
DA:5,0
DA:12,0
DA:13,0
DA:20,0
DA:21,0
DA:22,0
DA:23,0
DA:31,0
DA:32,0
DA:41,0
DA:46,0
DA:47,0
DA:48,0
DA:49,0
DA:50,0
DA:57,0
DA:58,0
DA:59,0
DA:67,0
DA:102,0
DA:117,0
DA:125,0
DA:144,0
DA:189,0
LF:27
LH:0
BRDA:34,0,0,0
BRDA:34,0,1,0
BRDA:37,1,0,0
BRDA:37,1,1,0
BRDA:37,2,0,0
BRDA:37,2,1,0
BRDA:47,3,0,0
BRDA:47,4,0,0
BRDA:47,4,1,0
BRDA:106,5,0,0
BRDA:106,5,1,0
BRDA:131,6,0,0
BRDA:131,6,1,0
BRDA:148,7,0,0
BRDA:148,7,1,0
BRDA:153,8,0,0
BRDA:153,8,1,0
BRDA:165,9,0,0
BRDA:165,9,1,0
BRDA:167,10,0,0
BRDA:167,10,1,0
BRDA:170,11,0,0
BRDA:170,11,1,0
BRDA:176,12,0,0
BRDA:176,12,1,0
BRDA:193,13,0,0
BRDA:193,13,1,0
BRDA:209,14,0,0
BRDA:209,14,1,0
BRF:29
BRH:0
end_of_record
TN:
SF:resources/js/pages/Admin/Courses/Materials/Index.tsx
FN:55,Index
FN:59,(anonymous_2)
FN:77,(anonymous_3)
FN:90,(anonymous_4)
FN:99,(anonymous_5)
FN:149,(anonymous_6)
FN:230,(anonymous_7)
FNF:7
FNH:0
FNDA:0,Index
FNDA:0,(anonymous_2)
FNDA:0,(anonymous_3)
FNDA:0,(anonymous_4)
FNDA:0,(anonymous_5)
FNDA:0,(anonymous_6)
FNDA:0,(anonymous_7)
DA:1,0
DA:2,0
DA:4,0
DA:5,0
DA:12,0
DA:20,0
DA:21,0
DA:36,0
DA:37,0
DA:38,0
DA:47,0
DA:55,0
DA:56,0
DA:59,0
DA:60,0
DA:62,0
DA:64,0
DA:66,0
DA:68,0
DA:70,0
DA:72,0
DA:77,0
DA:78,0
DA:79,0
DA:86,0
DA:90,0
DA:99,0
DA:150,0
DA:230,0
LF:29
LH:0
BRDA:60,0,0,0
BRDA:60,0,1,0
BRDA:60,0,2,0
BRDA:60,0,3,0
BRDA:60,0,4,0
BRDA:60,0,5,0
BRDA:78,1,0,0
BRDA:90,2,0,0
BRDA:90,2,1,0
BRDA:136,3,0,0
BRDA:136,3,1,0
BRDA:163,4,0,0
BRDA:163,4,1,0
BRDA:197,5,0,0
BRDA:197,5,1,0
BRDA:214,6,0,0
BRDA:214,6,1,0
BRF:17
BRH:0
end_of_record
TN:
SF:resources/js/pages/Admin/Courses/Materials/Show.tsx
FN:47,Show
FN:51,(anonymous_2)
FN:69,(anonymous_3)
FN:77,(anonymous_4)
FN:105,(anonymous_5)
FN:165,(anonymous_6)
FNF:6
FNH:0
FNDA:0,Show
FNDA:0,(anonymous_2)
FNDA:0,(anonymous_3)
FNDA:0,(anonymous_4)
FNDA:0,(anonymous_5)
FNDA:0,(anonymous_6)
DA:1,0
DA:2,0
DA:4,0
DA:5,0
DA:13,0
DA:14,0
DA:29,0
DA:30,0
DA:31,0
DA:32,0
DA:47,0
DA:48,0
DA:51,0
DA:52,0
DA:54,0
DA:56,0
DA:58,0
DA:60,0
DA:62,0
DA:64,0
DA:69,0
DA:70,0
DA:77,0
DA:78,0
DA:79,0
DA:81,0
DA:83,0
DA:85,0
DA:87,0
DA:89,0
DA:92,0
DA:105,0
DA:165,0
LF:33
LH:0
BRDA:52,0,0,0
BRDA:52,0,1,0
BRDA:52,0,2,0
BRDA:52,0,3,0
BRDA:52,0,4,0
BRDA:52,0,5,0
BRDA:78,1,0,0
BRDA:81,2,0,0
BRDA:81,3,0,0
BRDA:81,3,1,0
BRDA:81,3,2,0
BRDA:85,4,0,0
BRDA:85,5,0,0
BRDA:85,5,1,0
BRDA:85,5,2,0
BRDA:138,6,0,0
BRDA:138,6,1,0
BRDA:152,7,0,0
BRDA:152,7,1,0
BRDA:190,8,0,0
BRDA:190,8,1,0
BRDA:200,9,0,0
BRDA:200,9,1,0
BRDA:206,10,0,0
BRDA:206,10,1,0
BRDA:206,10,2,0
BRDA:218,11,0,0
BRDA:218,11,1,0
BRDA:218,11,2,0
BRDA:235,12,0,0
BRDA:235,12,1,0
BRDA:235,12,2,0
BRDA:275,13,0,0
BRDA:275,13,1,0
BRDA:275,13,2,0
BRDA:282,14,0,0
BRDA:282,14,1,0
BRDA:282,14,2,0
BRDA:298,15,0,0
BRDA:298,15,1,0
BRDA:298,15,2,0
BRDA:305,16,0,0
BRDA:305,16,1,0
BRDA:305,16,2,0
BRDA:320,17,0,0
BRDA:320,17,1,0
BRF:46
BRH:0
end_of_record
TN:
SF:resources/js/pages/Admin/Enrollments/History.tsx
FN:66,History
FN:77,(anonymous_2)
FN:92,(anonymous_3)
FN:109,(anonymous_4)
FN:114,(anonymous_5)
FN:118,(anonymous_6)
FN:122,(anonymous_7)
FN:126,(anonymous_8)
FN:134,(anonymous_9)
FN:175,(anonymous_10)
FN:191,(anonymous_11)
FN:208,(anonymous_12)
FN:228,(anonymous_13)
FN:239,(anonymous_14)
FN:258,(anonymous_15)
FN:277,(anonymous_16)
FNF:16
FNH:0
FNDA:0,History
FNDA:0,(anonymous_2)
FNDA:0,(anonymous_3)
FNDA:0,(anonymous_4)
FNDA:0,(anonymous_5)
FNDA:0,(anonymous_6)
FNDA:0,(anonymous_7)
FNDA:0,(anonymous_8)
FNDA:0,(anonymous_9)
FNDA:0,(anonymous_10)
FNDA:0,(anonymous_11)
FNDA:0,(anonymous_12)
FNDA:0,(anonymous_13)
FNDA:0,(anonymous_14)
FNDA:0,(anonymous_15)
FNDA:0,(anonymous_16)
DA:1,0
DA:2,0
DA:3,0
DA:5,0
DA:6,0
DA:7,0
DA:14,0
DA:22,0
DA:29,0
DA:30,0
DA:31,0
DA:32,0
DA:66,0
DA:73,0
DA:74,0
DA:75,0
DA:77,0
DA:78,0
DA:80,0
DA:82,0
DA:84,0
DA:86,0
DA:88,0
DA:92,0
DA:93,0
DA:95,0
DA:97,0
DA:99,0
DA:101,0
DA:103,0
DA:105,0
DA:109,0
DA:110,0
DA:111,0
DA:114,0
DA:115,0
DA:118,0
DA:119,0
DA:122,0
DA:123,0
DA:126,0
DA:128,0
DA:131,0
DA:134,0
DA:135,0
DA:142,0
DA:175,0
DA:192,0
DA:209,0
DA:228,0
DA:239,0
DA:258,0
DA:278,0
LF:53
LH:0
BRDA:73,0,0,0
BRDA:73,0,1,0
BRDA:74,1,0,0
BRDA:74,1,1,0
BRDA:75,2,0,0
BRDA:75,2,1,0
BRDA:78,3,0,0
BRDA:78,3,1,0
BRDA:78,3,2,0
BRDA:78,3,3,0
BRDA:78,3,4,0
BRDA:93,4,0,0
BRDA:93,4,1,0
BRDA:93,4,2,0
BRDA:93,4,3,0
BRDA:93,4,4,0
BRDA:93,4,5,0
BRDA:115,5,0,0
BRDA:115,5,1,0
BRDA:119,6,0,0
BRDA:119,6,1,0
BRDA:128,7,0,0
BRDA:128,7,1,0
BRDA:128,8,0,0
BRDA:128,8,1,0
BRDA:183,9,0,0
BRDA:183,9,1,0
BRDA:200,10,0,0
BRDA:200,10,1,0
BRDA:261,11,0,0
BRDA:261,11,1,0
BRDA:263,12,0,0
BRDA:263,12,1,0
BRDA:276,13,0,0
BRDA:276,13,1,0
BRF:35
BRH:0
end_of_record
TN:
SF:resources/js/pages/Admin/Enrollments/Index.tsx
FN:65,Index
FN:79,(anonymous_2)
FN:94,(anonymous_3)
FN:103,(anonymous_4)
FN:111,(anonymous_5)
FN:119,(anonymous_6)
FN:131,(anonymous_7)
FN:138,(anonymous_8)
FN:146,(anonymous_9)
FN:153,(anonymous_10)
FN:156,(anonymous_11)
FN:162,(anonymous_12)
FN:171,(anonymous_13)
FN:187,(anonymous_14)
FN:210,(anonymous_15)
FN:261,(anonymous_16)
FN:277,(anonymous_17)
FN:294,(anonymous_18)
FN:310,(anonymous_19)
FN:328,(anonymous_20)
FN:367,(anonymous_21)
FN:377,(anonymous_22)
FNF:22
FNH:0
FNDA:0,Index
FNDA:0,(anonymous_2)
FNDA:0,(anonymous_3)
FNDA:0,(anonymous_4)
FNDA:0,(anonymous_5)
FNDA:0,(anonymous_6)
FNDA:0,(anonymous_7)
FNDA:0,(anonymous_8)
FNDA:0,(anonymous_9)
FNDA:0,(anonymous_10)
FNDA:0,(anonymous_11)
FNDA:0,(anonymous_12)
FNDA:0,(anonymous_13)
FNDA:0,(anonymous_14)
FNDA:0,(anonymous_15)
FNDA:0,(anonymous_16)
FNDA:0,(anonymous_17)
FNDA:0,(anonymous_18)
FNDA:0,(anonymous_19)
FNDA:0,(anonymous_20)
FNDA:0,(anonymous_21)
FNDA:0,(anonymous_22)
DA:1,0
DA:2,0
DA:3,0
DA:5,0
DA:6,0
DA:7,0
DA:14,0
DA:22,0
DA:29,0
DA:30,0
DA:31,0
DA:32,0
DA:33,0
DA:41,0
DA:65,0
DA:72,0
DA:73,0
DA:74,0
DA:75,0
DA:76,0
DA:77,0
DA:79,0
DA:80,0
DA:82,0
DA:84,0
DA:86,0
DA:88,0
DA:90,0
DA:94,0
DA:95,0
DA:96,0
DA:103,0
DA:104,0
DA:111,0
DA:112,0
DA:119,0
DA:121,0
DA:124,0
DA:131,0
DA:132,0
DA:133,0
DA:134,0
DA:135,0
DA:138,0
DA:139,0
DA:140,0
DA:141,0
DA:142,0
DA:143,0
DA:146,0
DA:147,0
DA:149,0
DA:150,0
DA:154,0
DA:157,0
DA:162,0
DA:163,0
DA:164,0
DA:165,0
DA:166,0
DA:168,0
DA:171,0
DA:172,0
DA:173,0
DA:175,0
DA:176,0
DA:177,0
DA:178,0
DA:180,0
DA:183,0
DA:187,0
DA:210,0
DA:261,0
DA:278,0
DA:295,0
DA:310,0
DA:329,0
DA:367,0
DA:377,0
LF:79
LH:0
BRDA:72,0,0,0
BRDA:72,0,1,0
BRDA:80,1,0,0
BRDA:80,1,1,0
BRDA:80,1,2,0
BRDA:80,1,3,0
BRDA:80,1,4,0
BRDA:106,2,0,0
BRDA:106,2,1,0
BRDA:114,3,0,0
BRDA:114,3,1,0
BRDA:121,4,0,0
BRDA:121,4,1,0
BRDA:121,5,0,0
BRDA:121,5,1,0
BRDA:147,6,0,0
BRDA:147,7,0,0
BRDA:147,7,1,0
BRDA:163,8,0,0
BRDA:163,8,1,0
BRDA:165,9,0,0
BRDA:172,10,0,0
BRDA:172,10,1,0
BRDA:173,11,0,0
BRDA:173,11,1,0
BRDA:175,12,0,0
BRDA:175,12,1,0
BRDA:177,13,0,0
BRDA:187,14,0,0
BRDA:187,14,1,0
BRDA:191,15,0,0
BRDA:191,15,1,0
BRDA:225,16,0,0
BRDA:225,16,1,0
BRDA:229,17,0,0
BRDA:229,17,1,0
BRDA:229,18,0,0
BRDA:229,18,1,0
BRDA:269,19,0,0
BRDA:269,19,1,0
BRDA:286,20,0,0
BRDA:286,20,1,0
BRDA:313,21,0,0
BRDA:313,21,1,0
BRDA:315,22,0,0
BRDA:315,22,1,0
BRDA:327,23,0,0
BRDA:327,23,1,0
BRDA:349,24,0,0
BRDA:349,24,1,0
BRDA:362,25,0,0
BRDA:362,25,1,0
BRF:52
BRH:0
end_of_record
TN:
SF:resources/js/pages/Admin/Enrollments/Show.tsx
FN:55,Show
FN:63,(anonymous_2)
FN:78,(anonymous_3)
FN:84,(anonymous_4)
FN:91,(anonymous_5)
FN:98,(anonymous_6)
FN:101,(anonymous_7)
FN:107,(anonymous_8)
FN:116,(anonymous_9)
FN:128,(anonymous_10)
FN:135,(anonymous_11)
FN:139,(anonymous_12)
FN:145,(anonymous_13)
FN:161,(anonymous_14)
FN:169,(anonymous_15)
FN:192,(anonymous_16)
FN:232,(anonymous_17)
FN:241,(anonymous_18)
FN:280,(anonymous_19)
FN:288,(anonymous_20)
FN:349,(anonymous_21)
FN:423,(anonymous_22)
FN:432,(anonymous_23)
FN:444,(anonymous_24)
FN:466,(anonymous_25)
FN:474,(anonymous_26)
FN:486,(anonymous_27)
FN:496,(anonymous_28)
FNF:28
FNH:0
FNDA:0,Show
FNDA:0,(anonymous_2)
FNDA:0,(anonymous_3)
FNDA:0,(anonymous_4)
FNDA:0,(anonymous_5)
FNDA:0,(anonymous_6)
FNDA:0,(anonymous_7)
FNDA:0,(anonymous_8)
FNDA:0,(anonymous_9)
FNDA:0,(anonymous_10)
FNDA:0,(anonymous_11)
FNDA:0,(anonymous_12)
FNDA:0,(anonymous_13)
FNDA:0,(anonymous_14)
FNDA:0,(anonymous_15)
FNDA:0,(anonymous_16)
FNDA:0,(anonymous_17)
FNDA:0,(anonymous_18)
FNDA:0,(anonymous_19)
FNDA:0,(anonymous_20)
FNDA:0,(anonymous_21)
FNDA:0,(anonymous_22)
FNDA:0,(anonymous_23)
FNDA:0,(anonymous_24)
FNDA:0,(anonymous_25)
FNDA:0,(anonymous_26)
FNDA:0,(anonymous_27)
FNDA:0,(anonymous_28)
DA:1,0
DA:2,0
DA:3,0
DA:5,0
DA:6,0
DA:14,0
DA:15,0
DA:30,0
DA:31,0
DA:40,0
DA:42,0
DA:43,0
DA:55,0
DA:56,0
DA:57,0
DA:58,0
DA:59,0
DA:60,0
DA:61,0
DA:63,0
DA:64,0
DA:66,0
DA:68,0
DA:70,0
DA:72,0
DA:74,0
DA:78,0
DA:79,0
DA:80,0
DA:81,0
DA:84,0
DA:85,0
DA:86,0
DA:87,0
DA:88,0
DA:91,0
DA:92,0
DA:94,0
DA:95,0
DA:99,0
DA:102,0
DA:107,0
DA:108,0
DA:109,0
DA:110,0
DA:111,0
DA:113,0
DA:116,0
DA:117,0
DA:118,0
DA:120,0
DA:121,0
DA:122,0
DA:123,0
DA:125,0
DA:128,0
DA:129,0
DA:131,0
DA:132,0
DA:136,0
DA:137,0
DA:140,0
DA:145,0
DA:146,0
DA:148,0
DA:152,0
DA:154,0
DA:159,0
DA:161,0
DA:165,0
DA:169,0
DA:192,0
DA:232,0
DA:241,0
DA:280,0
DA:288,0
DA:350,0
DA:423,0
DA:432,0
DA:445,0
DA:446,0
DA:466,0
DA:474,0
DA:486,0
DA:496,0
LF:85
LH:0
BRDA:58,0,0,0
BRDA:58,0,1,0
BRDA:61,1,0,0
BRDA:61,1,1,0
BRDA:64,2,0,0
BRDA:64,2,1,0
BRDA:64,2,2,0
BRDA:64,2,3,0
BRDA:64,2,4,0
BRDA:80,3,0,0
BRDA:80,3,1,0
BRDA:86,4,0,0
BRDA:86,4,1,0
BRDA:92,5,0,0
BRDA:108,6,0,0
BRDA:108,6,1,0
BRDA:110,7,0,0
BRDA:117,8,0,0
BRDA:117,8,1,0
BRDA:118,9,0,0
BRDA:118,9,1,0
BRDA:120,10,0,0
BRDA:120,10,1,0
BRDA:122,11,0,0
BRDA:129,12,0,0
BRDA:146,13,0,0
BRDA:148,14,0,0
BRDA:148,14,1,0
BRDA:152,15,0,0
BRDA:169,16,0,0
BRDA:169,16,1,0
BRDA:173,17,0,0
BRDA:173,17,1,0
BRDA:207,18,0,0
BRDA:207,18,1,0
BRDA:211,19,0,0
BRDA:211,19,1,0
BRDA:211,20,0,0
BRDA:211,20,1,0
BRDA:248,21,0,0
BRDA:248,21,1,0
BRDA:250,22,0,0
BRDA:250,22,1,0
BRDA:275,23,0,0
BRDA:275,23,1,0
BRDA:316,24,0,0
BRDA:316,24,1,0
BRDA:370,25,0,0
BRDA:370,25,1,0
BRDA:404,26,0,0
BRDA:404,26,1,0
BRDA:411,27,0,0
BRDA:411,27,1,0
BRDA:411,27,2,0
BRDA:445,28,0,0
BRDA:445,28,1,0
BRDA:462,29,0,0
BRDA:462,29,1,0
BRDA:482,30,0,0
BRDA:482,30,1,0
BRDA:493,31,0,0
BRDA:493,31,1,0
BRF:62
BRH:0
end_of_record
TN:
SF:resources/js/pages/Admin/Users/Create.tsx
FN:38,Create
FN:47,(anonymous_2)
FN:50,(anonymous_3)
FN:56,(anonymous_4)
FN:82,(anonymous_5)
FN:118,(anonymous_6)
FN:140,(anonymous_7)
FN:173,(anonymous_8)
FN:195,(anonymous_9)
FN:226,(anonymous_10)
FN:236,(anonymous_11)
FN:261,(anonymous_12)
FNF:12
FNH:0
FNDA:0,Create
FNDA:0,(anonymous_2)
FNDA:0,(anonymous_3)
FNDA:0,(anonymous_4)
FNDA:0,(anonymous_5)
FNDA:0,(anonymous_6)
FNDA:0,(anonymous_7)
FNDA:0,(anonymous_8)
FNDA:0,(anonymous_9)
FNDA:0,(anonymous_10)
FNDA:0,(anonymous_11)
FNDA:0,(anonymous_12)
DA:2,0
DA:4,0
DA:5,0
DA:6,0
DA:7,0
DA:8,0
DA:9,0
DA:16,0
DA:17,0
DA:19,0
DA:38,0
DA:39,0
DA:47,0
DA:48,0
DA:49,0
DA:56,0
DA:57,0
DA:59,0
DA:61,0
DA:63,0
DA:65,0
DA:69,0
DA:82,0
DA:118,0
DA:140,0
DA:173,0
DA:195,0
DA:226,0
DA:237,0
DA:261,0
LF:30
LH:0
BRDA:57,0,0,0
BRDA:57,0,1,0
BRDA:57,0,2,0
BRDA:57,0,3,0
BRDA:108,1,0,0
BRDA:108,1,1,0
BRDA:121,2,0,0
BRDA:121,2,1,0
BRDA:124,3,0,0
BRDA:124,3,1,0
BRDA:130,4,0,0
BRDA:130,4,1,0
BRDA:143,5,0,0
BRDA:143,5,1,0
BRDA:146,6,0,0
BRDA:146,6,1,0
BRDA:163,7,0,0
BRDA:163,7,1,0
BRDA:176,8,0,0
BRDA:176,8,1,0
BRDA:179,9,0,0
BRDA:179,9,1,0
BRDA:185,10,0,0
BRDA:185,10,1,0
BRDA:198,11,0,0
BRDA:198,11,1,0
BRDA:201,12,0,0
BRDA:201,12,1,0
BRDA:218,13,0,0
BRDA:218,13,1,0
BRDA:231,14,0,0
BRDA:231,14,1,0
BRDA:248,15,0,0
BRDA:248,15,1,0
BRDA:272,16,0,0
BRDA:272,16,1,0
BRF:36
BRH:0
end_of_record
TN:
SF:resources/js/pages/Admin/Users/Edit.tsx
FN:44,Edit
FN:53,(anonymous_2)
FN:56,(anonymous_3)
FN:63,(anonymous_4)
FN:89,(anonymous_5)
FN:125,(anonymous_6)
FN:147,(anonymous_7)
FN:181,(anonymous_8)
FN:202,(anonymous_9)
FN:232,(anonymous_10)
FN:242,(anonymous_11)
FN:264,(anonymous_12)
FNF:12
FNH:0
FNDA:0,Edit
FNDA:0,(anonymous_2)
FNDA:0,(anonymous_3)
FNDA:0,(anonymous_4)
FNDA:0,(anonymous_5)
FNDA:0,(anonymous_6)
FNDA:0,(anonymous_7)
FNDA:0,(anonymous_8)
FNDA:0,(anonymous_9)
FNDA:0,(anonymous_10)
FNDA:0,(anonymous_11)
FNDA:0,(anonymous_12)
DA:2,0
DA:4,0
DA:5,0
DA:6,0
DA:7,0
DA:8,0
DA:9,0
DA:16,0
DA:17,0
DA:19,0
DA:44,0
DA:45,0
DA:53,0
DA:54,0
DA:55,0
DA:63,0
DA:64,0
DA:66,0
DA:68,0
DA:70,0
DA:72,0
DA:76,0
DA:89,0
DA:125,0
DA:147,0
DA:181,0
DA:202,0
DA:232,0
DA:243,0
DA:264,0
LF:30
LH:0
BRDA:64,0,0,0
BRDA:64,0,1,0
BRDA:64,0,2,0
BRDA:64,0,3,0
BRDA:115,1,0,0
BRDA:115,1,1,0
BRDA:128,2,0,0
BRDA:128,2,1,0
BRDA:131,3,0,0
BRDA:131,3,1,0
BRDA:137,4,0,0
BRDA:137,4,1,0
BRDA:150,5,0,0
BRDA:150,5,1,0
BRDA:153,6,0,0
BRDA:153,6,1,0
BRDA:170,7,0,0
BRDA:170,7,1,0
BRDA:183,8,0,0
BRDA:183,8,1,0
BRDA:186,9,0,0
BRDA:186,9,1,0
BRDA:192,10,0,0
BRDA:192,10,1,0
BRDA:204,11,0,0
BRDA:204,11,1,0
BRDA:207,12,0,0
BRDA:207,12,1,0
BRDA:224,13,0,0
BRDA:224,13,1,0
BRDA:237,14,0,0
BRDA:237,14,1,0
BRDA:254,15,0,0
BRDA:254,15,1,0
BRDA:275,16,0,0
BRDA:275,16,1,0
BRF:36
BRH:0
end_of_record
TN:
SF:resources/js/pages/Admin/Users/Index.tsx
FN:76,Index
FN:87,(anonymous_2)
FN:88,(anonymous_3)
FN:92,(anonymous_4)
FN:96,(anonymous_5)
FN:102,(anonymous_6)
FN:114,(anonymous_7)
FN:115,(anonymous_8)
FN:119,(anonymous_9)
FN:133,(anonymous_10)
FN:134,(anonymous_11)
FN:138,(anonymous_12)
FN:151,(anonymous_13)
FN:152,(anonymous_14)
FN:156,(anonymous_15)
FN:163,(anonymous_16)
FN:168,(anonymous_17)
FN:174,(anonymous_18)
FN:182,(anonymous_19)
FN:187,(anonymous_20)
FN:197,(anonymous_21)
FN:198,(anonymous_22)
FN:202,(anonymous_23)
FN:205,(anonymous_24)
FN:211,(anonymous_25)
FN:308,(anonymous_26)
FN:321,(anonymous_27)
FN:334,(anonymous_28)
FN:383,(anonymous_29)
FN:400,(anonymous_30)
FN:439,(anonymous_31)
FN:457,(anonymous_32)
FN:475,(anonymous_33)
FN:539,(anonymous_34)
FN:546,(anonymous_35)
FN:546,(anonymous_36)
FN:563,(anonymous_37)
FN:591,(anonymous_38)
FNF:38
FNH:0
FNDA:0,Index
FNDA:0,(anonymous_2)
FNDA:0,(anonymous_3)
FNDA:0,(anonymous_4)
FNDA:0,(anonymous_5)
FNDA:0,(anonymous_6)
FNDA:0,(anonymous_7)
FNDA:0,(anonymous_8)
FNDA:0,(anonymous_9)
FNDA:0,(anonymous_10)
FNDA:0,(anonymous_11)
FNDA:0,(anonymous_12)
FNDA:0,(anonymous_13)
FNDA:0,(anonymous_14)
FNDA:0,(anonymous_15)
FNDA:0,(anonymous_16)
FNDA:0,(anonymous_17)
FNDA:0,(anonymous_18)
FNDA:0,(anonymous_19)
FNDA:0,(anonymous_20)
FNDA:0,(anonymous_21)
FNDA:0,(anonymous_22)
FNDA:0,(anonymous_23)
FNDA:0,(anonymous_24)
FNDA:0,(anonymous_25)
FNDA:0,(anonymous_26)
FNDA:0,(anonymous_27)
FNDA:0,(anonymous_28)
FNDA:0,(anonymous_29)
FNDA:0,(anonymous_30)
FNDA:0,(anonymous_31)
FNDA:0,(anonymous_32)
FNDA:0,(anonymous_33)
FNDA:0,(anonymous_34)
FNDA:0,(anonymous_35)
FNDA:0,(anonymous_36)
FNDA:0,(anonymous_37)
FNDA:0,(anonymous_38)
DA:1,0
DA:2,0
DA:4,0
DA:5,0
DA:6,0
DA:7,0
DA:8,0
DA:9,0
DA:10,0
DA:11,0
DA:18,0
DA:26,0
DA:32,0
DA:33,0
DA:41,0
DA:43,0
DA:76,0
DA:77,0
DA:78,0
DA:79,0
DA:80,0
DA:83,0
DA:84,0
DA:87,0
DA:88,0
DA:89,0
DA:92,0
DA:96,0
DA:97,0
DA:98,0
DA:102,0
DA:103,0
DA:105,0
DA:106,0
DA:114,0
DA:115,0
DA:119,0
DA:120,0
DA:121,0
DA:124,0
DA:125,0
DA:133,0
DA:134,0
DA:138,0
DA:139,0
DA:142,0
DA:143,0
DA:151,0
DA:152,0
DA:156,0
DA:157,0
DA:158,0
DA:159,0
DA:163,0
DA:164,0
DA:165,0
DA:168,0
DA:169,0
DA:171,0
DA:172,0
DA:175,0
DA:176,0
DA:177,0
DA:182,0
DA:183,0
DA:184,0
DA:187,0
DA:188,0
DA:189,0
DA:197,0
DA:198,0
DA:202,0
DA:203,0
DA:205,0
DA:211,0
DA:212,0
DA:214,0
DA:216,0
DA:218,0
DA:220,0
DA:224,0
DA:309,0
DA:310,0
DA:321,0
DA:335,0
DA:336,0
DA:338,0
DA:340,0
DA:384,0
DA:401,0
DA:402,0
DA:404,0
DA:439,0
DA:457,0
DA:475,0
DA:539,0
DA:546,0
DA:548,0
DA:553,0
DA:563,0
DA:569,0
DA:573,0
DA:585,0
DA:591,0
LF:104
LH:0
BRDA:76,0,0,0
BRDA:76,1,0,0
BRDA:76,2,0,0
BRDA:77,3,0,0
BRDA:77,3,1,0
BRDA:78,4,0,0
BRDA:78,4,1,0
BRDA:97,5,0,0
BRDA:103,6,0,0
BRDA:108,7,0,0
BRDA:108,7,1,0
BRDA:145,8,0,0
BRDA:145,8,1,0
BRDA:157,9,0,0
BRDA:169,10,0,0
BRDA:191,11,0,0
BRDA:191,11,1,0
BRDA:212,12,0,0
BRDA:212,12,1,0
BRDA:212,12,2,0
BRDA:212,12,3,0
BRDA:258,13,0,0
BRDA:258,13,1,0
BRDA:303,14,0,0
BRDA:303,14,1,0
BRDA:305,15,0,0
BRDA:305,15,1,0
BRDA:334,16,0,0
BRDA:334,16,1,0
BRDA:334,17,0,0
BRDA:334,17,1,0
BRDA:335,18,0,0
BRDA:335,18,1,0
BRDA:335,19,0,0
BRDA:335,19,1,0
BRDA:336,20,0,0
BRDA:336,20,1,0
BRDA:336,21,0,0
BRDA:336,21,1,0
BRDA:336,22,0,0
BRDA:336,22,1,0
BRDA:338,23,0,0
BRDA:349,24,0,0
BRDA:349,24,1,0
BRDA:349,24,2,0
BRDA:357,25,0,0
BRDA:357,25,1,0
BRDA:382,26,0,0
BRDA:382,26,1,0
BRDA:387,27,0,0
BRDA:387,27,1,0
BRDA:399,28,0,0
BRDA:399,28,1,0
BRDA:399,29,0,0
BRDA:399,29,1,0
BRDA:401,30,0,0
BRDA:401,30,1,0
BRDA:401,31,0,0
BRDA:401,31,1,0
BRDA:402,32,0,0
BRDA:402,32,1,0
BRDA:402,33,0,0
BRDA:402,33,1,0
BRDA:421,34,0,0
BRDA:421,34,1,0
BRDA:492,35,0,0
BRDA:492,35,1,0
BRDA:506,36,0,0
BRDA:506,36,1,0
BRDA:506,36,2,0
BRDA:528,37,0,0
BRDA:528,37,1,0
BRDA:540,38,0,0
BRDA:540,38,1,0
BRDA:546,39,0,0
BRDA:546,39,1,0
BRDA:548,40,0,0
BRDA:548,40,1,0
BRDA:549,41,0,0
BRDA:549,41,1,0
BRDA:549,41,2,0
BRDA:549,41,3,0
BRDA:556,42,0,0
BRDA:556,42,1,0
BRDA:559,43,0,0
BRDA:559,43,1,0
BRDA:569,44,0,0
BRDA:570,45,0,0
BRDA:570,45,1,0
BRDA:592,46,0,0
BRDA:592,46,1,0
BRF:91
BRH:0
end_of_record
TN:
SF:resources/js/pages/Admin/Users/Show.tsx
FN:40,(anonymous_1)
FN:53,Show
FN:98,(anonymous_3)
FN:102,(anonymous_4)
FN:111,(anonymous_5)
FN:243,(anonymous_6)
FN:261,(anonymous_7)
FNF:7
FNH:0
FNDA:0,(anonymous_1)
FNDA:0,Show
FNDA:0,(anonymous_3)
FNDA:0,(anonymous_4)
FNDA:0,(anonymous_5)
FNDA:0,(anonymous_6)
FNDA:0,(anonymous_7)
DA:1,0
DA:3,0
DA:4,0
DA:5,0
DA:6,0
DA:7,0
DA:9,0
DA:10,0
DA:25,0
DA:40,0
DA:41,0
DA:43,0
DA:45,0
DA:47,0
DA:49,0
DA:53,0
DA:55,0
DA:56,0
DA:98,0
DA:99,0
DA:100,0
DA:102,0
DA:107,0
DA:111,0
DA:112,0
DA:113,0
DA:114,0
DA:116,0
DA:120,0
DA:126,0
DA:151,0
DA:153,0
DA:244,0
DA:262,0
LF:34
LH:0
BRDA:41,0,0,0
BRDA:41,0,1,0
BRDA:41,0,2,0
BRDA:41,0,3,0
BRDA:55,1,0,0
BRDA:55,2,0,0
BRDA:55,2,1,0
BRDA:55,2,2,0
BRDA:113,3,0,0
BRDA:116,4,0,0
BRDA:116,4,1,0
BRDA:151,5,0,0
BRDA:151,5,1,0
BRDA:243,6,0,0
BRDA:243,6,1,0
BRDA:246,7,0,0
BRDA:246,7,1,0
BRDA:247,8,0,0
BRDA:247,8,1,0
BRDA:248,9,0,0
BRDA:248,9,1,0
BRDA:252,10,0,0
BRDA:252,10,1,0
BRDA:252,11,0,0
BRDA:252,11,1,0
BRDA:260,12,0,0
BRDA:260,12,1,0
BRDA:260,13,0,0
BRDA:260,13,1,0
BRF:29
BRH:0
end_of_record
TN:
SF:resources/js/pages/Notifications/Count.tsx
FN:7,Count
FNF:1
FNH:0
FNDA:0,Count
DA:7,0
DA:10,0
LF:2
LH:0
BRF:0
BRH:0
end_of_record
TN:
SF:resources/js/pages/Student/Dashboard.tsx
FN:83,Dashboard
FN:91,(anonymous_2)
FN:101,(anonymous_3)
FN:118,(anonymous_4)
FN:132,(anonymous_5)
FN:216,(anonymous_6)
FN:305,(anonymous_7)
FN:351,(anonymous_8)
FN:415,(anonymous_9)
FNF:9
FNH:0
FNDA:0,Dashboard
FNDA:0,(anonymous_2)
FNDA:0,(anonymous_3)
FNDA:0,(anonymous_4)
FNDA:0,(anonymous_5)
FNDA:0,(anonymous_6)
FNDA:0,(anonymous_7)
FNDA:0,(anonymous_8)
FNDA:0,(anonymous_9)
DA:1,0
DA:2,0
DA:4,0
DA:5,0
DA:6,0
DA:14,0
DA:15,0
DA:24,0
DA:83,0
DA:91,0
DA:92,0
DA:93,0
DA:101,0
DA:102,0
DA:103,0
DA:104,0
DA:106,0
DA:107,0
DA:108,0
DA:109,0
DA:110,0
DA:111,0
DA:113,0
DA:118,0
DA:119,0
DA:121,0
DA:123,0
DA:125,0
DA:127,0
DA:132,0
DA:133,0
DA:135,0
DA:137,0
DA:139,0
DA:141,0
DA:143,0
DA:147,0
DA:217,0
DA:306,0
DA:352,0
DA:416,0
LF:41
LH:0
BRDA:106,0,0,0
BRDA:106,0,1,0
BRDA:108,1,0,0
BRDA:108,1,1,0
BRDA:110,2,0,0
BRDA:110,2,1,0
BRDA:119,3,0,0
BRDA:119,3,1,0
BRDA:119,3,2,0
BRDA:119,3,3,0
BRDA:133,4,0,0
BRDA:133,4,1,0
BRDA:133,4,2,0
BRDA:133,4,3,0
BRDA:133,4,4,0
BRDA:214,5,0,0
BRDA:214,5,1,0
BRDA:214,6,0,0
BRDA:214,6,1,0
BRDA:219,7,0,0
BRDA:219,7,1,0
BRDA:238,8,0,0
BRDA:238,8,1,0
BRDA:243,9,0,0
BRDA:243,9,1,0
BRDA:243,9,2,0
BRDA:250,10,0,0
BRDA:250,10,1,0
BRDA:252,11,0,0
BRDA:252,11,1,0
BRDA:303,12,0,0
BRDA:303,12,1,0
BRDA:303,13,0,0
BRDA:303,13,1,0
BRDA:321,14,0,0
BRDA:321,14,1,0
BRDA:349,15,0,0
BRDA:349,15,1,0
BRDA:349,16,0,0
BRDA:349,16,1,0
BRDA:360,17,0,0
BRDA:360,17,1,0
BRDA:418,18,0,0
BRDA:418,18,1,0
BRF:44
BRH:0
end_of_record
TN:
SF:resources/js/pages/Student/Certificates/Index.tsx
FN:19,Index
FN:42,(anonymous_2)
FNF:2
FNH:0
FNDA:0,Index
FNDA:0,(anonymous_2)
DA:1,0
DA:2,0
DA:4,0
DA:5,0
DA:12,0
DA:13,0
DA:19,0
DA:20,0
DA:43,0
LF:9
LH:0
BRDA:40,0,0,0
BRDA:40,0,1,0
BRDA:66,1,0,0
BRDA:66,1,1,0
BRF:4
BRH:0
end_of_record
TN:
SF:resources/js/pages/Student/Certificates/Show.tsx
FN:28,Show
FNF:1
FNH:0
FNDA:0,Show
DA:1,0
DA:2,0
DA:4,0
DA:5,0
DA:13,0
DA:14,0
DA:22,0
DA:28,0
DA:29,0
LF:9
LH:0
BRDA:44,0,0,0
BRDA:44,0,1,0
BRDA:79,1,0,0
BRDA:79,1,1,0
BRDA:133,2,0,0
BRDA:133,2,1,0
BRDA:147,3,0,0
BRDA:147,3,1,0
BRF:8
BRH:0
end_of_record
TN:
SF:resources/js/pages/Student/Courses/Index.tsx
FN:52,Index
FN:59,(anonymous_11)
FN:68,(anonymous_12)
FN:84,(anonymous_13)
FN:101,(anonymous_14)
FN:118,(anonymous_15)
FN:155,(anonymous_16)
FN:165,(anonymous_17)
FN:192,(anonymous_18)
FNF:9
FNH:0
FNDA:0,Index
FNDA:0,(anonymous_11)
FNDA:0,(anonymous_12)
FNDA:0,(anonymous_13)
FNDA:0,(anonymous_14)
FNDA:0,(anonymous_15)
FNDA:0,(anonymous_16)
FNDA:0,(anonymous_17)
FNDA:0,(anonymous_18)
DA:1,0
DA:2,0
DA:4,0
DA:5,0
DA:6,0
DA:8,0
DA:9,0
DA:10,0
DA:24,0
DA:52,0
DA:53,0
DA:54,0
DA:55,0
DA:56,0
DA:59,0
DA:60,0
DA:68,0
DA:69,0
DA:71,0
DA:73,0
DA:75,0
DA:77,0
DA:79,0
DA:84,0
DA:85,0
DA:101,0
DA:102,0
DA:103,0
DA:104,0
DA:105,0
DA:107,0
DA:118,0
DA:119,0
DA:120,0
DA:121,0
DA:123,0
DA:138,0
DA:155,0
DA:166,0
DA:193,0
LF:40
LH:0
BRDA:53,0,0,0
BRDA:53,0,1,0
BRDA:54,1,0,0
BRDA:54,1,1,0
BRDA:55,2,0,0
BRDA:55,2,1,0
BRDA:56,3,0,0
BRDA:56,3,1,0
BRDA:69,4,0,0
BRDA:69,4,1,0
BRDA:69,4,2,0
BRDA:69,4,3,0
BRDA:69,4,4,0
BRDA:119,5,0,0
BRDA:119,5,1,0
BRDA:119,6,0,0
BRDA:119,6,1,0
BRDA:184,7,0,0
BRDA:184,7,1,0
BRDA:216,8,0,0
BRDA:216,8,1,0
BRF:21
BRH:0
end_of_record
TN:
SF:resources/js/pages/Student/Courses/Show.tsx
FN:89,Show
FN:91,(anonymous_2)
FN:100,(anonymous_3)
FN:116,(anonymous_4)
FN:130,(anonymous_5)
FN:135,(anonymous_6)
FN:140,(anonymous_7)
FN:220,(anonymous_8)
FN:279,(anonymous_9)
FN:308,(anonymous_10)
FNF:10
FNH:0
FNDA:0,Show
FNDA:0,(anonymous_2)
FNDA:0,(anonymous_3)
FNDA:0,(anonymous_4)
FNDA:0,(anonymous_5)
FNDA:0,(anonymous_6)
FNDA:0,(anonymous_7)
FNDA:0,(anonymous_8)
FNDA:0,(anonymous_9)
FNDA:0,(anonymous_10)
DA:1,0
DA:2,0
DA:4,0
DA:5,0
DA:6,0
DA:7,0
DA:15,0
DA:27,0
DA:89,0
DA:91,0
DA:92,0
DA:100,0
DA:101,0
DA:103,0
DA:105,0
DA:107,0
DA:109,0
DA:111,0
DA:116,0
DA:117,0
DA:119,0
DA:121,0
DA:123,0
DA:125,0
DA:130,0
DA:131,0
DA:135,0
DA:136,0
DA:140,0
DA:141,0
DA:144,0
DA:220,0
DA:280,0
DA:309,0
LF:34
LH:0
BRDA:101,0,0,0
BRDA:101,0,1,0
BRDA:101,0,2,0
BRDA:101,0,3,0
BRDA:101,0,4,0
BRDA:117,1,0,0
BRDA:117,1,1,0
BRDA:117,1,2,0
BRDA:117,1,3,0
BRDA:228,2,0,0
BRDA:228,2,1,0
BRDA:275,3,0,0
BRDA:275,3,1,0
BRDA:304,4,0,0
BRDA:304,4,1,0
BRDA:324,5,0,0
BRDA:324,5,1,0
BRDA:331,6,0,0
BRDA:331,6,1,0
BRDA:331,6,2,0
BRDA:337,7,0,0
BRDA:337,7,1,0
BRDA:337,7,2,0
BRDA:348,8,0,0
BRDA:348,8,1,0
BRF:25
BRH:0
end_of_record
TN:
SF:resources/js/pages/Student/Homework/Index.tsx
FN:64,Index
FN:71,(anonymous_11)
FN:80,(anonymous_12)
FN:100,(anonymous_13)
FN:113,(anonymous_14)
FN:116,(anonymous_15)
FN:214,(anonymous_16)
FN:225,(anonymous_17)
FN:272,(anonymous_18)
FNF:9
FNH:0
FNDA:0,Index
FNDA:0,(anonymous_11)
FNDA:0,(anonymous_12)
FNDA:0,(anonymous_13)
FNDA:0,(anonymous_14)
FNDA:0,(anonymous_15)
FNDA:0,(anonymous_16)
FNDA:0,(anonymous_17)
FNDA:0,(anonymous_18)
DA:1,0
DA:2,0
DA:4,0
DA:5,0
DA:6,0
DA:14,0
DA:22,0
DA:23,0
DA:24,0
DA:34,0
DA:41,0
DA:64,0
DA:65,0
DA:66,0
DA:67,0
DA:68,0
DA:71,0
DA:72,0
DA:80,0
DA:81,0
DA:82,0
DA:84,0
DA:85,0
DA:87,0
DA:88,0
DA:90,0
DA:91,0
DA:92,0
DA:93,0
DA:95,0
DA:100,0
DA:101,0
DA:102,0
DA:103,0
DA:104,0
DA:105,0
DA:106,0
DA:108,0
DA:113,0
DA:116,0
DA:118,0
DA:122,0
DA:125,0
DA:126,0
DA:127,0
DA:128,0
DA:129,0
DA:132,0
DA:133,0
DA:134,0
DA:135,0
DA:137,0
DA:140,0
DA:214,0
DA:226,0
DA:273,0
DA:275,0
LF:57
LH:0
BRDA:90,0,0,0
BRDA:90,0,1,0
BRDA:91,1,0,0
BRDA:91,1,1,0
BRDA:92,2,0,0
BRDA:92,2,1,0
BRDA:95,3,0,0
BRDA:95,3,1,0
BRDA:101,4,0,0
BRDA:101,4,1,0
BRDA:103,5,0,0
BRDA:103,5,1,0
BRDA:105,6,0,0
BRDA:105,6,1,0
BRDA:118,7,0,0
BRDA:118,7,1,0
BRDA:122,8,0,0
BRDA:122,8,1,0
BRDA:126,9,0,0
BRDA:126,9,1,0
BRDA:126,10,0,0
BRDA:126,10,1,0
BRDA:127,11,0,0
BRDA:127,11,1,0
BRDA:128,12,0,0
BRDA:128,12,1,0
BRDA:128,13,0,0
BRDA:128,13,1,0
BRDA:129,14,0,0
BRDA:129,15,0,0
BRDA:129,15,1,0
BRDA:133,16,0,0
BRDA:133,16,1,0
BRDA:133,17,0,0
BRDA:133,17,1,0
BRDA:134,18,0,0
BRDA:134,18,1,0
BRDA:134,19,0,0
BRDA:134,19,1,0
BRDA:135,20,0,0
BRDA:135,21,0,0
BRDA:135,21,1,0
BRDA:137,22,0,0
BRDA:137,22,1,0
BRDA:137,22,2,0
BRDA:137,22,3,0
BRDA:248,23,0,0
BRDA:248,23,1,0
BRDA:253,24,0,0
BRDA:253,24,1,0
BRDA:253,25,0,0
BRDA:253,25,1,0
BRDA:253,25,2,0
BRDA:284,26,0,0
BRDA:284,26,1,0
BRDA:301,27,0,0
BRDA:301,27,1,0
BRDA:311,28,0,0
BRDA:311,28,1,0
BRDA:311,28,2,0
BRDA:320,29,0,0
BRDA:320,29,1,0
BRDA:321,30,0,0
BRDA:321,30,1,0
BRF:64
BRH:0
end_of_record
TN:
SF:resources/js/pages/Student/Homework/Show.tsx
FN:58,Show
FN:67,(anonymous_11)
FN:72,(anonymous_12)
FN:83,(anonymous_13)
FN:90,(anonymous_14)
FN:94,(anonymous_15)
FN:101,(anonymous_16)
FN:221,(anonymous_17)
FN:244,(anonymous_18)
FN:258,(anonymous_19)
FNF:10
FNH:0
FNDA:0,Show
FNDA:0,(anonymous_11)
FNDA:0,(anonymous_12)
FNDA:0,(anonymous_13)
FNDA:0,(anonymous_14)
FNDA:0,(anonymous_15)
FNDA:0,(anonymous_16)
FNDA:0,(anonymous_17)
FNDA:0,(anonymous_18)
FNDA:0,(anonymous_19)
DA:1,0
DA:2,0
DA:4,0
DA:5,0
DA:6,0
DA:14,0
DA:15,0
DA:16,0
DA:17,0
DA:18,0
DA:27,0
DA:58,0
DA:59,0
DA:61,0
DA:67,0
DA:68,0
DA:72,0
DA:73,0
DA:83,0
DA:84,0
DA:85,0
DA:86,0
DA:90,0
DA:91,0
DA:92,0
DA:95,0
DA:101,0
DA:102,0
DA:104,0
DA:106,0
DA:108,0
DA:112,0
DA:221,0
DA:244,0
DA:259,0
DA:260,0
LF:36
LH:0
BRDA:62,0,0,0
BRDA:62,0,1,0
BRDA:84,1,0,0
BRDA:84,1,1,0
BRDA:102,2,0,0
BRDA:102,2,1,0
BRDA:102,2,2,0
BRDA:135,3,0,0
BRDA:135,3,1,0
BRDA:140,4,0,0
BRDA:140,4,1,0
BRDA:144,5,0,0
BRDA:144,5,1,0
BRDA:146,6,0,0
BRDA:146,6,1,0
BRDA:161,7,0,0
BRDA:161,7,1,0
BRDA:177,8,0,0
BRDA:177,8,1,0
BRDA:177,8,2,0
BRDA:191,9,0,0
BRDA:191,9,1,0
BRDA:201,10,0,0
BRDA:201,10,1,0
BRDA:205,11,0,0
BRDA:205,11,1,0
BRDA:208,12,0,0
BRDA:208,12,1,0
BRDA:226,13,0,0
BRDA:226,13,1,0
BRDA:248,14,0,0
BRDA:248,14,1,0
BRDA:250,15,0,0
BRDA:250,15,1,0
BRDA:269,16,0,0
BRDA:269,16,1,0
BRDA:281,17,0,0
BRDA:281,17,1,0
BRDA:297,18,0,0
BRDA:297,18,1,0
BRDA:311,19,0,0
BRDA:311,19,1,0
BRDA:325,20,0,0
BRDA:325,20,1,0
BRDA:347,21,0,0
BRDA:347,21,1,0
BRF:46
BRH:0
end_of_record
TN:
SF:resources/js/pages/Student/Materials/Index.tsx
FN:75,Index
FN:89,(anonymous_11)
FN:98,(anonymous_12)
FN:112,(anonymous_13)
FN:115,(anonymous_14)
FN:213,(anonymous_15)
FN:257,(anonymous_16)
FN:270,(anonymous_17)
FN:301,(anonymous_18)
FN:372,(anonymous_19)
FNF:10
FNH:0
FNDA:0,Index
FNDA:0,(anonymous_11)
FNDA:0,(anonymous_12)
FNDA:0,(anonymous_13)
FNDA:0,(anonymous_14)
FNDA:0,(anonymous_15)
FNDA:0,(anonymous_16)
FNDA:0,(anonymous_17)
FNDA:0,(anonymous_18)
FNDA:0,(anonymous_19)
DA:1,0
DA:2,0
DA:4,0
DA:5,0
DA:6,0
DA:14,0
DA:22,0
DA:23,0
DA:31,0
DA:38,0
DA:75,0
DA:83,0
DA:84,0
DA:85,0
DA:86,0
DA:89,0
DA:90,0
DA:98,0
DA:99,0
DA:101,0
DA:103,0
DA:105,0
DA:107,0
DA:112,0
DA:115,0
DA:117,0
DA:122,0
DA:125,0
DA:128,0
DA:129,0
DA:130,0
DA:131,0
DA:133,0
DA:136,0
DA:214,0
DA:257,0
DA:271,0
DA:302,0
DA:373,0
LF:39
LH:0
BRDA:99,0,0,0
BRDA:99,0,1,0
BRDA:99,0,2,0
BRDA:99,0,3,0
BRDA:117,1,0,0
BRDA:117,1,1,0
BRDA:117,1,2,0
BRDA:122,2,0,0
BRDA:122,2,1,0
BRDA:125,3,0,0
BRDA:125,3,1,0
BRDA:129,4,0,0
BRDA:129,4,1,0
BRDA:130,5,0,0
BRDA:130,5,1,0
BRDA:131,6,0,0
BRDA:133,7,0,0
BRDA:133,7,1,0
BRDA:133,7,2,0
BRDA:133,7,3,0
BRDA:205,8,0,0
BRDA:205,8,1,0
BRDA:305,9,0,0
BRDA:305,9,1,0
BRDA:320,10,0,0
BRDA:320,10,1,0
BRDA:343,11,0,0
BRDA:343,11,1,0
BRDA:348,12,0,0
BRDA:348,12,1,0
BRDA:353,13,0,0
BRDA:353,13,1,0
BRDA:353,14,0,0
BRDA:353,14,1,0
BRDA:353,14,2,0
BRDA:388,15,0,0
BRDA:388,15,1,0
BRDA:414,16,0,0
BRDA:414,16,1,0
BRF:39
BRH:0
end_of_record
TN:
SF:resources/js/pages/Student/Materials/Show.tsx
FN:54,Show
FN:56,(anonymous_2)
FN:65,(anonymous_3)
FN:79,(anonymous_4)
FN:281,(anonymous_5)
FNF:5
FNH:0
FNDA:0,Show
FNDA:0,(anonymous_2)
FNDA:0,(anonymous_3)
FNDA:0,(anonymous_4)
FNDA:0,(anonymous_5)
DA:1,0
DA:2,0
DA:4,0
DA:5,0
DA:6,0
DA:14,0
DA:54,0
DA:56,0
DA:57,0
DA:65,0
DA:66,0
DA:68,0
DA:70,0
DA:72,0
DA:74,0
DA:79,0
DA:80,0
DA:82,0
DA:83,0
DA:86,0
DA:87,0
DA:100,0
DA:103,0
DA:105,0
DA:106,0
DA:110,0
DA:121,0
DA:130,0
DA:131,0
DA:140,0
DA:143,0
DA:161,0
DA:167,0
DA:282,0
LF:34
LH:0
BRDA:66,0,0,0
BRDA:66,0,1,0
BRDA:66,0,2,0
BRDA:66,0,3,0
BRDA:80,1,0,0
BRDA:80,1,1,0
BRDA:80,1,2,0
BRDA:80,1,3,0
BRDA:82,2,0,0
BRDA:82,2,1,0
BRDA:86,3,0,0
BRDA:103,4,0,0
BRDA:103,4,1,0
BRDA:105,5,0,0
BRDA:105,5,1,0
BRDA:105,6,0,0
BRDA:105,6,1,0
BRDA:106,7,0,0
BRDA:106,7,1,0
BRDA:130,8,0,0
BRDA:149,9,0,0
BRDA:149,9,1,0
BRDA:162,10,0,0
BRDA:162,10,1,0
BRDA:189,11,0,0
BRDA:189,11,1,0
BRDA:234,12,0,0
BRDA:234,12,1,0
BRDA:254,13,0,0
BRDA:254,13,1,0
BRDA:271,14,0,0
BRDA:271,14,1,0
BRF:32
BRH:0
end_of_record
TN:
SF:resources/js/pages/Teacher/Dashboard.tsx
FN:76,Dashboard
FN:83,(anonymous_2)
FN:93,(anonymous_3)
FN:110,(anonymous_4)
FN:124,(anonymous_5)
FN:222,(anonymous_6)
FN:321,(anonymous_7)
FN:372,(anonymous_8)
FNF:8
FNH:0
FNDA:0,Dashboard
FNDA:0,(anonymous_2)
FNDA:0,(anonymous_3)
FNDA:0,(anonymous_4)
FNDA:0,(anonymous_5)
FNDA:0,(anonymous_6)
FNDA:0,(anonymous_7)
FNDA:0,(anonymous_8)
DA:1,0
DA:2,0
DA:4,0
DA:5,0
DA:6,0
DA:14,0
DA:15,0
DA:76,0
DA:83,0
DA:84,0
DA:85,0
DA:93,0
DA:94,0
DA:95,0
DA:96,0
DA:98,0
DA:99,0
DA:100,0
DA:101,0
DA:102,0
DA:103,0
DA:105,0
DA:110,0
DA:111,0
DA:113,0
DA:115,0
DA:117,0
DA:119,0
DA:124,0
DA:125,0
DA:127,0
DA:129,0
DA:131,0
DA:133,0
DA:135,0
DA:139,0
DA:223,0
DA:322,0
DA:373,0
LF:39
LH:0
BRDA:98,0,0,0
BRDA:98,0,1,0
BRDA:100,1,0,0
BRDA:100,1,1,0
BRDA:102,2,0,0
BRDA:102,2,1,0
BRDA:111,3,0,0
BRDA:111,3,1,0
BRDA:111,3,2,0
BRDA:111,3,3,0
BRDA:125,4,0,0
BRDA:125,4,1,0
BRDA:125,4,2,0
BRDA:125,4,3,0
BRDA:125,4,4,0
BRDA:220,5,0,0
BRDA:220,5,1,0
BRDA:225,6,0,0
BRDA:225,6,1,0
BRDA:319,7,0,0
BRDA:319,7,1,0
BRDA:319,8,0,0
BRDA:319,8,1,0
BRDA:329,9,0,0
BRDA:329,9,1,0
BRDA:340,10,0,0
BRDA:340,10,1,0
BRDA:370,11,0,0
BRDA:370,11,1,0
BRDA:375,12,0,0
BRDA:375,12,1,0
BRDA:419,13,0,0
BRDA:419,13,1,0
BRF:33
BRH:0
end_of_record
TN:
SF:resources/js/pages/Teacher/Courses/Create.tsx
FN:26,Create
FN:35,(anonymous_2)
FN:43,(anonymous_3)
FN:82,(anonymous_4)
FN:96,(anonymous_5)
FN:110,(anonymous_6)
FNF:6
FNH:0
FNDA:0,Create
FNDA:0,(anonymous_2)
FNDA:0,(anonymous_3)
FNDA:0,(anonymous_4)
FNDA:0,(anonymous_5)
FNDA:0,(anonymous_6)
DA:1,0
DA:2,0
DA:4,0
DA:5,0
DA:6,0
DA:14,0
DA:15,0
DA:16,0
DA:17,0
DA:24,0
DA:26,0
DA:27,0
DA:35,0
DA:36,0
DA:37,0
DA:43,0
DA:44,0
DA:45,0
DA:49,0
DA:82,0
DA:96,0
DA:110,0
LF:22
LH:0
BRDA:44,0,0,0
BRDA:44,1,0,0
BRDA:44,1,1,0
BRDA:83,2,0,0
BRDA:83,2,1,0
BRDA:86,3,0,0
BRDA:86,3,1,0
BRDA:98,4,0,0
BRDA:98,4,1,0
BRDA:101,5,0,0
BRDA:101,5,1,0
BRDA:112,6,0,0
BRDA:112,6,1,0
BRDA:121,7,0,0
BRDA:121,7,1,0
BRDA:136,8,0,0
BRDA:136,8,1,0
BRDA:138,9,0,0
BRDA:138,9,1,0
BRF:19
BRH:0
end_of_record
TN:
SF:resources/js/pages/Teacher/Courses/Edit.tsx
FN:38,Edit
FN:49,(anonymous_2)
FN:57,(anonymous_3)
FN:64,(anonymous_4)
FN:101,(anonymous_5)
FN:114,(anonymous_6)
FN:127,(anonymous_7)
FNF:7
FNH:0
FNDA:0,Edit
FNDA:0,(anonymous_2)
FNDA:0,(anonymous_3)
FNDA:0,(anonymous_4)
FNDA:0,(anonymous_5)
FNDA:0,(anonymous_6)
FNDA:0,(anonymous_7)
DA:1,0
DA:2,0
DA:4,0
DA:5,0
DA:6,0
DA:14,0
DA:15,0
DA:16,0
DA:17,0
DA:24,0
DA:38,0
DA:39,0
DA:49,0
DA:50,0
DA:51,0
DA:57,0
DA:58,0
DA:59,0
DA:64,0
DA:65,0
DA:68,0
DA:101,0
DA:114,0
DA:127,0
LF:24
LH:0
BRDA:58,0,0,0
BRDA:58,1,0,0
BRDA:58,1,1,0
BRDA:102,2,0,0
BRDA:102,2,1,0
BRDA:104,3,0,0
BRDA:104,3,1,0
BRDA:116,4,0,0
BRDA:116,4,1,0
BRDA:118,5,0,0
BRDA:118,5,1,0
BRDA:129,6,0,0
BRDA:129,6,1,0
BRDA:138,7,0,0
BRDA:138,7,1,0
BRDA:149,8,0,0
BRDA:149,8,1,0
BRDA:149,8,2,0
BRDA:171,9,0,0
BRDA:171,9,1,0
BRDA:171,9,2,0
BRDA:178,10,0,0
BRDA:178,10,1,0
BRDA:186,11,0,0
BRDA:186,11,1,0
BRDA:190,12,0,0
BRDA:190,12,1,0
BRF:27
BRH:0
end_of_record
TN:
SF:resources/js/pages/Teacher/Courses/Index.tsx
FN:41,Index
FN:48,(anonymous_11)
FN:57,(anonymous_12)
FN:73,(anonymous_13)
FN:90,(anonymous_14)
FN:123,(anonymous_15)
FN:133,(anonymous_16)
FN:160,(anonymous_17)
FNF:8
FNH:0
FNDA:0,Index
FNDA:0,(anonymous_11)
FNDA:0,(anonymous_12)
FNDA:0,(anonymous_13)
FNDA:0,(anonymous_14)
FNDA:0,(anonymous_15)
FNDA:0,(anonymous_16)
FNDA:0,(anonymous_17)
DA:1,0
DA:2,0
DA:4,0
DA:5,0
DA:6,0
DA:7,0
DA:8,0
DA:9,0
DA:16,0
DA:41,0
DA:42,0
DA:43,0
DA:44,0
DA:45,0
DA:48,0
DA:49,0
DA:57,0
DA:58,0
DA:60,0
DA:62,0
DA:64,0
DA:66,0
DA:68,0
DA:73,0
DA:74,0
DA:90,0
DA:91,0
DA:92,0
DA:93,0
DA:94,0
DA:96,0
DA:106,0
DA:123,0
DA:134,0
DA:161,0
LF:35
LH:0
BRDA:42,0,0,0
BRDA:42,0,1,0
BRDA:43,1,0,0
BRDA:43,1,1,0
BRDA:44,2,0,0
BRDA:44,2,1,0
BRDA:45,3,0,0
BRDA:45,3,1,0
BRDA:58,4,0,0
BRDA:58,4,1,0
BRDA:58,4,2,0
BRDA:58,4,3,0
BRDA:58,4,4,0
BRDA:152,5,0,0
BRDA:152,5,1,0
BRF:15
BRH:0
end_of_record
TN:
SF:resources/js/pages/Teacher/Courses/Show.tsx
FN:96,Show
FN:100,(anonymous_11)
FN:109,(anonymous_12)
FN:122,(anonymous_13)
FN:178,(anonymous_14)
FN:284,(anonymous_15)
FN:362,(anonymous_16)
FN:436,(anonymous_17)
FN:505,(anonymous_18)
FNF:9
FNH:0
FNDA:0,Show
FNDA:0,(anonymous_11)
FNDA:0,(anonymous_12)
FNDA:0,(anonymous_13)
FNDA:0,(anonymous_14)
FNDA:0,(anonymous_15)
FNDA:0,(anonymous_16)
FNDA:0,(anonymous_17)
FNDA:0,(anonymous_18)
DA:1,0
DA:2,0
DA:4,0
DA:5,0
DA:6,0
DA:14,0
DA:15,0
DA:16,0
DA:30,0
DA:38,0
DA:96,0
DA:97,0
DA:98,0
DA:100,0
DA:101,0
DA:102,0
DA:109,0
DA:110,0
DA:112,0
DA:114,0
DA:116,0
DA:118,0
DA:122,0
DA:123,0
DA:125,0
DA:127,0
DA:129,0
DA:131,0
DA:135,0
DA:178,0
DA:285,0
DA:363,0
DA:437,0
DA:506,0
LF:34
LH:0
BRDA:110,0,0,0
BRDA:110,0,1,0
BRDA:110,0,2,0
BRDA:110,0,3,0
BRDA:123,1,0,0
BRDA:123,1,1,0
BRDA:123,1,2,0
BRDA:123,1,3,0
BRDA:191,2,0,0
BRDA:191,2,1,0
BRDA:271,3,0,0
BRDA:271,3,1,0
BRDA:348,4,0,0
BRDA:348,4,1,0
BRDA:424,5,0,0
BRDA:424,5,1,0
BRDA:467,6,0,0
BRDA:467,6,1,0
BRDA:493,7,0,0
BRDA:493,7,1,0
BRF:20
BRH:0
end_of_record
TN:
SF:resources/js/pages/Teacher/Homework/Create.tsx
FN:28,Create
FN:37,(anonymous_2)
FN:45,(anonymous_3)
FN:84,(anonymous_4)
FN:97,(anonymous_5)
FN:115,(anonymous_6)
FNF:6
FNH:0
FNDA:0,Create
FNDA:0,(anonymous_2)
FNDA:0,(anonymous_3)
FNDA:0,(anonymous_4)
FNDA:0,(anonymous_5)
FNDA:0,(anonymous_6)
DA:1,0
DA:2,0
DA:4,0
DA:5,0
DA:6,0
DA:14,0
DA:15,0
DA:16,0
DA:17,0
DA:28,0
DA:29,0
DA:37,0
DA:38,0
DA:39,0
DA:45,0
DA:46,0
DA:47,0
DA:51,0
DA:84,0
DA:97,0
DA:115,0
LF:21
LH:0
BRDA:46,0,0,0
BRDA:46,1,0,0
BRDA:46,1,1,0
BRDA:85,2,0,0
BRDA:85,2,1,0
BRDA:87,3,0,0
BRDA:87,3,1,0
BRDA:99,4,0,0
BRDA:99,4,1,0
BRDA:102,5,0,0
BRDA:102,5,1,0
BRDA:116,6,0,0
BRDA:116,6,1,0
BRDA:119,7,0,0
BRDA:119,7,1,0
BRDA:130,8,0,0
BRDA:130,8,1,0
BRDA:132,9,0,0
BRDA:132,9,1,0
BRDA:135,10,0,0
BRDA:135,10,1,0
BRF:21
BRH:0
end_of_record
TN:
SF:resources/js/pages/Teacher/Homework/Edit.tsx
FN:39,Edit
FN:50,(anonymous_2)
FN:58,(anonymous_3)
FN:65,(anonymous_4)
FN:102,(anonymous_5)
FN:115,(anonymous_6)
FN:132,(anonymous_7)
FNF:7
FNH:0
FNDA:0,Edit
FNDA:0,(anonymous_2)
FNDA:0,(anonymous_3)
FNDA:0,(anonymous_4)
FNDA:0,(anonymous_5)
FNDA:0,(anonymous_6)
FNDA:0,(anonymous_7)
DA:1,0
DA:2,0
DA:4,0
DA:5,0
DA:6,0
DA:14,0
DA:15,0
DA:16,0
DA:18,0
DA:39,0
DA:40,0
DA:50,0
DA:51,0
DA:52,0
DA:58,0
DA:59,0
DA:60,0
DA:65,0
DA:66,0
DA:69,0
DA:102,0
DA:115,0
DA:132,0
LF:23
LH:0
BRDA:44,0,0,0
BRDA:44,0,1,0
BRDA:59,1,0,0
BRDA:59,2,0,0
BRDA:59,2,1,0
BRDA:103,3,0,0
BRDA:103,3,1,0
BRDA:105,4,0,0
BRDA:105,4,1,0
BRDA:117,5,0,0
BRDA:117,5,1,0
BRDA:119,6,0,0
BRDA:119,6,1,0
BRDA:133,7,0,0
BRDA:133,7,1,0
BRDA:136,8,0,0
BRDA:136,8,1,0
BRDA:144,9,0,0
BRDA:144,9,1,0
BRDA:144,9,2,0
BRDA:160,10,0,0
BRDA:160,10,1,0
BRDA:160,10,2,0
BRDA:166,11,0,0
BRDA:166,11,1,0
BRDA:174,12,0,0
BRDA:174,12,1,0
BRDA:178,13,0,0
BRDA:178,13,1,0
BRF:29
BRH:0
end_of_record
TN:
SF:resources/js/pages/Teacher/Homework/Index.tsx
FN:52,Index
FN:56,(anonymous_11)
FN:65,(anonymous_12)
FN:70,(anonymous_13)
FN:110,(anonymous_14)
FN:155,(anonymous_15)
FNF:6
FNH:0
FNDA:0,Index
FNDA:0,(anonymous_11)
FNDA:0,(anonymous_12)
FNDA:0,(anonymous_13)
FNDA:0,(anonymous_14)
FNDA:0,(anonymous_15)
DA:1,0
DA:2,0
DA:4,0
DA:5,0
DA:6,0
DA:14,0
DA:22,0
DA:23,0
DA:52,0
DA:53,0
DA:56,0
DA:57,0
DA:65,0
DA:66,0
DA:70,0
DA:71,0
DA:75,0
DA:110,0
DA:156,0
LF:19
LH:0
BRDA:71,0,0,0
BRDA:71,0,1,0
BRDA:115,1,0,0
BRDA:115,1,1,0
BRDA:117,2,0,0
BRDA:117,2,1,0
BRDA:140,3,0,0
BRDA:140,3,1,0
BRDA:161,4,0,0
BRDA:161,4,1,0
BRDA:164,5,0,0
BRDA:164,5,1,0
BRF:12
BRH:0
end_of_record
TN:
SF:resources/js/pages/Teacher/Homework/PendingReviews.tsx
FN:61,PendingReviews
FN:63,(anonymous_2)
FN:92,(anonymous_3)
FN:102,(anonymous_4)
FN:116,(anonymous_5)
FN:153,(anonymous_6)
FN:168,(anonymous_7)
FNF:7
FNH:0
FNDA:0,PendingReviews
FNDA:0,(anonymous_2)
FNDA:0,(anonymous_3)
FNDA:0,(anonymous_4)
FNDA:0,(anonymous_5)
FNDA:0,(anonymous_6)
FNDA:0,(anonymous_7)
DA:1,0
DA:2,0
DA:4,0
DA:5,0
DA:6,0
DA:14,0
DA:15,0
DA:24,0
DA:61,0
DA:63,0
DA:64,0
DA:65,0
DA:74,0
DA:93,0
DA:103,0
DA:117,0
DA:154,0
DA:169,0
LF:18
LH:0
BRDA:87,0,0,0
BRDA:87,0,1,0
BRF:2
BRH:0
end_of_record
TN:
SF:resources/js/pages/Teacher/Homework/Show.tsx
FN:83,Show
FN:93,(anonymous_11)
FN:102,(anonymous_12)
FN:113,(anonymous_13)
FN:118,(anonymous_14)
FN:128,(anonymous_15)
FN:133,(anonymous_16)
FN:142,(anonymous_17)
FN:146,(anonymous_18)
FN:258,(anonymous_19)
FN:297,(anonymous_20)
FN:333,(anonymous_21)
FN:372,(anonymous_22)
FN:438,(anonymous_23)
FN:451,(anonymous_24)
FN:462,(anonymous_25)
FNF:16
FNH:0
FNDA:0,Show
FNDA:0,(anonymous_11)
FNDA:0,(anonymous_12)
FNDA:0,(anonymous_13)
FNDA:0,(anonymous_14)
FNDA:0,(anonymous_15)
FNDA:0,(anonymous_16)
FNDA:0,(anonymous_17)
FNDA:0,(anonymous_18)
FNDA:0,(anonymous_19)
FNDA:0,(anonymous_20)
FNDA:0,(anonymous_21)
FNDA:0,(anonymous_22)
FNDA:0,(anonymous_23)
FNDA:0,(anonymous_24)
FNDA:0,(anonymous_25)
DA:1,0
DA:2,0
DA:4,0
DA:5,0
DA:6,0
DA:14,0
DA:23,0
DA:31,0
DA:32,0
DA:33,0
DA:34,0
DA:83,0
DA:84,0
DA:85,0
DA:87,0
DA:93,0
DA:94,0
DA:102,0
DA:103,0
DA:113,0
DA:114,0
DA:118,0
DA:119,0
DA:120,0
DA:124,0
DA:128,0
DA:129,0
DA:130,0
DA:132,0
DA:134,0
DA:135,0
DA:141,0
DA:142,0
DA:145,0
DA:146,0
DA:149,0
DA:259,0
DA:297,0
DA:334,0
DA:372,0
DA:438,0
DA:451,0
DA:462,0
LF:43
LH:0
BRDA:121,0,0,0
BRDA:121,0,1,0
BRDA:122,1,0,0
BRDA:122,1,1,0
BRDA:130,2,0,0
BRDA:181,3,0,0
BRDA:181,3,1,0
BRDA:191,4,0,0
BRDA:191,4,1,0
BRDA:214,5,0,0
BRDA:214,5,1,0
BRDA:224,6,0,0
BRDA:224,6,1,0
BRDA:236,7,0,0
BRDA:236,7,1,0
BRDA:275,8,0,0
BRDA:275,8,1,0
BRDA:281,9,0,0
BRDA:281,9,1,0
BRDA:310,10,0,0
BRDA:310,10,1,0
BRDA:350,11,0,0
BRDA:350,11,1,0
BRDA:361,12,0,0
BRDA:361,12,1,0
BRDA:392,13,0,0
BRDA:392,13,1,0
BRDA:403,14,0,0
BRDA:403,14,1,0
BRDA:421,15,0,0
BRDA:421,15,1,0
BRDA:422,16,0,0
BRDA:422,16,1,0
BRDA:422,16,2,0
BRDA:439,17,0,0
BRDA:439,17,1,0
BRDA:441,18,0,0
BRDA:441,18,1,0
BRDA:453,19,0,0
BRDA:453,19,1,0
BRDA:455,20,0,0
BRDA:455,20,1,0
BRDA:466,21,0,0
BRDA:466,21,1,0
BRF:44
BRH:0
end_of_record
TN:
SF:resources/js/pages/Teacher/Materials/AllMaterials.tsx
FN:46,AllMaterials
FN:50,(anonymous_11)
FN:52,(anonymous_12)
FN:56,(anonymous_13)
FN:59,(anonymous_14)
FN:62,(anonymous_15)
FN:63,(anonymous_16)
FN:67,(anonymous_17)
FN:81,(anonymous_18)
FN:104,(anonymous_19)
FN:113,(anonymous_20)
FN:123,(anonymous_21)
FN:143,(anonymous_22)
FN:193,(anonymous_23)
FN:213,(anonymous_24)
FN:217,(anonymous_25)
FN:219,(anonymous_26)
FN:221,(anonymous_27)
FN:222,(anonymous_28)
FN:242,(anonymous_29)
FNF:20
FNH:0
FNDA:0,AllMaterials
FNDA:0,(anonymous_11)
FNDA:0,(anonymous_12)
FNDA:0,(anonymous_13)
FNDA:0,(anonymous_14)
FNDA:0,(anonymous_15)
FNDA:0,(anonymous_16)
FNDA:0,(anonymous_17)
FNDA:0,(anonymous_18)
FNDA:0,(anonymous_19)
FNDA:0,(anonymous_20)
FNDA:0,(anonymous_21)
FNDA:0,(anonymous_22)
FNDA:0,(anonymous_23)
FNDA:0,(anonymous_24)
FNDA:0,(anonymous_25)
FNDA:0,(anonymous_26)
FNDA:0,(anonymous_27)
FNDA:0,(anonymous_28)
FNDA:0,(anonymous_29)
DA:1,0
DA:2,0
DA:4,0
DA:5,0
DA:13,0
DA:14,0
DA:15,0
DA:16,0
DA:17,0
DA:46,0
DA:47,0
DA:50,0
DA:53,0
DA:56,0
DA:59,0
DA:62,0
DA:63,0
DA:67,0
DA:68,0
DA:70,0
DA:72,0
DA:74,0
DA:76,0
DA:81,0
DA:82,0
DA:83,0
DA:90,0
DA:104,0
DA:114,0
DA:124,0
DA:144,0
DA:193,0
DA:214,0
DA:217,0
DA:219,0
DA:221,0
DA:223,0
DA:243,0
LF:38
LH:0
BRDA:53,0,0,0
BRDA:53,0,1,0
BRDA:68,1,0,0
BRDA:68,1,1,0
BRDA:68,1,2,0
BRDA:68,1,3,0
BRDA:121,2,0,0
BRDA:121,2,1,0
BRDA:138,3,0,0
BRDA:138,3,1,0
BRDA:154,4,0,0
BRDA:154,4,1,0
BRDA:155,5,0,0
BRDA:155,5,1,0
BRDA:187,6,0,0
BRDA:187,6,1,0
BRDA:201,7,0,0
BRDA:201,7,1,0
BRDA:237,8,0,0
BRDA:237,8,1,0
BRDA:253,9,0,0
BRDA:253,9,1,0
BRDA:254,10,0,0
BRDA:254,10,1,0
BRF:24
BRH:0
end_of_record
TN:
SF:resources/js/pages/Teacher/Materials/Create.tsx
FN:36,Create
FN:47,(anonymous_2)
FN:55,(anonymous_3)
FN:100,(anonymous_4)
FN:114,(anonymous_5)
FN:128,(anonymous_6)
FN:204,(anonymous_7)
FN:224,(anonymous_8)
FNF:8
FNH:0
FNDA:0,Create
FNDA:0,(anonymous_2)
FNDA:0,(anonymous_3)
FNDA:0,(anonymous_4)
FNDA:0,(anonymous_5)
FNDA:0,(anonymous_6)
FNDA:0,(anonymous_7)
FNDA:0,(anonymous_8)
DA:1,0
DA:2,0
DA:4,0
DA:5,0
DA:6,0
DA:14,0
DA:15,0
DA:16,0
DA:17,0
DA:24,0
DA:25,0
DA:36,0
DA:37,0
DA:47,0
DA:48,0
DA:49,0
DA:55,0
DA:56,0
DA:57,0
DA:62,0
DA:65,0
DA:67,0
DA:100,0
DA:114,0
DA:128,0
DA:204,0
DA:224,0
LF:27
LH:0
BRDA:56,0,0,0
BRDA:56,1,0,0
BRDA:56,1,1,0
BRDA:62,2,0,0
BRDA:62,2,1,0
BRDA:62,2,2,0
BRDA:65,3,0,0
BRDA:65,3,1,0
BRDA:101,4,0,0
BRDA:101,4,1,0
BRDA:104,5,0,0
BRDA:104,5,1,0
BRDA:116,6,0,0
BRDA:116,6,1,0
BRDA:119,7,0,0
BRDA:119,7,1,0
BRDA:130,8,0,0
BRDA:130,8,1,0
BRDA:166,9,0,0
BRDA:166,9,1,0
BRDA:171,10,0,0
BRDA:171,10,1,0
BRDA:178,11,0,0
BRDA:178,11,1,0
BRDA:180,12,0,0
BRDA:180,12,1,0
BRDA:183,13,0,0
BRDA:183,13,1,0
BRDA:196,14,0,0
BRDA:196,14,1,0
BRDA:199,15,0,0
BRDA:199,15,1,0
BRDA:205,16,0,0
BRDA:205,16,1,0
BRDA:206,17,0,0
BRDA:206,17,1,0
BRDA:208,18,0,0
BRDA:208,18,1,0
BRDA:213,19,0,0
BRDA:213,19,1,0
BRDA:219,20,0,0
BRDA:219,20,1,0
BRDA:223,21,0,0
BRDA:223,21,1,0
BRDA:240,22,0,0
BRDA:240,22,1,0
BRF:46
BRH:0
end_of_record
TN:
SF:resources/js/pages/Teacher/Materials/Edit.tsx
FN:46,Edit
FN:57,(anonymous_2)
FN:65,(anonymous_3)
FN:72,(anonymous_4)
FN:110,(anonymous_5)
FN:123,(anonymous_6)
FN:136,(anonymous_7)
FN:206,(anonymous_8)
FNF:8
FNH:0
FNDA:0,Edit
FNDA:0,(anonymous_2)
FNDA:0,(anonymous_3)
FNDA:0,(anonymous_4)
FNDA:0,(anonymous_5)
FNDA:0,(anonymous_6)
FNDA:0,(anonymous_7)
FNDA:0,(anonymous_8)
DA:1,0
DA:2,0
DA:4,0
DA:5,0
DA:6,0
DA:14,0
DA:15,0
DA:16,0
DA:17,0
DA:24,0
DA:46,0
DA:47,0
DA:57,0
DA:58,0
DA:59,0
DA:65,0
DA:66,0
DA:67,0
DA:72,0
DA:73,0
DA:74,0
DA:77,0
DA:110,0
DA:123,0
DA:136,0
DA:206,0
LF:26
LH:0
BRDA:52,0,0,0
BRDA:52,0,1,0
BRDA:66,1,0,0
BRDA:66,2,0,0
BRDA:66,2,1,0
BRDA:73,3,0,0
BRDA:74,4,0,0
BRDA:74,4,1,0
BRDA:111,5,0,0
BRDA:111,5,1,0
BRDA:113,6,0,0
BRDA:113,6,1,0
BRDA:125,7,0,0
BRDA:125,7,1,0
BRDA:127,8,0,0
BRDA:127,8,1,0
BRDA:138,9,0,0
BRDA:138,9,1,0
BRDA:162,10,0,0
BRDA:162,10,1,0
BRDA:167,11,0,0
BRDA:167,11,1,0
BRDA:167,11,2,0
BRDA:174,12,0,0
BRDA:174,12,1,0
BRDA:176,13,0,0
BRDA:176,13,1,0
BRDA:179,14,0,0
BRDA:179,14,1,0
BRDA:189,15,0,0
BRDA:189,15,1,0
BRDA:193,16,0,0
BRDA:193,16,1,0
BRDA:199,17,0,0
BRDA:199,17,1,0
BRDA:208,18,0,0
BRDA:208,18,1,0
BRDA:210,19,0,0
BRDA:210,19,1,0
BRF:39
BRH:0
end_of_record
TN:
SF:resources/js/pages/Teacher/Materials/Index.tsx
FN:55,Index
FN:59,(anonymous_11)
FN:68,(anonymous_12)
FN:82,(anonymous_13)
FN:96,(anonymous_14)
FN:136,(anonymous_15)
FN:181,(anonymous_16)
FNF:7
FNH:0
FNDA:0,Index
FNDA:0,(anonymous_11)
FNDA:0,(anonymous_12)
FNDA:0,(anonymous_13)
FNDA:0,(anonymous_14)
FNDA:0,(anonymous_15)
FNDA:0,(anonymous_16)
DA:1,0
DA:2,0
DA:4,0
DA:6,0
DA:7,0
DA:15,0
DA:23,0
DA:25,0
DA:55,0
DA:56,0
DA:59,0
DA:60,0
DA:68,0
DA:69,0
DA:71,0
DA:73,0
DA:75,0
DA:77,0
DA:82,0
DA:83,0
DA:85,0
DA:87,0
DA:89,0
DA:91,0
DA:96,0
DA:97,0
DA:101,0
DA:136,0
DA:182,0
LF:29
LH:0
BRDA:69,0,0,0
BRDA:69,0,1,0
BRDA:69,0,2,0
BRDA:69,0,3,0
BRDA:83,1,0,0
BRDA:83,1,1,0
BRDA:83,1,2,0
BRDA:83,1,3,0
BRDA:97,2,0,0
BRDA:97,2,1,0
BRDA:141,3,0,0
BRDA:141,3,1,0
BRDA:143,4,0,0
BRDA:143,4,1,0
BRDA:166,5,0,0
BRDA:166,5,1,0
BRF:16
BRH:0
end_of_record
TN:
SF:resources/js/pages/Teacher/Materials/Show.tsx
FN:55,Show
FN:59,(anonymous_11)
FN:68,(anonymous_12)
FN:82,(anonymous_13)
FN:96,(anonymous_14)
FN:98,(anonymous_15)
FN:131,(anonymous_16)
FN:260,(anonymous_17)
FNF:8
FNH:0
FNDA:0,Show
FNDA:0,(anonymous_11)
FNDA:0,(anonymous_12)
FNDA:0,(anonymous_13)
FNDA:0,(anonymous_14)
FNDA:0,(anonymous_15)
FNDA:0,(anonymous_16)
FNDA:0,(anonymous_17)
DA:1,0
DA:2,0
DA:4,0
DA:6,0
DA:7,0
DA:15,0
DA:24,0
DA:55,0
DA:56,0
DA:59,0
DA:60,0
DA:68,0
DA:69,0
DA:71,0
DA:73,0
DA:75,0
DA:77,0
DA:82,0
DA:83,0
DA:85,0
DA:87,0
DA:89,0
DA:91,0
DA:96,0
DA:97,0
DA:104,0
DA:131,0
DA:260,0
LF:28
LH:0
BRDA:69,0,0,0
BRDA:69,0,1,0
BRDA:69,0,2,0
BRDA:69,0,3,0
BRDA:83,1,0,0
BRDA:83,1,1,0
BRDA:83,1,2,0
BRDA:83,1,3,0
BRDA:157,2,0,0
BRDA:157,2,1,0
BRDA:157,2,2,0
BRDA:177,3,0,0
BRDA:177,3,1,0
BRDA:177,3,2,0
BRDA:177,3,3,0
BRDA:181,4,0,0
BRDA:181,4,1,0
BRDA:196,5,0,0
BRDA:196,5,1,0
BRDA:209,6,0,0
BRDA:209,6,1,0
BRDA:209,6,2,0
BRDA:228,7,0,0
BRDA:228,7,1,0
BRDA:228,7,2,0
BRF:25
BRH:0
end_of_record
TN:
SF:resources/js/pages/Todos/Create.tsx
FN:13,Create
FN:20,(anonymous_2)
FN:23,(anonymous_3)
FN:61,(anonymous_4)
FN:81,(anonymous_5)
FN:96,(anonymous_6)
FNF:6
FNH:0
FNDA:0,Create
FNDA:0,(anonymous_2)
FNDA:0,(anonymous_3)
FNDA:0,(anonymous_4)
FNDA:0,(anonymous_5)
FNDA:0,(anonymous_6)
DA:1,0
DA:2,0
DA:3,0
DA:4,0
DA:13,0
DA:14,0
DA:20,0
DA:21,0
DA:22,0
DA:23,0
DA:27,0
DA:61,0
DA:81,0
DA:96,0
LF:14
LH:0
BRDA:33,0,0,0
BRDA:33,0,1,0
BRDA:34,1,0,0
BRDA:34,1,1,0
BRDA:66,2,0,0
BRDA:66,2,1,0
BRDA:85,3,0,0
BRDA:85,3,1,0
BRDA:121,4,0,0
BRDA:121,4,1,0
BRF:10
BRH:0
end_of_record
TN:
SF:resources/js/pages/Todos/Edit.tsx
FN:23,Edit
FN:30,(anonymous_2)
FN:69,(anonymous_3)
FN:88,(anonymous_4)
FN:103,(anonymous_5)
FNF:5
FNH:0
FNDA:0,Edit
FNDA:0,(anonymous_2)
FNDA:0,(anonymous_3)
FNDA:0,(anonymous_4)
FNDA:0,(anonymous_5)
DA:1,0
DA:2,0
DA:3,0
DA:4,0
DA:23,0
DA:24,0
DA:30,0
DA:31,0
DA:32,0
DA:35,0
DA:69,0
DA:88,0
DA:103,0
LF:13
LH:0
BRDA:26,0,0,0
BRDA:26,0,1,0
BRDA:41,1,0,0
BRDA:41,1,1,0
BRDA:42,2,0,0
BRDA:42,2,1,0
BRDA:73,3,0,0
BRDA:73,3,1,0
BRDA:92,4,0,0
BRDA:92,4,1,0
BRDA:128,5,0,0
BRDA:128,5,1,0
BRF:12
BRH:0
end_of_record
TN:
SF:resources/js/pages/Todos/Index.tsx
FN:24,Index
FN:27,(anonymous_11)
FN:37,(anonymous_12)
FN:68,(anonymous_13)
FN:83,(anonymous_14)
FNF:5
FNH:0
FNDA:0,Index
FNDA:0,(anonymous_11)
FNDA:0,(anonymous_12)
FNDA:0,(anonymous_13)
FNDA:0,(anonymous_14)
DA:1,0
DA:2,0
DA:3,0
DA:4,0
DA:5,0
DA:24,0
DA:25,0
DA:27,0
DA:28,0
DA:30,0
DA:32,0
DA:37,0
DA:41,0
DA:68,0
DA:84,0
LF:15
LH:0
BRDA:30,0,0,0
BRDA:47,1,0,0
BRDA:47,1,1,0
BRDA:48,2,0,0
BRDA:48,2,1,0
BRDA:82,3,0,0
BRDA:82,3,1,0
BRF:7
BRH:0
end_of_record
TN:
SF:resources/js/pages/Todos/Show.tsx
FN:23,Show
FN:24,(anonymous_2)
FN:28,(anonymous_3)
FN:34,(anonymous_4)
FNF:4
FNH:0
FNDA:0,Show
FNDA:0,(anonymous_2)
FNDA:0,(anonymous_3)
FNDA:0,(anonymous_4)
DA:1,0
DA:2,0
DA:3,0
DA:4,0
DA:23,0
DA:24,0
DA:25,0
DA:28,0
DA:29,0
DA:30,0
DA:34,0
DA:35,0
DA:36,0
DA:45,0
LF:14
LH:0
BRDA:29,0,0,0
BRDA:51,1,0,0
BRDA:51,1,1,0
BRDA:52,2,0,0
BRDA:52,2,1,0
BRDA:73,3,0,0
BRDA:73,3,1,0
BRDA:75,4,0,0
BRDA:75,4,1,0
BRDA:81,5,0,0
BRDA:81,5,1,0
BRDA:105,6,0,0
BRDA:105,6,1,0
BRDA:120,7,0,0
BRDA:120,7,1,0
BRF:15
BRH:0
end_of_record
TN:
SF:resources/js/pages/auth/confirm-password.tsx
FN:12,ConfirmPassword
FN:17,(anonymous_2)
FN:21,(anonymous_3)
FN:44,(anonymous_4)
FNF:4
FNH:0
FNDA:0,ConfirmPassword
FNDA:0,(anonymous_2)
FNDA:0,(anonymous_3)
FNDA:0,(anonymous_4)
DA:2,0
DA:3,0
DA:6,0
DA:7,0
DA:8,0
DA:9,0
DA:10,0
DA:12,0
DA:13,0
DA:17,0
DA:18,0
DA:20,0
DA:21,0
DA:25,0
DA:44,0
LF:15
LH:0
BRDA:52,0,0,0
BRDA:52,0,1,0
BRF:2
BRH:0
end_of_record
TN:
SF:resources/js/pages/auth/forgot-password.tsx
FN:13,ForgotPassword
FN:18,(anonymous_2)
FN:41,(anonymous_3)
FNF:3
FNH:0
FNDA:0,ForgotPassword
FNDA:0,(anonymous_2)
FNDA:0,(anonymous_3)
DA:2,0
DA:3,0
DA:6,0
DA:7,0
DA:8,0
DA:9,0
DA:10,0
DA:11,0
DA:13,0
DA:14,0
DA:18,0
DA:19,0
DA:21,0
DA:24,0
DA:41,0
LF:15
LH:0
BRDA:28,0,0,0
BRDA:28,0,1,0
BRDA:50,1,0,0
BRDA:50,1,1,0
BRF:4
BRH:0
end_of_record
TN:
SF:resources/js/pages/auth/login.tsx
FN:24,Login
FN:31,(anonymous_2)
FN:34,(anonymous_3)
FN:54,(anonymous_4)
FN:76,(anonymous_5)
FN:87,(anonymous_6)
FNF:6
FNH:0
FNDA:0,Login
FNDA:0,(anonymous_2)
FNDA:0,(anonymous_3)
FNDA:0,(anonymous_4)
FNDA:0,(anonymous_5)
FNDA:0,(anonymous_6)
DA:1,0
DA:2,0
DA:5,0
DA:6,0
DA:7,0
DA:8,0
DA:9,0
DA:10,0
DA:11,0
DA:24,0
DA:25,0
DA:31,0
DA:32,0
DA:33,0
DA:34,0
DA:38,0
DA:54,0
DA:76,0
DA:87,0
LF:19
LH:0
BRDA:63,0,0,0
BRDA:63,0,1,0
BRDA:94,1,0,0
BRDA:94,1,1,0
BRDA:107,2,0,0
BRDA:107,2,1,0
BRF:6
BRH:0
end_of_record
TN:
SF:resources/js/pages/auth/register.tsx
FN:19,Register
FN:27,(anonymous_2)
FN:30,(anonymous_3)
FN:49,(anonymous_4)
FN:65,(anonymous_5)
FN:81,(anonymous_6)
FN:97,(anonymous_7)
FNF:7
FNH:0
FNDA:0,Register
FNDA:0,(anonymous_2)
FNDA:0,(anonymous_3)
FNDA:0,(anonymous_4)
FNDA:0,(anonymous_5)
FNDA:0,(anonymous_6)
FNDA:0,(anonymous_7)
DA:1,0
DA:2,0
DA:5,0
DA:6,0
DA:7,0
DA:8,0
DA:9,0
DA:10,0
DA:19,0
DA:20,0
DA:27,0
DA:28,0
DA:29,0
DA:30,0
DA:34,0
DA:49,0
DA:65,0
DA:81,0
DA:97,0
LF:19
LH:0
BRDA:105,0,0,0
BRDA:105,0,1,0
BRF:2
BRH:0
end_of_record
TN:
SF:resources/js/pages/auth/reset-password.tsx
FN:23,ResetPassword
FN:31,(anonymous_2)
FN:34,(anonymous_3)
FN:54,(anonymous_4)
FN:69,(anonymous_5)
FN:84,(anonymous_6)
FNF:6
FNH:0
FNDA:0,ResetPassword
FNDA:0,(anonymous_2)
FNDA:0,(anonymous_3)
FNDA:0,(anonymous_4)
FNDA:0,(anonymous_5)
FNDA:0,(anonymous_6)
DA:1,0
DA:2,0
DA:5,0
DA:6,0
DA:7,0
DA:8,0
DA:9,0
DA:23,0
DA:24,0
DA:31,0
DA:32,0
DA:33,0
DA:34,0
DA:38,0
DA:54,0
DA:69,0
DA:84,0
LF:17
LH:0
BRDA:91,0,0,0
BRDA:91,0,1,0
BRF:2
BRH:0
end_of_record
TN:
SF:resources/js/pages/auth/verify-email.tsx
FN:10,VerifyEmail
FN:13,(anonymous_2)
FNF:2
FNH:0
FNDA:0,VerifyEmail
FNDA:0,(anonymous_2)
DA:2,0
DA:3,0
DA:6,0
DA:7,0
DA:8,0
DA:10,0
DA:11,0
DA:13,0
DA:14,0
DA:16,0
DA:19,0
LF:11
LH:0
BRDA:23,0,0,0
BRDA:23,0,1,0
BRDA:31,1,0,0
BRDA:31,1,1,0
BRF:4
BRH:0
end_of_record
TN:
SF:resources/js/pages/settings/appearance.tsx
FN:17,Appearance
FNF:1
FNH:0
FNDA:0,Appearance
DA:1,0
DA:3,0
DA:4,0
DA:7,0
DA:8,0
DA:10,0
DA:17,0
DA:18,0
LF:8
LH:0
BRF:0
BRH:0
end_of_record
TN:
SF:resources/js/pages/settings/password.tsx
FN:21,Password
FN:31,(anonymous_2)
FN:36,(anonymous_3)
FN:37,(anonymous_4)
FN:67,(anonymous_5)
FN:84,(anonymous_6)
FN:100,(anonymous_7)
FNF:7
FNH:0
FNDA:0,Password
FNDA:0,(anonymous_2)
FNDA:0,(anonymous_3)
FNDA:0,(anonymous_4)
FNDA:0,(anonymous_5)
FNDA:0,(anonymous_6)
FNDA:0,(anonymous_7)
DA:1,0
DA:2,0
DA:3,0
DA:5,0
DA:6,0
DA:7,0
DA:9,0
DA:10,0
DA:11,0
DA:12,0
DA:14,0
DA:21,0
DA:22,0
DA:23,0
DA:25,0
DA:31,0
DA:32,0
DA:34,0
DA:36,0
DA:38,0
DA:39,0
DA:40,0
DA:43,0
DA:44,0
DA:45,0
DA:51,0
DA:67,0
DA:84,0
DA:100,0
LF:29
LH:0
BRDA:38,0,0,0
BRDA:43,1,0,0
BRF:2
BRH:0
end_of_record
TN:
SF:resources/js/pages/settings/profile.tsx
FN:28,Profile
FN:36,(anonymous_2)
FN:44,(anonymous_3)
FN:69,(anonymous_4)
FN:89,(anonymous_5)
FN:106,(anonymous_6)
FNF:6
FNH:0
FNDA:0,Profile
FNDA:0,(anonymous_2)
FNDA:0,(anonymous_3)
FNDA:0,(anonymous_4)
FNDA:0,(anonymous_5)
FNDA:0,(anonymous_6)
DA:2,0
DA:3,0
DA:6,0
DA:7,0
DA:8,0
DA:9,0
DA:10,0
DA:11,0
DA:12,0
DA:13,0
DA:14,0
DA:16,0
DA:28,0
DA:29,0
DA:31,0
DA:36,0
DA:37,0
DA:39,0
DA:44,0
DA:45,0
DA:47,0
DA:49,0
DA:51,0
DA:53,0
DA:57,0
DA:70,0
DA:89,0
DA:106,0
LF:28
LH:0
BRDA:45,0,0,0
BRDA:45,0,1,0
BRDA:45,0,2,0
BRDA:45,0,3,0
BRDA:65,1,0,0
BRDA:65,1,1,0
BRDA:65,1,2,0
BRDA:115,2,0,0
BRDA:115,2,1,0
BRDA:115,2,2,0
BRDA:129,3,0,0
BRDA:129,3,1,0
BRF:12
BRH:0
end_of_record
TN:
SF:resources/js/types/global.d.ts
FNF:0
FNH:0
LF:0
LH:0
BRF:0
BRH:0
end_of_record
TN:
SF:resources/js/types/index.d.ts
FNF:0
FNH:0
LF:0
LH:0
BRF:0
BRH:0
end_of_record
TN:
SF:resources/js/types/vite-env.d.ts
FNF:0
FNH:0
LF:0
LH:0
BRF:0
BRH:0
end_of_record
